384,387,384,9,-1,-247,379,373,368,364,691,
384,387,384,7,0,-246,379,373,368,364,691,
384,387,384,8,-1,-247,381,373,368,364,691,
385,388,384,9,-2,-247,379,373,368,364,689,
384,388,384,9,0,-247,379,374,368,364,691,
384,387,384,9,-1,-246,379,374,368,364,691,
384,387,384,9,-1,-247,379,374,368,364,691,
385,387,384,9,-1,-246,380,375,372,367,691,
384,387,384,9,-1,-246,378,373,367,364,691,
384,387,384,9,-1,-246,379,373,367,363,691,
384,388,384,8,-1,-245,379,373,368,364,690,
384,387,383,9,-1,-245,379,373,368,364,690,
384,387,384,11,0,-246,379,373,368,364,691,
384,388,384,9,-1,-248,379,373,368,364,691,
384,387,384,8,-1,-246,380,375,372,366,691,
384,388,384,8,0,-246,378,373,367,364,691,
384,387,384,8,0,-245,379,373,367,363,691,
384,387,384,9,-2,-246,379,373,368,363,691,
384,387,383,8,-1,-247,379,373,368,364,691,
384,387,383,9,-2,-244,380,375,372,366,690,
384,387,384,8,-1,-247,378,373,367,364,690,
384,387,384,8,-1,-246,378,373,367,363,691,
384,388,384,10,-1,-246,378,373,368,363,691,
385,387,384,10,-1,-247,379,373,368,364,691,
384,388,384,9,-1,-247,379,373,368,364,691,
384,388,384,9,-1,-246,379,374,368,364,691,
384,387,384,9,-1,-244,379,373,371,366,689,
384,387,384,9,0,-245,379,374,367,364,691,
384,388,384,7,-1,-246,379,373,368,364,691,
384,387,384,8,0,-247,379,373,368,364,691,
384,387,383,9,-1,-246,379,373,368,364,689,
384,387,384,9,0,-246,379,374,368,364,691,
384,388,384,8,0,-247,379,374,368,364,691,
384,387,383,8,-1,-245,380,375,372,366,690,
384,388,383,7,0,-247,378,373,367,364,691,
384,387,384,8,1,-246,378,373,367,363,690,
385,388,384,8,0,-246,379,373,368,363,691,
384,387,383,8,-1,-248,378,373,368,364,690,
384,387,384,9,0,-247,380,375,371,366,691,
384,388,384,9,-1,-247,378,373,366,363,688,
385,388,384,10,-1,-244,378,373,367,363,691,
385,388,384,9,-1,-247,379,373,368,363,691,
384,387,383,8,-1,-246,378,373,368,364,691,
384,387,384,9,-1,-246,379,373,368,365,690,
384,388,384,8,-1,-246,379,373,367,363,691,
385,388,384,10,-2,-246,379,374,368,363,691,
384,387,384,7,-1,-248,379,374,368,364,691,
384,388,384,8,0,-246,379,374,368,364,691,
384,387,384,8,-1,-245,379,374,368,364,691,
384,387,384,8,-1,-246,379,374,368,364,691,
384,387,384,10,-1,-246,381,375,372,367,691,
385,388,384,9,-1,-246,378,373,367,364,691,
384,387,383,9,-2,-247,378,373,367,363,691,
385,387,384,8,-1,-245,379,373,368,363,691,
385,387,384,9,-1,-246,379,373,368,364,691,
385,388,384,9,0,-247,381,375,372,366,691,
384,388,384,7,0,-247,378,373,367,364,691,
384,387,384,9,-1,-247,378,373,367,363,691,
384,387,384,8,-1,-246,379,373,368,364,691,
384,387,384,9,-1,-246,379,373,368,364,691,
384,387,384,8,0,-245,379,373,368,364,689,
384,387,384,7,-1,-245,379,373,368,364,691,
384,387,384,8,0,-247,379,374,368,364,691,
384,388,383,8,-1,-246,379,373,368,364,690,
385,387,384,8,-1,-246,379,373,368,364,691,
384,388,384,8,-1,-246,379,373,368,364,691,
385,388,384,8,0,-246,379,373,368,364,691,
384,387,384,8,-1,-245,381,375,372,366,691,
384,387,384,9,-1,-248,377,373,367,364,689,
384,388,384,9,-1,-247,378,373,367,363,691,
385,387,384,9,-1,-248,379,373,368,363,691,
385,387,384,9,-1,-246,379,373,368,364,691,
385,387,384,8,0,-245,381,375,372,364,691,
384,387,384,9,-1,-248,378,373,368,364,691,
384,387,384,9,-1,-245,378,373,368,364,691,
385,388,384,9,-2,-247,379,373,368,364,691,
384,387,384,9,0,-246,379,373,368,364,691,
384,387,384,8,-1,-247,379,373,368,364,691,
384,388,383,8,-2,-246,378,373,368,364,691,
384,387,384,8,-1,-247,379,373,368,364,690,
384,387,384,9,-1,-245,379,373,368,364,691,
385,388,383,10,-1,-246,378,373,368,364,690,
384,387,384,9,-1,-246,381,375,372,366,691,
385,387,384,8,-1,-246,377,373,367,364,691,
385,387,384,7,0,-246,379,373,367,363,690,
384,387,384,8,-1,-246,379,373,368,364,691,
384,387,384,8,-1,-247,379,373,368,364,689,
384,387,384,8,-2,-246,379,373,368,364,691,
384,387,384,9,-1,-247,379,373,368,364,691,
384,387,384,7,-1,-245,379,373,368,364,691,
384,387,384,9,-1,-246,379,373,368,364,691,
384,387,384,8,0,-246,379,373,368,364,691,
384,387,384,9,-1,-248,379,373,368,364,691,
384,388,384,8,-1,-246,381,375,372,366,691,
384,387,384,8,-1,-245,378,373,367,364,691,
384,387,384,9,-1,-247,378,373,367,363,690,
384,388,384,9,-1,-245,379,373,368,364,691,
384,387,384,10,-2,-248,379,373,368,364,690,
384,387,384,8,-2,-246,379,373,368,364,691,
384,387,384,9,-1,-245,379,373,368,364,691,
385,388,384,8,-1,-245,379,373,368,364,691,
384,387,384,8,-1,-247,379,373,368,364,691,
385,386,383,9,0,-247,379,373,368,364,691,
384,388,384,8,0,-247,379,373,368,364,691,
384,388,383,9,-1,-245,378,373,368,364,691,
385,387,383,8,0,-245,380,375,372,366,691,
384,387,384,8,0,-246,378,373,367,364,689,
384,387,383,9,-1,-246,378,373,367,363,691,
384,387,383,8,0,-246,379,373,368,363,691,
384,388,384,8,-2,-245,379,373,368,364,691,
384,387,384,9,-1,-245,379,373,368,364,691,
384,387,383,8,-1,-245,379,373,368,364,691,
385,388,384,8,-1,-245,379,373,368,364,691,
385,387,383,9,-2,-248,378,373,368,364,691,
385,387,384,9,-1,-246,379,373,368,364,691,
384,387,384,8,-1,-246,379,373,368,364,691,
384,388,384,8,-2,-244,381,375,372,366,691,
384,387,384,9,-1,-243,378,373,367,364,691,
384,387,384,9,-1,-247,378,373,367,363,691,
384,387,384,8,-1,-245,378,373,368,363,691,
384,387,384,10,-2,-246,379,373,368,364,691,
384,387,383,9,-1,-245,379,373,368,364,691,
384,387,384,9,-2,-245,379,373,368,364,691,
385,388,384,9,-1,-245,379,373,368,364,691,
384,387,383,9,-1,-246,378,373,368,364,691,
384,387,384,9,-1,-247,379,373,368,364,691,
384,387,384,10,-1,-248,379,373,368,364,691,
384,388,384,9,-1,-245,379,373,368,364,691,
384,387,384,10,-1,-247,379,373,368,364,692,
384,388,384,7,-1,-246,379,374,368,364,691,
384,388,383,8,0,-246,379,374,368,364,691,
384,387,384,8,-1,-247,381,375,372,367,691,
384,388,384,10,-2,-246,378,373,367,364,692,
384,388,384,9,-1,-248,380,375,371,366,691,
384,387,384,9,-1,-246,378,373,366,363,692,
384,387,383,8,0,-245,378,373,367,363,692,
385,387,384,9,-1,-246,379,373,368,363,692,
384,387,384,9,-2,-244,379,373,368,364,692,
384,387,384,8,-1,-247,379,373,368,364,691,
384,388,384,9,-1,-247,379,373,368,364,692,
384,388,384,8,-1,-246,379,373,368,364,692,
384,387,384,8,-1,-247,379,374,368,364,692,
384,387,384,7,0,-246,379,374,368,364,691,
384,387,384,8,0,-247,379,374,368,364,692,
384,388,384,8,-2,-244,379,374,368,364,692,
384,387,384,8,0,-248,379,374,368,364,692,
384,387,384,9,-1,-247,379,374,372,366,692,
384,387,384,9,0,-246,379,373,367,364,692,
385,387,384,9,-1,-246,379,374,368,364,692,
384,388,383,11,-2,-247,379,374,368,364,692,
385,388,383,7,-1,-248,379,373,368,364,692,
385,387,384,9,-2,-246,379,373,368,364,692,
384,387,384,8,-1,-247,379,373,368,364,692,
385,387,384,9,0,-247,379,373,368,364,692,
384,387,384,9,-1,-247,379,374,368,364,692,
384,387,384,8,-1,-247,379,374,368,364,691,
384,388,384,8,0,-246,379,374,368,364,692,
384,387,384,8,-1,-247,379,374,368,364,692,
384,388,384,8,0,-247,379,374,368,364,692,
384,387,384,8,-1,-246,381,375,372,367,691,
385,387,383,9,-1,-246,378,373,367,364,692,
384,387,384,9,-1,-246,380,375,371,366,692,
384,387,384,9,0,-246,378,373,366,363,692,
385,388,384,8,0,-247,378,373,367,363,692,
385,387,384,8,-1,-247,378,373,368,363,692,
385,388,384,8,0,-246,379,373,368,363,692,
384,387,384,8,-1,-248,379,374,368,364,692,
385,387,383,9,-1,-245,379,373,368,364,692,
385,387,384,7,0,-246,379,373,368,364,691,
384,387,384,8,0,-246,379,374,368,364,692,
385,388,383,9,-1,-248,378,373,368,364,691,
384,387,383,8,0,-247,379,373,368,364,692,
384,387,384,8,0,-246,379,373,368,364,692,
385,387,383,8,-1,-247,379,373,368,364,691,
385,387,384,9,-2,-247,379,373,368,364,691,
384,387,384,9,-1,-245,379,373,368,364,690,
384,388,384,8,0,-247,379,373,368,364,691,
384,387,384,7,0,-246,379,373,368,364,689,
384,387,384,9,-1,-245,379,373,368,364,688,
384,388,384,10,-1,-245,379,374,368,364,691,
385,387,384,8,0,-246,379,374,368,364,692,
384,387,384,8,0,-246,379,374,368,364,692,
384,388,383,8,-1,-248,379,373,368,364,692,
384,387,384,9,-1,-247,380,375,372,366,691,
384,387,383,8,0,-246,378,373,367,364,692,
384,386,384,9,-1,-247,378,373,367,363,692,
384,387,384,8,-1,-248,381,373,368,363,692,
384,387,384,7,-2,-244,379,373,368,364,692,
384,387,384,7,0,-248,379,374,368,364,692,
384,387,384,7,-2,-245,379,374,368,364,691,
384,388,384,9,-1,-246,379,374,368,364,692,
384,388,384,8,-1,-247,381,375,372,367,691,
384,387,384,7,0,-247,378,373,367,364,692,
384,387,384,9,-1,-245,378,373,368,364,692,
384,388,384,7,-1,-247,379,373,368,364,692,
384,387,384,9,-1,-248,379,373,368,364,692,
384,387,384,8,0,-247,380,375,372,366,691,
384,387,384,8,-1,-247,378,373,367,364,691,
384,387,383,9,0,-246,378,373,367,363,691,
384,387,383,9,-1,-247,378,373,368,363,692,
384,388,384,7,-1,-246,379,373,368,363,692,
384,387,383,9,-1,-245,379,373,368,364,691,
384,387,384,7,-1,-245,379,373,368,364,692,
384,387,384,8,-1,-245,381,375,369,364,691,
384,387,384,8,0,-245,378,373,368,364,691,
384,387,384,9,-1,-245,378,373,368,364,691,
384,388,384,7,-2,-247,379,373,368,364,691,
385,388,384,7,-1,-247,379,373,368,364,691,
385,387,384,9,-1,-245,379,373,368,364,691,
384,387,383,8,-1,-246,378,373,368,364,690,
385,387,384,7,-1,-245,381,375,372,366,691,
384,387,384,9,-2,-248,378,373,367,364,692,
384,387,384,10,-1,-245,379,373,367,363,691,
385,387,384,9,0,-247,379,373,368,364,692,
385,388,384,9,0,-246,379,374,368,364,692,
384,387,384,8,-1,-246,379,374,368,364,691,
385,388,384,10,-2,-246,379,374,369,364,691,
384,388,384,8,0,-247,379,374,368,364,692,
384,387,384,8,-1,-247,379,374,368,364,692,
384,388,384,8,-1,-247,379,374,368,364,692,
385,387,384,9,-1,-247,379,373,368,364,692,
385,387,384,8,-1,-246,378,373,368,364,692,
384,387,384,9,-1,-245,379,373,368,364,691,
385,387,384,9,0,-245,381,375,372,366,691,
384,387,384,9,0,-246,378,373,367,364,692,
384,388,384,8,-1,-245,379,373,368,363,691,
384,387,384,8,-1,-245,379,373,368,364,691,
384,387,384,8,-1,-244,379,373,368,364,692,
384,387,384,9,-1,-245,380,375,372,366,691,
384,388,383,8,-1,-246,378,373,367,364,692,
384,387,384,8,-1,-247,378,373,367,363,692,
384,387,384,10,-1,-244,379,373,368,363,691,
384,388,384,10,-2,-246,379,373,368,364,692,
385,387,383,8,-2,-246,379,373,368,364,692,
384,386,384,9,0,-248,379,373,368,364,691,
384,387,384,8,-1,-244,381,373,368,364,691,
384,388,384,8,-1,-245,379,373,368,364,692,
384,387,384,8,0,-247,379,374,368,364,692,
384,387,384,9,-2,-245,379,374,368,364,692,
385,387,383,9,0,-245,378,373,368,364,692,
384,387,384,8,-2,-248,379,373,368,364,692,
384,388,384,9,-1,-249,379,373,368,364,691,
385,387,384,8,0,-246,379,373,368,364,692,
384,388,384,8,-1,-247,379,373,368,364,691,
384,387,384,8,0,-245,379,373,368,364,691,
385,387,384,9,-1,-246,379,373,368,364,692,
384,387,383,6,-1,-246,379,373,368,364,692,
384,387,384,10,-1,-247,381,375,372,366,691,
384,387,384,9,0,-246,378,373,367,364,691,
384,388,384,9,-1,-246,378,373,367,363,691,
384,387,384,9,-1,-246,378,373,368,363,692,
384,387,384,8,-1,-246,379,373,368,364,691,
385,387,384,8,-1,-246,379,373,368,364,692,
385,388,384,8,-1,-245,379,373,368,364,692,
385,388,384,8,-1,-245,379,373,368,364,692,
384,387,384,9,-2,-246,379,373,368,364,692,
385,387,383,9,-1,-248,379,373,368,364,691,
385,387,384,10,-1,-246,379,373,368,364,690,
384,388,384,8,-1,-246,379,374,368,364,692,
384,388,384,7,-2,-247,379,374,368,364,691,
384,387,384,7,-1,-246,379,374,368,364,692,
385,387,383,9,-2,-247,379,373,368,364,692,
384,388,384,7,-1,-247,379,373,368,364,692,
384,387,384,9,0,-244,379,373,368,364,691,
384,388,384,9,-2,-246,379,373,368,364,692,
384,388,384,8,-2,-244,379,373,368,364,692,
384,387,384,8,0,-244,381,373,368,364,691,
384,387,384,8,-1,-247,379,373,368,364,692,
384,386,384,8,0,-247,379,373,368,364,691,
384,387,384,8,-1,-245,379,373,368,364,691,
384,388,384,9,0,-247,379,374,368,364,691,
384,388,384,8,0,-246,379,374,368,364,692,
384,387,384,7,-2,-248,379,373,368,364,690,
385,387,384,10,-1,-246,381,375,372,366,690,
385,387,384,8,-2,-248,378,373,367,364,692,
384,387,384,9,-2,-247,379,373,368,364,692,
384,387,384,11,-1,-246,379,373,368,364,691,
385,387,384,9,-1,-247,379,374,368,364,692,
384,387,384,9,-1,-245,379,374,368,364,692,
384,387,384,10,-1,-246,379,374,369,364,692,
385,388,384,9,-1,-246,381,375,372,367,691,
384,387,384,9,-1,-244,378,373,367,364,692,
384,388,384,9,0,-247,379,373,368,364,692,
385,387,383,9,-1,-248,379,373,368,364,692,
384,388,383,9,-1,-246,379,373,368,364,692,
384,387,384,9,-1,-247,381,375,372,366,692,
384,387,384,9,-1,-247,378,373,367,364,692,
385,387,384,8,0,-245,379,373,367,363,690,
384,388,384,8,-1,-247,380,375,371,366,692,
385,387,384,8,-1,-247,378,373,366,363,692,
385,388,384,9,0,-243,378,373,367,363,690,
385,387,384,9,-1,-245,379,373,368,363,692,
385,387,384,8,-1,-246,379,373,368,364,692,
385,388,384,8,0,-242,379,373,368,364,692,
385,388,384,9,-2,-248,379,373,368,364,691,
384,387,384,8,-1,-248,381,375,372,367,692,
384,387,384,9,-1,-246,378,373,367,364,691,
384,387,383,8,-1,-247,378,373,367,363,692,
385,388,383,8,0,-245,378,373,368,363,692,
384,387,384,7,-1,-246,379,373,368,364,692,
384,387,384,10,-2,-247,379,373,368,364,692,
385,388,384,6,0,-246,378,373,368,364,692,
384,387,384,9,-1,-247,381,375,372,366,691,
385,387,384,9,-1,-246,378,373,367,364,692,
384,387,384,9,-2,-246,378,373,367,363,692,
385,388,384,9,-1,-247,379,373,368,363,692,
384,387,384,9,-2,-248,379,373,368,364,692,
385,387,384,7,-1,-244,381,375,372,366,692,
385,389,384,7,-1,-244,378,373,367,364,692,
384,387,384,8,0,-245,378,373,367,363,692,
384,387,384,8,-1,-245,379,373,368,364,692,
384,388,384,9,-1,-246,379,374,368,364,692,
384,387,384,9,-2,-245,381,375,372,367,691,
384,387,384,10,-1,-246,378,373,367,364,691,
384,387,384,8,0,-247,379,373,367,364,692,
384,387,384,9,0,-246,380,375,371,366,691,
384,388,384,8,-1,-247,378,373,367,364,692,
384,388,384,9,-1,-246,379,373,367,363,692,
385,387,384,8,-1,-246,379,373,368,364,692,
384,387,384,9,-1,-247,379,373,368,364,692,
385,387,384,8,-1,-244,379,373,368,364,692,
384,387,384,9,-2,-247,379,374,368,364,691,
384,387,384,10,-2,-247,379,374,368,364,691,
384,387,384,8,-1,-246,379,374,368,364,691,
385,387,383,8,-1,-245,379,374,369,364,692,
384,387,384,9,-2,-246,381,375,372,367,691,
384,387,384,9,0,-247,378,373,367,364,691,
384,387,383,9,-1,-244,378,373,367,363,692,
384,387,384,8,0,-246,379,373,368,363,692,
384,388,384,9,-1,-246,379,373,368,364,692,
384,387,384,9,-2,-244,381,375,372,366,691,
384,387,384,9,-2,-247,378,373,367,364,692,
384,388,384,8,-1,-248,378,373,367,363,691,
384,387,384,7,-1,-245,379,373,368,363,692,
384,387,384,9,-1,-246,379,373,368,364,692,
384,387,384,8,-1,-246,379,373,368,364,692,
385,387,384,9,-1,-246,379,373,368,364,692,
384,387,384,10,-1,-245,379,374,371,366,692,
384,387,384,8,-1,-246,379,373,367,364,692,
384,388,384,8,-1,-246,379,373,368,364,692,
384,387,384,9,-1,-248,379,374,368,364,692,
384,387,383,8,-1,-245,378,373,368,364,692,
384,388,384,9,-1,-244,379,373,368,364,692,
385,387,384,8,-1,-246,379,373,368,364,692,
385,387,384,8,0,-246,379,373,368,364,692,
385,387,383,8,-1,-247,379,373,368,364,692,
384,387,384,9,-1,-247,379,373,368,364,692,
384,388,384,9,-1,-246,381,375,372,366,692,
385,388,384,8,-1,-249,378,373,367,364,692,
384,387,383,8,-1,-248,378,373,367,363,692,
384,387,384,9,-1,-244,381,375,371,366,691,
384,388,384,7,-1,-246,378,373,367,364,692,
385,388,384,9,0,-246,378,373,367,363,692,
384,387,384,9,-1,-247,381,375,368,364,692,
384,388,384,9,-1,-244,378,373,368,364,692,
384,387,384,8,-1,-246,379,373,368,364,692,
385,387,384,9,-1,-248,379,373,368,364,692,
384,388,383,8,-2,-247,379,373,368,364,692,
385,387,384,8,0,-246,378,373,368,364,692,
385,388,384,9,-2,-246,379,373,368,364,692,
385,387,384,9,-1,-246,379,373,368,364,692,
384,387,384,8,0,-247,379,373,368,364,692,
384,387,383,8,-1,-245,379,373,368,364,691,
384,388,384,8,-1,-246,381,375,372,366,692,
383,387,384,9,-1,-246,378,373,367,364,692,
384,387,384,10,-1,-246,378,373,367,363,692,
385,387,384,8,1,-247,379,373,368,363,692,
384,388,383,8,0,-247,379,374,368,364,692,
384,387,384,8,-1,-247,381,375,372,366,692,
385,387,383,8,-1,-246,377,373,367,364,691,
385,387,384,8,0,-246,378,373,367,363,692,
384,387,384,9,-1,-245,379,373,368,364,692,
384,387,384,8,-1,-244,379,373,368,364,692,
384,387,384,8,0,-246,379,373,368,364,692,
384,387,384,8,-1,-248,378,373,368,364,692,
385,387,384,8,-1,-247,379,375,372,366,692,
385,388,384,9,-2,-245,378,373,367,364,692,
384,387,384,8,-1,-246,378,373,367,363,692,
384,388,384,8,0,-246,379,373,368,363,692,
384,388,384,9,-1,-245,379,373,368,364,692,
384,387,384,8,-2,-245,379,374,368,364,692,
384,387,384,10,0,-247,379,374,368,364,691,
384,387,383,8,-1,-246,379,374,371,366,692,
384,388,384,8,-1,-247,379,373,367,364,690,
384,387,384,8,0,-246,379,373,368,364,692,
384,387,383,8,1,-246,379,373,368,364,692,
384,387,384,8,0,-246,379,373,368,364,692,
384,387,383,9,-1,-248,379,373,368,364,692,
384,387,384,9,-1,-248,379,373,368,364,692,
384,387,384,8,-1,-247,379,373,368,364,692,
384,387,384,9,-1,-247,379,373,368,364,692,
384,387,384,9,-1,-245,379,373,368,364,692,
384,387,384,8,-1,-245,379,374,368,364,692,
384,387,384,8,-1,-247,379,374,368,364,692,
384,387,384,8,-1,-246,381,375,372,367,692,
384,387,384,8,-1,-245,378,373,367,364,692,
384,387,384,8,0,-247,379,373,368,364,691,
384,387,384,8,0,-245,379,373,368,364,692,
384,388,384,8,-3,-247,379,373,368,364,692,
384,387,383,9,-1,-247,379,373,368,364,692,
384,387,384,9,-1,-247,379,373,368,364,690,
384,387,384,9,0,-246,381,375,372,367,692,
384,387,384,9,-1,-245,378,373,367,364,692,
384,388,384,9,-1,-246,378,373,367,363,692,
384,387,384,8,-1,-246,378,373,368,364,692,
384,387,384,8,0,-245,379,373,368,364,691,
384,387,384,8,-1,-246,379,373,368,364,692,
385,387,384,10,-1,-246,379,374,368,364,692,
385,387,385,9,0,-246,381,375,372,367,692,
384,387,384,9,-1,-247,377,373,367,364,692,
384,387,384,8,-2,-246,379,373,367,364,692,
384,387,384,9,-1,-246,379,373,368,364,692,
384,388,383,7,-1,-245,379,373,368,364,692,
384,387,384,8,0,-244,379,373,368,364,692,
384,387,384,9,0,-247,379,373,368,364,692,
384,387,384,8,-1,-247,379,373,368,364,692,
385,388,383,9,-1,-246,379,373,368,364,692,
384,387,384,7,-1,-246,379,374,368,364,692,
384,388,384,9,-2,-246,379,373,368,364,690,
384,388,384,9,-1,-244,379,374,368,364,692,
384,388,383,7,-1,-244,379,373,368,364,692,
384,387,383,9,-1,-246,379,373,368,364,691,
385,387,384,8,-1,-245,380,373,368,364,692,
384,387,384,9,0,-248,379,373,368,364,692,
384,387,384,9,-1,-247,379,373,368,364,692,
384,388,384,9,-2,-247,379,373,368,364,692,
384,387,384,8,-1,-248,379,373,368,364,692,
384,387,384,9,-2,-246,379,374,368,364,692,
384,387,384,8,-2,-246,379,373,368,364,692,
385,387,384,8,0,-245,381,375,372,366,692,
384,387,383,8,0,-246,377,373,367,364,691,
384,387,384,8,-1,-246,378,373,367,363,692,
384,387,384,9,-2,-245,379,373,368,363,692,
384,387,384,9,-1,-245,379,373,368,364,691,
384,388,384,8,-1,-246,379,373,368,364,692,
385,387,384,8,-1,-247,379,373,368,364,692,
384,388,384,8,-1,-246,379,373,368,364,693,
385,387,384,7,-1,-245,379,373,368,364,692,
384,387,384,7,0,-245,379,374,368,364,692,
385,388,383,10,-1,-245,379,373,368,364,692,
384,388,384,7,-1,-247,379,374,368,364,692,
384,387,384,8,-1,-245,381,373,368,364,692,
384,387,384,8,-1,-245,379,374,368,364,692,
384,388,383,9,-1,-249,379,374,368,364,691,
385,388,384,7,-2,-247,379,374,368,364,692,
385,387,384,9,-1,-246,379,374,368,364,691,
385,387,383,7,0,-246,379,374,368,364,692,
384,387,384,9,-1,-246,379,374,368,364,692,
384,387,384,6,0,-247,381,375,372,367,692,
384,387,384,8,0,-249,378,373,367,364,692,
385,387,384,9,-1,-247,378,373,368,364,692,
384,387,384,9,-1,-245,379,373,368,364,692,
385,387,384,9,-1,-246,379,373,368,364,692,
384,388,384,8,-1,-246,381,375,372,366,692,
384,387,384,8,0,-246,378,373,367,364,692,
385,387,384,7,-1,-245,378,373,367,363,692,
384,387,384,7,-2,-247,379,373,368,363,693,
384,387,383,9,-1,-246,379,373,368,364,692,
385,387,384,9,-1,-246,381,375,372,366,692,
384,387,384,8,-1,-247,378,373,367,364,691,
384,388,384,8,-1,-246,379,373,368,364,692,
385,387,384,10,-2,-248,379,374,368,364,692,
384,387,384,9,-1,-247,379,373,368,364,692,
385,387,384,9,-1,-248,381,375,372,366,692,
385,387,384,9,-1,-247,378,373,367,364,692,
384,388,384,9,-2,-246,378,373,367,363,692,
384,387,384,8,-1,-247,381,375,371,366,692,
385,387,384,9,0,-247,378,373,367,364,692,
384,387,383,9,-1,-248,378,373,367,363,692,
384,388,384,7,-2,-246,379,373,368,363,692,
384,387,384,8,0,-247,381,375,372,366,692,
384,388,383,8,-1,-246,378,373,367,364,691,
384,387,383,8,-1,-245,378,373,367,363,692,
384,387,384,9,0,-248,379,373,368,363,692,
384,387,384,9,-2,-245,379,373,368,364,692,
385,387,384,9,-2,-247,379,373,368,364,692,
385,387,384,8,-1,-245,379,373,368,364,692,
384,387,384,8,0,-245,379,373,368,364,692,
385,387,384,8,-1,-244,379,373,368,364,692,
384,387,384,8,0,-245,379,373,368,364,692,
384,387,384,8,-1,-246,380,375,372,366,692,
385,387,384,7,-1,-245,377,373,367,364,692,
385,387,384,8,-1,-247,378,373,367,363,692,
384,387,384,8,-2,-246,379,373,368,363,692,
384,387,383,9,-1,-246,379,373,368,364,691,
384,387,384,8,0,-245,381,375,372,364,692,
384,387,384,10,-1,-248,378,373,368,364,692,
384,387,383,9,0,-244,378,373,368,364,692,
385,387,383,8,-1,-244,378,373,368,364,692,
384,387,384,10,0,-244,379,373,368,364,692,
384,387,383,9,-1,-247,379,373,368,364,692,
384,387,384,8,-1,-246,379,373,368,364,692,
384,387,384,9,-2,-247,381,375,372,366,692,
385,387,384,7,-1,-247,378,373,367,364,691,
384,387,383,8,0,-247,378,373,367,363,692,
384,388,384,9,0,-247,379,373,368,363,692,
384,388,383,8,-1,-248,379,373,368,364,692,
385,387,384,9,0,-246,379,373,368,364,692,
385,387,384,8,-1,-246,379,373,368,364,692,
385,387,384,8,-2,-247,379,374,368,364,692,
384,387,384,8,-2,-245,379,374,368,364,692,
384,387,384,9,-2,-245,379,374,368,364,692,
384,387,384,8,0,-245,379,373,368,364,692,
384,387,383,8,-1,-246,379,373,368,364,692,
384,387,383,8,-1,-246,380,375,369,365,692,
384,387,384,8,-1,-247,378,373,368,364,692,
384,387,384,9,-1,-246,378,373,368,364,692,
385,387,384,9,0,-247,379,373,368,364,692,
384,387,383,6,0,-246,379,373,368,364,692,
384,387,384,9,-1,-246,379,373,368,364,692,
384,387,384,8,-1,-247,379,373,368,364,692,
385,388,383,9,0,-246,380,375,372,366,692,
384,387,384,8,-2,-245,378,373,367,364,692,
384,387,384,8,0,-245,379,373,367,363,692,
384,387,384,8,-1,-246,379,373,368,364,692,
385,387,384,9,-1,-245,379,373,368,364,692,
385,388,384,8,0,-245,379,374,368,364,692,
384,387,384,8,0,-246,379,374,368,364,691,
384,388,383,9,-1,-246,380,375,372,367,692,
385,387,384,9,-1,-245,378,373,367,364,692,
384,387,384,8,-1,-247,379,373,367,363,690,
384,387,384,9,0,-246,379,373,368,364,691,
384,387,384,9,0,-248,379,373,368,364,692,
384,388,384,10,0,-248,381,375,372,365,692,
384,387,384,7,0,-244,378,373,368,364,692,
384,388,384,7,-1,-247,379,373,368,364,692,
384,387,384,8,-1,-244,379,373,368,364,692,
384,388,383,7,0,-246,379,373,368,364,692,
384,387,384,9,-1,-246,379,373,368,364,692,
384,387,384,8,-1,-247,379,373,368,364,692,
384,386,384,8,-2,-246,379,373,368,364,692,
384,387,384,8,-1,-246,379,373,368,364,692,
384,387,384,9,-1,-246,379,373,368,364,692,
384,387,383,9,-1,-246,378,373,368,364,692,
385,387,383,7,0,-247,378,373,368,364,692,
384,387,384,7,-1,-247,379,373,368,364,692,
384,388,384,8,-2,-248,379,373,368,364,692,
384,388,384,9,-1,-249,379,374,368,364,692,
384,387,384,7,0,-246,379,374,368,364,692,
385,387,384,8,-1,-246,379,373,368,364,692,
384,388,383,9,-2,-244,379,373,368,364,692,
384,387,383,9,-1,-247,379,373,368,364,692,
384,387,384,7,0,-245,379,374,368,364,692,
384,387,384,8,-1,-245,379,374,368,364,691,
384,388,383,8,-1,-246,379,374,368,364,692,
384,387,383,8,0,-247,378,373,368,364,691,
384,387,384,9,0,-246,379,373,368,364,692,
385,388,384,7,-1,-246,379,373,368,364,692,
384,388,384,8,-2,-244,379,374,368,364,692,
384,387,384,8,-1,-246,379,374,368,364,692,
385,387,383,9,0,-247,378,373,368,364,692,
384,387,384,8,-1,-246,379,373,368,364,691,
384,387,383,7,0,-246,380,375,372,366,692,
385,387,384,9,0,-246,378,373,367,364,692,
385,388,384,9,-1,-246,378,373,367,363,692,
385,387,384,9,0,-246,379,373,368,364,692,
384,387,384,8,-1,-247,379,373,368,364,692,
384,388,384,8,-1,-247,379,373,368,364,692,
385,388,384,9,0,-247,379,373,368,364,692,
384,387,384,9,-1,-246,379,373,368,364,692,
385,387,384,8,-1,-247,379,373,368,364,692,
384,387,384,8,0,-246,379,373,368,364,692,
384,388,384,7,0,-247,379,374,368,364,692,
384,387,384,8,-1,-245,379,374,368,364,692,
384,388,384,8,-1,-247,379,374,368,364,692,
384,388,383,9,-1,-246,379,374,368,364,692,
384,388,384,9,0,-245,379,374,368,364,692,
385,388,384,10,-1,-246,379,374,368,364,692,
385,387,384,8,-1,-245,379,374,368,364,692,
384,388,384,9,-2,-247,379,373,368,364,692,
385,387,384,8,-1,-246,381,375,372,367,692,
385,388,384,10,-1,-248,378,373,367,364,692,
384,387,384,9,0,-248,379,373,367,363,692,
384,386,384,7,0,-247,379,373,368,364,692,
384,387,384,7,-1,-249,379,374,368,364,692,
384,387,384,8,0,-246,379,374,368,364,692,
384,387,384,8,-1,-246,379,374,368,364,692,
384,387,384,9,-2,-246,381,375,372,367,692,
384,387,384,8,0,-248,378,373,367,364,691,
384,388,384,9,-1,-246,378,373,367,364,692,
384,387,383,9,-1,-247,379,373,368,364,692,
385,388,384,7,-1,-247,379,373,368,364,692,
384,387,384,8,0,-247,379,373,368,364,692,
384,387,384,8,0,-246,379,373,368,364,692,
385,388,384,8,-2,-247,379,373,368,364,692,
384,388,384,9,-1,-247,379,374,368,364,692,
384,387,383,8,0,-248,379,373,368,364,692,
384,387,384,8,0,-245,379,373,368,364,692,
384,387,384,9,-1,-246,379,373,368,364,692,
384,387,384,9,-2,-246,379,373,368,364,692,
384,387,384,10,-1,-243,379,373,368,364,692,
385,387,384,8,-1,-245,379,373,368,364,692,
384,387,384,9,-1,-246,379,373,368,364,692,
384,387,384,8,0,-246,379,373,368,364,691,
384,387,384,8,0,-246,379,373,368,364,692,
384,387,384,8,-2,-248,379,373,368,364,691,
384,387,384,8,-1,-246,381,375,372,367,692,
384,387,384,8,-1,-245,378,373,367,364,692,
385,387,384,8,0,-247,379,373,367,363,692,
385,387,384,8,-1,-246,379,373,368,364,692,
385,387,384,10,-1,-248,379,373,368,364,692,
385,387,384,10,-1,-247,379,373,368,364,692,
385,388,383,8,-1,-246,378,373,368,364,692,
385,388,384,8,-2,-246,379,373,368,364,692,
385,387,384,7,-1,-244,379,373,368,364,692,
384,387,384,8,-1,-245,379,373,368,364,692,
384,388,383,9,-2,-246,379,373,368,364,692,
384,387,383,9,-3,-245,378,373,368,364,692,
384,387,383,8,-1,-246,380,375,372,366,692,
385,387,384,9,-2,-245,377,373,367,364,691,
385,387,384,9,-1,-247,379,373,367,363,692,
385,387,383,8,0,-246,379,373,368,364,692,
384,387,384,8,-1,-247,379,373,368,364,692,
384,387,384,7,-1,-245,379,373,368,364,692,
385,387,384,8,-1,-246,379,373,368,364,691,
385,388,383,9,-1,-245,378,373,368,364,692,
385,387,384,8,-2,-246,379,373,368,364,692,
384,387,384,9,-1,-245,379,373,368,364,691,
385,387,384,8,0,-247,380,375,372,366,692,
385,388,384,9,-2,-247,378,373,367,364,692,
384,387,383,8,-1,-245,378,373,367,363,692,
385,387,384,8,0,-246,378,373,368,363,692,
384,387,383,8,-1,-246,378,373,368,364,692,
384,387,384,7,-2,-245,379,373,368,364,692,
384,388,383,10,-1,-248,379,373,368,364,692,
384,387,384,8,-1,-245,381,375,372,366,692,
384,387,384,7,-1,-247,378,373,367,364,692,
384,387,384,7,-1,-246,379,373,368,364,691,
385,387,384,9,-2,-246,379,373,368,364,692,
385,387,384,8,-1,-248,379,373,368,364,692,
384,387,384,8,0,-248,381,375,369,364,692,
384,388,384,8,0,-247,378,373,368,364,692,
384,387,384,8,-1,-246,378,373,368,364,692,
384,387,384,8,0,-246,379,373,368,364,691,
384,387,384,9,-2,-246,379,373,368,364,692,
384,388,383,8,-1,-246,379,373,368,364,691,
384,388,384,8,0,-247,379,373,368,364,692,
384,388,384,10,-1,-245,381,375,372,366,692,
384,388,384,9,-1,-246,378,373,367,364,692,
384,387,384,8,-1,-246,379,373,371,366,692,
384,388,384,8,0,-247,379,373,366,363,692,
384,386,384,8,-1,-245,379,373,367,363,691,
384,387,384,7,-1,-244,379,374,368,364,692,
384,388,384,9,0,-246,379,374,368,364,692,
385,388,384,9,0,-247,379,374,368,364,692,
384,387,383,8,-1,-246,379,373,368,364,692,
384,387,384,7,0,-245,380,375,372,367,692,
384,387,384,9,-1,-246,378,373,367,364,692,
385,386,384,8,-2,-247,378,373,367,363,692,
384,387,384,9,-1,-246,379,373,368,364,692,
384,388,384,8,-1,-246,379,373,368,364,692,
385,387,384,9,0,-247,379,373,368,364,692,
384,387,384,9,-1,-247,379,374,368,364,692,
384,388,384,8,-1,-247,379,374,368,364,692,
384,388,384,8,0,-245,379,374,368,364,692,
384,387,384,9,-2,-247,379,373,368,364,691,
385,387,384,9,-2,-245,379,374,368,364,692,
384,387,384,8,-2,-246,379,374,368,364,692,
385,387,384,8,-1,-247,379,374,368,364,692,
384,387,383,8,-2,-245,379,373,368,364,691,
384,387,384,8,-1,-247,380,375,372,367,692,
385,387,384,9,-1,-247,377,373,367,364,692,
385,387,384,8,-1,-244,379,373,367,363,692,
385,388,384,9,-1,-246,379,373,368,363,692,
384,387,384,6,-1,-246,379,373,368,364,692,
384,388,384,9,-1,-246,379,373,368,364,692,
384,387,384,8,-1,-243,379,373,368,364,692,
384,387,384,10,-1,-248,379,374,368,364,692,
384,387,384,9,-1,-246,379,374,368,364,692,
384,387,384,8,0,-248,380,375,369,364,691,
384,387,383,9,-1,-246,377,373,368,364,692,
384,387,384,9,0,-247,378,373,368,364,692,
384,387,384,9,0,-246,379,373,368,364,692,
384,387,384,8,-1,-246,379,373,368,364,691,
384,387,384,9,-1,-247,379,374,368,364,692,
384,388,384,8,0,-247,379,374,368,364,691,
384,387,384,8,-1,-247,379,374,368,364,692,
384,387,383,10,-2,-247,379,373,368,364,692,
384,387,383,9,-1,-247,379,373,368,364,690,
384,387,384,8,-1,-246,379,373,368,364,692,
384,387,383,8,-1,-244,379,373,368,364,692,
384,388,384,9,0,-246,379,373,368,364,692,
384,388,384,9,-2,-248,381,375,372,365,691,
384,387,384,7,0,-245,378,373,368,364,690,
384,387,384,9,0,-247,379,375,372,367,692,
384,387,384,9,0,-245,378,373,367,364,692,
384,388,384,9,-1,-248,379,373,368,364,692,
384,388,384,7,-1,-246,379,373,368,364,692,
385,387,384,8,-1,-247,379,373,368,364,692,
384,387,384,7,-1,-245,379,373,368,364,692,
384,387,384,9,0,-247,379,374,368,364,692,
384,387,384,8,0,-245,379,374,368,364,692,
384,387,384,8,-1,-246,379,374,368,364,692,
384,388,384,9,-1,-245,379,374,368,364,692,
385,386,384,9,0,-245,379,374,368,364,692,
384,387,383,8,0,-245,378,373,368,364,692,
385,387,384,9,-1,-248,379,373,368,364,691,
385,387,384,8,-2,-248,381,375,372,366,692,
384,387,384,8,0,-245,378,373,367,364,691,
385,387,384,9,0,-246,378,373,367,363,692,
384,387,384,7,-1,-246,379,373,368,363,692,
385,387,384,8,0,-247,379,373,368,364,692,
384,387,384,9,-1,-247,379,374,368,364,692,
384,387,384,9,-2,-247,379,374,368,364,692,
384,387,384,9,-1,-247,379,374,368,364,692,
384,387,384,10,-1,-244,379,374,368,364,691,
384,387,384,8,-1,-244,379,374,368,364,692,
384,387,384,9,-1,-246,381,375,372,367,692,
384,387,383,9,0,-247,377,373,367,364,691,
384,387,384,9,-1,-247,378,373,367,363,692,
384,387,384,8,0,-246,378,373,368,363,692,
384,386,384,8,-1,-245,379,373,368,364,691,
384,387,384,8,-2,-246,379,373,368,364,692,
385,387,384,9,-1,-245,379,373,368,364,691,
385,388,384,8,-2,-246,379,373,368,366,692,
384,387,384,8,0,-246,379,373,367,364,692,
384,388,384,8,-1,-244,379,373,368,363,691,
384,387,384,7,-1,-246,381,375,372,366,692,
384,387,384,8,-1,-245,378,373,367,364,692,
384,388,384,7,0,-247,378,373,367,363,692,
384,387,383,8,-2,-247,378,373,367,363,690,
385,388,384,10,-1,-245,379,373,368,364,692,
385,387,384,9,-1,-245,381,375,372,366,692,
384,388,384,9,-1,-245,378,373,367,364,692,
385,387,384,9,-2,-248,378,373,367,363,692,
384,387,384,10,-1,-247,379,373,368,364,692,
385,387,384,8,0,-248,379,373,368,364,692,
385,387,384,8,0,-247,379,373,368,364,692,
385,388,384,7,0,-245,379,374,368,364,692,
385,387,384,9,-1,-246,381,375,369,364,692,
384,387,384,7,-1,-247,378,373,368,364,692,
384,387,384,9,-1,-247,379,373,368,364,692,
384,387,384,8,-1,-246,379,373,368,364,691,
384,388,384,9,-2,-247,379,373,368,364,692,
384,387,384,8,0,-247,379,373,368,364,692,
384,388,384,8,0,-246,379,373,368,364,691,
385,387,384,9,-2,-247,381,375,372,367,692,
385,387,384,9,-1,-247,378,373,367,364,692,
385,387,383,8,0,-248,378,373,367,363,692,
384,388,384,10,-2,-245,379,373,368,364,692,
384,388,384,8,-1,-245,379,373,368,364,692,
385,387,384,8,-1,-247,380,375,372,365,692,
384,387,384,8,-1,-246,378,373,368,364,692,
384,388,384,7,0,-246,379,373,368,364,692,
385,388,384,9,-1,-247,379,373,368,364,692,
384,388,384,9,-2,-245,379,373,368,364,692,
384,388,384,8,0,-248,379,373,368,364,692,
384,387,384,8,-2,-245,379,373,368,364,692,
384,387,384,8,-1,-247,379,373,368,364,692,
385,388,383,8,-1,-247,379,373,368,364,691,
384,387,384,8,-1,-247,379,373,368,364,692,
384,388,384,8,-1,-246,379,374,368,364,692,
384,388,384,8,0,-247,379,374,368,364,692,
385,387,384,8,-1,-247,379,374,369,364,692,
385,387,384,7,-1,-245,379,374,369,364,692,
385,387,384,7,-2,-247,379,373,368,364,692,
384,387,384,9,-1,-247,379,373,368,364,692,
385,387,384,8,-1,-247,379,373,368,364,691,
384,388,384,10,-2,-249,379,373,368,364,692,
384,388,383,9,-1,-248,378,373,368,364,692,
385,387,384,9,-1,-247,380,375,372,366,691,
384,388,384,8,-1,-245,378,373,367,364,692,
384,387,384,9,-2,-248,379,373,367,363,692,
384,386,384,9,-1,-247,379,373,368,364,692,
384,388,384,8,-2,-246,379,373,368,364,691,
384,387,384,7,-1,-246,379,373,368,364,691,
384,387,384,9,-1,-248,379,373,368,364,692,
384,388,384,9,-1,-246,379,373,368,364,692,
384,387,384,9,-1,-246,379,373,368,364,692,
385,387,384,9,-1,-247,379,373,368,364,692,
384,387,384,9,-2,-247,379,373,368,364,691,
384,388,384,8,0,-247,379,373,368,364,692,
385,387,384,10,-1,-247,379,374,368,364,692,
384,387,384,10,0,-247,379,374,368,364,692,
384,387,383,9,-1,-246,379,374,368,364,692,
384,388,384,8,0,-247,379,373,368,364,692,
384,387,384,8,-1,-246,381,375,372,367,692,
384,387,384,9,0,-246,378,373,367,364,692,
384,387,383,8,0,-245,380,375,371,366,691,
384,387,384,9,0,-245,378,373,366,363,692,
384,388,384,9,-1,-246,378,373,367,363,692,
384,387,384,9,0,-245,378,373,367,363,691,
385,387,384,10,-1,-247,379,373,368,364,692,
385,387,384,8,-1,-247,381,375,372,364,692,
385,387,384,9,-1,-246,377,373,368,364,692,
385,387,384,7,0,-245,378,374,371,366,692,
385,388,383,9,-2,-246,377,372,366,363,692,
385,387,384,9,-2,-245,378,373,367,363,690,
384,387,384,8,0,-248,379,373,368,363,692,
385,387,384,9,-1,-247,379,373,368,364,692,
384,387,384,8,-1,-247,381,375,372,366,692,
384,386,384,8,-1,-246,378,373,367,364,692,
384,387,384,8,-1,-245,378,373,367,363,692,
384,387,384,8,-1,-247,379,373,368,364,692,
385,387,384,7,0,-245,379,373,368,364,692,
384,387,383,9,-1,-246,379,373,368,364,691,
385,388,383,7,-1,-246,379,373,368,364,692,
384,387,384,8,0,-246,379,373,368,364,692,
384,387,384,7,0,-245,379,373,368,364,692,
385,388,384,7,-1,-247,379,373,368,364,692,
384,387,384,9,-1,-247,379,373,368,364,692,
384,387,384,8,-1,-245,379,374,368,364,692,
384,388,384,8,-1,-247,381,375,372,367,691,
384,387,384,9,-1,-244,378,373,367,364,691,
384,387,384,9,0,-246,379,373,368,364,692,
384,387,384,8,-1,-246,379,373,368,364,691,
384,388,384,10,-1,-247,379,373,368,364,692,
384,388,384,9,-1,-247,379,373,368,364,692,
385,387,384,8,-1,-246,379,373,368,364,692,
384,387,383,9,-1,-246,379,373,368,364,692,
384,387,384,8,-2,-247,379,374,368,364,691,
384,387,384,9,-3,-244,379,374,368,364,692,
385,387,384,9,0,-245,379,374,368,364,692,
384,388,384,8,-1,-245,379,374,368,364,692,
384,387,384,10,-2,-246,379,374,368,364,692,
384,387,384,7,-1,-246,379,374,368,364,692,
384,387,384,10,-1,-246,379,374,369,364,692,
384,388,384,8,0,-247,379,373,368,364,692,
384,388,384,9,0,-247,379,373,368,364,692,
384,387,384,8,-1,-247,380,375,372,366,692,
384,387,384,7,-1,-246,378,373,367,364,692,
384,387,384,8,-2,-249,378,373,367,363,692,
384,388,384,8,-1,-246,379,373,368,363,692,
384,387,384,8,0,-245,379,373,368,364,692,
384,387,384,8,-1,-245,379,374,368,364,692,
384,387,384,8,0,-247,379,374,368,364,692,
384,386,384,7,-1,-246,379,374,368,364,691,
384,388,383,8,-2,-245,379,374,368,364,692,
384,387,384,7,0,-246,379,374,368,364,692,
384,387,384,7,-1,-244,379,374,368,364,692,
384,386,384,8,-1,-245,379,374,368,364,692,
385,387,384,9,-1,-247,381,375,372,367,691,
384,387,384,8,-1,-246,378,373,367,364,692,
385,388,384,8,-1,-246,378,373,367,364,692,
385,387,384,9,-1,-246,379,373,368,364,692,
384,388,384,9,0,-248,379,373,368,364,692,
384,387,384,9,0,-246,379,373,368,364,692,
385,387,384,8,0,-245,379,373,368,364,692,
384,387,384,9,0,-246,381,375,372,366,692,
384,387,384,8,0,-246,378,373,367,364,691,
384,387,383,7,-1,-246,378,373,367,363,692,
384,387,384,7,-1,-246,378,373,368,363,692,
385,387,384,8,0,-247,379,373,368,364,692,
384,387,384,7,-1,-247,381,375,372,366,692,
384,387,384,7,0,-246,378,373,367,364,692,
385,387,383,7,-1,-248,378,373,367,363,692,
384,388,384,9,-1,-245,379,373,368,364,692,
384,387,384,8,-1,-247,379,373,368,364,692,
385,388,384,8,-1,-246,381,375,369,364,692,
384,388,384,9,-2,-246,378,373,368,364,692,
384,387,384,8,-1,-247,378,373,368,364,691,
384,388,383,9,-1,-247,378,373,368,364,693,
384,388,383,9,-1,-246,379,373,368,364,692,
385,387,384,8,0,-245,379,373,368,364,692,
384,387,384,8,0,-246,379,373,368,364,692,
384,387,383,9,-2,-247,380,375,372,366,692,
384,387,384,8,0,-246,378,373,367,364,692,
384,387,384,8,-1,-247,378,373,367,363,692,
384,387,384,8,0,-245,378,373,368,363,690,
384,387,384,8,-2,-244,379,373,368,364,692,
384,387,384,9,-1,-245,379,373,368,364,692,
384,387,384,8,-1,-246,379,373,368,364,692,
384,388,383,7,0,-245,380,375,372,366,692,
385,387,384,10,-1,-246,378,373,367,364,692,
384,387,384,8,-2,-248,378,375,371,366,691,
385,387,384,7,0,-248,378,373,366,363,692,
385,387,384,8,-1,-247,379,373,367,363,692,
385,387,384,8,-1,-246,379,373,368,363,692,
385,388,384,8,0,-247,379,373,368,364,692,
384,387,384,8,-1,-244,380,375,372,366,692,
384,388,384,9,-1,-246,378,373,367,364,692,
384,387,384,8,-1,-246,378,373,367,363,692,
384,387,383,7,0,-247,379,373,368,364,693,
385,387,384,9,-1,-245,379,373,368,364,692,
384,388,384,8,0,-245,381,375,369,364,692,
385,387,383,8,0,-247,377,373,368,364,692,
385,387,384,7,-1,-245,378,373,368,364,692,
384,388,384,8,-1,-246,380,375,371,366,692,
384,387,384,7,0,-246,378,373,366,363,691,
384,387,384,8,-1,-247,378,373,367,363,692,
384,387,384,8,-1,-247,379,373,368,364,693,
385,388,384,8,-2,-247,381,375,372,366,692,
385,387,384,9,-2,-246,378,373,367,364,692,
384,388,383,9,-1,-247,378,373,370,365,692,
385,388,384,9,-1,-248,378,373,366,363,692,
385,387,384,9,-1,-245,378,373,367,363,692,
385,388,384,8,-1,-245,379,373,368,363,692,
385,388,384,9,-2,-246,379,374,368,364,692,
384,387,384,8,-1,-246,381,375,372,366,692,
384,387,384,9,0,-245,378,373,367,364,692,
384,387,384,10,-1,-245,379,373,368,364,692,
384,388,383,8,-1,-248,379,373,368,364,692,
384,387,384,8,-1,-247,379,373,368,364,693,
385,387,384,7,-1,-247,381,375,372,366,692,
384,387,384,9,-1,-248,378,373,367,364,692,
385,387,384,7,-1,-246,380,375,371,366,691,
384,387,384,8,-1,-247,378,373,366,364,692,
384,387,384,9,-1,-247,378,373,367,363,692,
384,387,384,9,-2,-247,379,373,368,363,692,
384,388,384,8,0,-246,379,373,368,364,692,
385,387,384,8,-1,-246,381,375,372,365,692,
384,388,383,10,-2,-245,378,373,368,364,692,
384,387,384,9,-2,-246,378,373,368,364,692,
385,387,383,7,-1,-247,378,373,368,364,692,
384,387,384,10,-2,-246,378,373,368,364,692,
385,387,384,9,-1,-248,379,373,368,364,692,
384,387,384,8,-2,-246,379,373,368,364,692,
385,388,384,8,-1,-245,380,375,372,366,692,
385,387,383,9,-1,-246,378,373,367,364,692,
385,387,384,9,0,-245,378,373,367,363,692,
385,388,384,8,-1,-247,380,375,368,364,692,
385,387,385,10,-2,-248,378,373,368,364,693,
384,387,384,9,-1,-247,379,373,368,364,693,
384,387,384,9,-1,-248,379,373,368,364,691,
385,387,384,9,-1,-246,381,375,372,366,692,
384,387,384,9,-1,-245,378,373,367,364,692,
384,388,384,8,-1,-248,379,373,368,364,692,
385,387,384,9,-1,-245,379,373,368,364,692,
384,387,384,9,-2,-247,379,373,368,364,692,
384,387,384,8,-1,-247,381,375,372,366,692,
385,387,383,7,0,-246,377,373,367,364,692,
384,387,384,9,-2,-249,378,373,367,363,693,
385,387,384,8,0,-247,379,373,368,363,693,
385,387,384,9,0,-246,379,373,368,364,692,
384,387,384,8,0,-246,379,373,368,364,693,
385,388,384,8,-1,-247,379,373,368,364,693,
384,387,384,7,0,-244,380,375,372,366,692,
385,387,384,8,-1,-246,378,373,367,364,693,
384,388,384,10,-2,-246,378,373,367,363,693,
384,387,383,8,-1,-246,378,373,368,363,691,
384,387,384,8,-2,-246,379,373,368,364,692,
384,387,384,10,-1,-247,381,375,372,366,692,
384,386,383,8,-1,-244,379,374,370,366,692,
384,387,384,7,-1,-247,379,374,369,366,692,
384,387,384,7,0,-246,379,374,369,365,692,
384,388,384,9,-1,-246,379,374,369,365,692,
385,388,384,8,-1,-246,379,374,369,365,691,
387,389,383,86,-188,-287,378,373,368,364,688,
388,388,385,17,-151,-233,379,373,368,363,689,
384,388,384,-70,-57,-282,379,374,369,364,689,
383,387,383,-6,-110,-326,378,373,368,364,689,
384,387,382,-32,-116,-225,378,373,368,364,689,
384,387,381,-47,-122,-218,377,372,367,364,689,
384,387,381,-31,-101,-243,376,371,367,363,691,
385,387,379,-50,-106,-235,376,371,366,362,689,
385,388,379,1,-135,-214,374,369,365,362,690,
385,387,379,-5,-122,-214,374,369,364,360,688,
385,388,378,-35,-111,-222,374,368,364,360,688,
384,386,378,-36,-23,-144,372,367,362,358,689,
379,387,378,95,13,-208,375,369,365,360,683,
378,387,383,76,38,-214,376,369,361,357,686,
383,388,384,71,11,-246,378,372,367,362,689,
382,386,384,31,3,-276,379,374,368,363,687,
381,388,384,46,16,-149,380,374,368,363,687,
380,385,384,-53,-10,-329,377,371,366,362,686,
384,387,384,13,22,-122,378,371,362,359,686,
390,387,383,12,4,-205,380,374,370,365,689,
386,387,383,35,16,-342,380,375,370,365,690,
385,387,384,-36,-16,-186,379,374,369,365,692,
385,387,384,49,-10,-224,379,373,369,365,688,
385,388,384,58,21,-288,379,373,367,363,689,
388,388,383,47,21,-199,379,374,369,364,690,
400,386,384,-8,6,118,376,370,364,361,689,
370,389,384,-99,41,-21,381,376,370,363,686,
383,387,384,6,-4,90,381,376,371,368,688,
386,388,384,30,12,-57,377,371,365,362,689,
382,387,384,20,6,-330,381,375,371,366,689,
380,387,384,-22,12,-304,380,375,371,367,691,
386,386,384,-3,10,-315,378,375,370,366,690,
384,389,384,53,20,-275,378,372,367,364,690,
388,388,384,-17,30,-25,378,372,366,363,690,
382,389,384,40,0,-407,379,374,367,363,690,
385,388,384,43,-16,-252,379,375,370,365,690,
380,389,384,-65,13,-495,378,372,366,362,690,
385,386,385,82,26,-504,381,375,370,366,690,
384,386,383,-37,-15,-331,379,375,370,366,691,
381,387,384,-28,-3,-183,378,373,368,364,692,
384,387,384,42,1,-207,378,373,368,364,692,
384,387,384,14,-10,-204,379,374,369,365,692,
389,388,384,37,3,-228,379,373,368,364,692,
389,388,384,9,6,-188,379,374,369,364,692,
386,388,384,-17,-16,-242,379,373,368,364,693,
383,388,384,-49,23,-191,379,374,368,364,691,
385,387,384,-12,3,-256,379,374,369,365,690,
381,388,384,-14,2,-398,378,372,366,362,688,
379,387,383,3,11,-512,380,375,369,365,690,
383,388,384,-12,-7,-234,380,375,369,365,692,
381,393,382,-391,-512,511,455,491,400,374,899,
386,386,383,-40,-66,-125,328,353,378,384,906,
382,392,383,19,-59,-512,358,351,355,366,925,
387,390,383,48,-80,104,370,360,362,362,930,
389,387,384,186,-197,-42,372,358,358,354,934,
387,388,384,34,-174,-55,376,365,359,356,936,
387,388,384,74,-81,-428,381,375,358,354,937,
389,387,385,64,-19,-512,373,367,364,359,936,
387,387,385,-175,57,-92,381,374,371,368,936,
385,388,385,156,75,-438,382,380,371,369,937,
390,387,386,86,39,-236,380,375,371,370,937,
384,389,385,81,-16,-512,380,371,368,364,936,
387,388,387,-69,-75,-512,389,392,384,381,937,
386,386,386,-46,-93,68,383,379,377,373,935,
382,384,386,-68,-26,-59,385,383,376,376,935,
380,388,384,94,-35,-44,373,367,367,362,936,
385,386,385,-85,84,-512,390,388,384,380,936,
384,390,386,-19,-18,-113,380,380,374,374,937,
384,384,385,23,55,-512,382,377,376,369,936,
380,386,385,19,-26,-283,380,371,369,365,934,
378,388,385,60,-72,-476,376,369,361,360,935,
381,387,384,-57,20,-173,384,380,374,369,934,
383,387,383,3,65,-230,375,367,361,357,934,
383,385,383,-18,94,-72,377,371,366,362,934,
384,385,384,-113,-25,7,381,376,372,364,934,
384,387,383,3,0,-94,377,371,367,363,933,
384,386,383,-38,92,214,383,377,369,365,931,
383,387,383,2,159,87,377,371,365,361,922,
388,386,383,78,155,-468,370,359,355,352,915,
385,387,384,71,131,-88,376,365,359,351,911,
385,387,384,59,17,-282,380,374,368,361,916,
383,389,383,11,-91,159,377,371,365,361,920,
381,387,383,-127,59,12,373,365,358,355,916,
387,386,383,47,146,-145,381,374,368,364,918,
388,387,384,10,51,-97,378,372,367,364,922,
386,390,385,-21,-104,79,382,377,369,366,922,
383,387,384,8,-90,-136,376,369,365,364,917,
385,387,384,-91,-77,-256,384,380,374,367,918,
387,388,383,-90,-67,-172,377,372,367,364,921,
390,389,385,55,-89,-89,379,375,370,365,920,
388,390,384,-60,-52,-50,368,355,352,353,917,
385,386,385,-39,20,-25,382,372,366,359,919,
385,387,386,8,0,309,384,376,367,362,917,
388,387,386,68,-6,-219,382,381,373,369,916,
389,387,387,87,10,-466,379,371,365,361,913,
390,389,387,112,14,-145,379,372,365,360,915,
391,385,387,138,-10,146,381,374,369,367,919,
394,387,389,45,-19,-118,386,380,375,372,924,
390,389,391,80,-25,-424,384,376,371,370,928,
381,387,392,65,-156,-480,391,386,381,374,930,
376,387,391,33,-222,-461,378,367,365,362,928,
367,385,389,-28,-165,-512,391,387,374,366,923,
369,383,387,1,-157,-512,387,386,376,367,905,
381,386,386,60,76,-512,380,376,369,361,836,
386,386,386,40,-6,-91,379,373,368,358,698,
383,386,386,-7,5,-257,391,390,380,374,684,
386,393,380,-21,438,-256,366,358,356,350,667,
381,390,377,-203,288,-429,362,348,341,338,751,
393,378,375,-25,-84,73,364,349,337,339,845,
395,389,379,356,-127,229,393,392,381,370,881,
392,389,387,35,90,-427,393,396,398,392,891,
386,387,387,-5,112,-257,378,373,374,375,897,
385,388,385,-29,61,83,386,387,379,377,901,
386,387,386,-24,-40,-154,383,380,382,381,901,
385,386,386,109,64,-512,378,371,366,366,908,
386,389,387,39,-12,-235,379,372,370,367,909,
386,386,386,44,-51,188,389,383,374,368,909,
387,389,386,-2,59,-120,380,376,375,372,908,
387,389,387,61,52,-512,379,372,366,364,911,
383,389,386,-19,-124,-59,380,376,371,366,911,
383,387,388,-49,-188,234,385,375,372,366,910,
385,388,386,25,-3,-194,384,387,380,375,911,
384,390,387,21,-95,-149,378,368,369,368,910,
379,387,387,-68,-167,303,379,371,363,360,912,
379,386,386,-56,-192,-138,394,389,376,365,910,
381,386,386,-17,-334,77,369,363,361,362,907,
383,387,385,-40,-185,-46,387,386,377,370,896,
377,381,380,-307,241,169,385,373,367,365,862,
386,404,367,-267,511,-512,372,375,376,365,820,
388,451,375,511,511,-512,365,360,358,357,801,
320,493,410,511,511,-512,389,377,364,361,789,
331,524,438,416,511,-512,370,311,287,290,715,
278,432,450,-58,511,-461,448,413,394,358,636,
282,435,456,-73,511,12,461,447,427,407,700,
265,377,431,-203,-312,479,424,412,403,390,631,
315,357,433,132,-16,474,390,361,297,320,621,
296,323,431,-451,-241,310,431,414,404,371,638,
293,298,429,-45,345,402,427,418,408,391,642,
311,285,418,94,463,373,422,421,419,407,670,
383,290,413,18,464,258,431,440,460,446,656,
455,300,413,-136,509,511,402,402,397,402,649,
533,324,412,-30,511,511,387,375,352,363,640,
454,353,425,344,333,434,408,390,375,368,652,
387,375,429,147,54,-28,433,425,426,407,654,
351,382,433,-1,61,-116,442,441,453,439,654,
353,379,434,-13,101,-54,119,0,0,0,617,
8,4,430,116,511,216,221,26,0,0,855,
5,1018,371,-512,-512,511,265,168,222,140,967,
375,124,376,-246,247,1,262,151,159,149,972,
339,384,378,-27,-312,-512,341,261,220,192,967,
333,394,380,84,296,-36,380,340,292,260,946,
368,394,384,97,183,-404,388,372,334,308,930,
382,394,389,-23,193,68,377,362,334,318,942,
384,394,390,135,152,-292,375,361,350,335,947,
378,392,391,67,57,-512,388,376,370,358,941,
379,393,391,-36,95,-76,393,391,381,375,935,
382,392,392,-40,114,-27,387,386,380,375,910,
393,390,393,77,44,-80,377,364,361,353,882,
394,394,394,-202,-2,-512,378,364,355,349,885,
390,390,391,0,-23,44,389,379,373,364,892,
388,391,391,-29,6,35,387,384,377,371,896,
389,393,391,76,10,425,389,385,379,374,903,
391,391,390,5,-40,25,391,391,384,381,907,
387,392,389,38,49,-364,384,380,376,375,909,
387,393,390,-10,34,-271,383,379,377,373,909,
389,391,389,-52,37,-384,386,383,376,376,910,
387,389,390,-58,-54,-308,387,382,379,375,913,
389,392,389,-69,-50,-206,388,384,378,374,913,
386,391,389,101,-3,-512,387,386,381,379,915,
388,393,389,-22,-15,40,385,382,381,379,918,
388,393,389,-20,4,-40,383,376,370,367,919,
388,392,389,-25,5,-89,389,387,382,377,922,
387,393,389,17,-76,-493,387,384,380,378,922,
390,393,388,-55,-3,-310,387,385,383,381,920,
389,390,388,-156,1,18,388,386,383,382,933,
388,392,389,-152,34,68,384,381,374,373,935,
385,392,387,-79,-39,34,387,383,378,375,939,
388,391,388,-38,34,40,380,374,375,371,935,
388,394,388,115,-82,-385,385,378,371,368,932,
387,392,387,226,-72,-481,384,379,374,370,929,
388,392,387,49,-43,-342,380,375,366,363,929,
387,394,388,105,-5,-239,380,373,370,365,927,
389,392,387,59,-12,-265,382,375,368,364,925,
388,391,388,-90,42,-164,383,377,371,368,927,
389,392,388,36,-40,-512,379,371,362,359,926,
388,395,388,51,-39,50,385,381,374,369,927,
388,393,388,56,-45,-183,386,384,381,376,929,
386,391,388,-56,40,-79,383,377,374,371,929,
387,393,388,-107,101,-195,386,382,377,374,934,
387,393,388,-193,-4,481,382,376,367,364,932,
389,393,388,-154,92,-33,385,380,375,369,929,
387,393,388,-73,29,-216,381,375,371,366,929,
387,389,388,137,81,-512,379,372,362,360,930,
388,393,388,30,48,490,388,390,384,377,933,
380,394,388,495,-106,-498,384,381,377,375,938,
389,394,388,-142,-50,-337,376,368,368,368,939,
388,393,389,-138,20,-374,388,385,381,376,944,
387,392,387,-89,-32,-404,385,379,375,372,948,
389,389,388,77,89,-160,384,384,377,375,946,
388,393,387,86,85,-240,376,373,369,367,945,
385,393,387,-165,28,-512,374,361,359,354,932,
396,382,386,-12,-271,-512,339,311,266,294,933,
391,387,385,-313,99,164,398,384,381,351,922,
389,394,383,37,22,-217,385,384,392,377,919,
390,390,387,72,33,222,389,386,392,382,920,
391,388,388,4,-21,74,381,377,378,376,905,
386,393,387,-144,138,435,372,362,355,349,888,
384,394,386,-190,26,-370,389,385,376,373,902,
380,391,386,4,157,297,393,398,391,390,926,
386,390,388,21,39,-371,392,397,397,396,932,
403,396,390,-7,77,-67,388,390,392,390,927,
402,397,386,-123,45,-281,374,369,367,368,912,
391,393,386,-113,-55,-200,384,379,375,371,914,
390,392,385,-132,-77,366,382,378,371,366,908,
391,391,388,66,-186,-393,375,360,357,349,874,
388,393,387,-221,-244,-175,371,358,355,351,794,
385,392,384,-56,-251,52,372,358,350,340,709,
383,393,383,83,-215,-512,371,358,351,342,696,
379,390,382,48,-155,-232,372,361,355,348,698,
377,392,382,-67,-159,-327,380,373,362,355,688,
374,391,383,41,-154,-26,381,374,368,362,679,
385,391,384,145,-172,-180,379,372,365,359,678,
401,390,384,230,-162,-282,378,374,366,361,673,
411,392,385,109,-43,-84,379,372,368,362,674,
401,393,380,-100,-188,-426,368,357,351,349,668,
381,391,381,-5,-86,-109,376,367,354,349,665,
388,393,383,69,-76,-308,381,375,373,364,670,
387,392,380,-23,-129,-91,376,372,367,363,669,
387,395,381,25,-134,-94,375,369,366,360,674,
385,393,380,-47,-124,-451,377,372,368,363,667,
394,394,379,48,-84,62,373,368,362,359,654,
395,394,377,-23,2,-380,372,367,362,359,654,
388,392,380,-55,-27,-149,375,370,365,360,652,
389,393,378,28,-15,-270,374,369,364,360,654,
386,394,379,1,-9,-138,373,367,362,357,655,
389,393,379,-14,8,-125,374,368,364,359,658,
387,392,379,-2,-11,-420,374,369,364,360,658,
384,392,379,22,1,-290,373,366,361,357,657,
387,392,379,8,4,-321,373,367,360,355,657,
389,391,378,-4,-37,-117,374,369,363,358,659,
387,393,379,-8,-22,-63,373,368,363,359,660,
383,392,379,34,24,-442,373,368,361,357,659,
399,393,378,-7,4,-9,368,360,352,349,656,
382,387,377,-24,-21,-116,377,373,369,364,655,
385,393,378,30,-7,-5,375,371,368,363,662,
388,392,379,25,0,-186,374,369,365,361,662,
394,393,380,17,-3,-91,373,368,363,359,661,
380,391,378,-58,-13,-49,375,370,364,359,662,
389,393,380,71,-7,-160,374,368,362,358,662,
387,393,379,42,5,-281,375,371,365,360,662,
386,392,380,-65,-14,-268,374,369,365,361,664,
386,392,379,57,-2,-246,375,371,366,362,665,
388,391,379,51,-11,-131,373,368,363,359,664,
385,391,378,19,-40,-115,374,369,364,360,665,
376,390,380,4,-2,-122,371,364,356,353,662,
391,397,380,31,0,-211,378,372,366,360,662,
384,392,379,30,-18,-375,374,371,367,361,661,
386,393,379,-15,-20,-201,374,369,364,361,661,
384,392,379,-15,-17,-169,372,367,361,358,661,
388,392,380,44,6,-308,370,362,357,353,661,
381,392,382,173,-388,-124,375,367,362,358,732,
387,393,380,-112,-162,-185,381,377,370,364,703,
386,391,379,9,-116,-171,382,384,377,373,729,
388,393,378,37,-67,-233,380,383,379,377,763,
386,392,379,8,-37,-256,376,376,374,372,771,
388,392,379,24,-14,-245,373,370,368,366,754,
389,391,379,21,-6,-245,365,355,352,347,680,
387,391,379,-10,1,-242,387,387,376,372,665,
387,392,379,45,3,-239,369,366,364,361,663,
387,391,379,23,2,-245,367,358,356,352,661,
387,392,379,5,1,-246,369,360,354,350,660,
387,392,378,11,1,-247,372,363,356,351,662,
387,392,379,17,1,-246,373,365,358,353,662,
386,391,379,15,-1,-245,374,367,360,355,660,
386,391,378,17,-1,-245,374,368,362,357,662,
387,392,379,17,-2,-245,373,368,362,357,661,
387,392,379,16,-1,-246,374,368,363,358,661,
387,392,379,17,-1,-245,374,368,363,358,661,
386,391,378,16,0,-248,374,368,363,358,662,
387,392,378,16,0,-246,374,368,363,359,661,
386,391,379,15,-1,-246,374,368,363,359,662,
387,391,379,16,-1,-246,374,369,363,359,661,
387,391,379,14,0,-244,374,369,363,359,663,
387,391,379,16,-1,-246,374,369,363,359,662,
387,391,379,15,0,-245,374,369,364,359,663,
386,391,379,16,0,-246,374,369,364,359,664,
386,391,379,16,-3,-249,374,369,364,359,666,
387,391,379,17,-6,-247,374,369,364,359,666,
387,392,379,17,-5,-245,374,369,364,359,666,
386,391,379,16,-4,-245,374,369,364,359,666,
387,391,379,16,0,-245,374,369,364,359,666,
387,391,379,16,-1,-249,374,369,364,359,666,
386,391,379,16,-5,-245,374,369,364,360,667,
386,391,379,16,-3,-246,374,369,364,360,666,
386,391,379,16,-5,-246,374,369,364,360,667,
386,390,379,16,-13,-246,374,369,364,360,666,
387,391,379,16,-12,-247,374,369,364,360,666,
387,391,379,15,-9,-248,374,369,364,359,666,
387,390,380,17,-7,-245,374,369,364,359,666,
386,391,379,10,38,-252,374,369,363,359,666,
386,391,380,13,-1,-249,374,369,364,359,665,
386,391,379,17,-13,-245,374,369,364,359,666,
386,391,379,15,-12,-245,374,369,364,360,666,
386,390,379,16,-9,-246,374,369,364,360,667,
386,391,379,16,4,-247,375,369,364,360,666,
386,391,379,17,2,-247,374,369,364,359,664,
386,391,379,16,-7,-246,374,369,364,360,666,
387,391,380,16,-5,-246,374,369,364,360,666,
386,391,379,16,0,-246,374,369,364,360,666,
386,391,379,15,0,-246,374,369,364,360,665,
386,391,380,15,-5,-246,375,369,364,360,665,
386,391,380,16,-2,-246,375,369,364,360,665,
387,391,379,16,-2,-245,375,369,364,360,665,
386,391,380,16,-5,-246,375,369,364,360,664,
386,390,380,16,-3,-246,375,370,364,360,665,
386,391,380,14,-1,-245,375,370,365,360,665,
386,391,380,16,-1,-245,375,370,365,360,665,
386,391,380,15,-2,-247,375,370,365,360,665,
386,391,380,16,-4,-247,375,370,365,360,666,
386,391,380,14,-2,-245,375,370,365,361,666,
386,390,380,16,0,-247,375,370,365,360,666,
386,391,380,14,-1,-247,375,370,365,360,665,
386,391,380,16,-4,-247,375,370,365,360,665,
386,390,380,15,-3,-247,375,370,365,360,665,
386,390,380,15,-4,-245,375,370,365,360,665,
386,391,380,16,-1,-247,375,370,365,360,662,
386,391,379,15,-1,-246,375,370,365,361,664,
386,390,380,16,-2,-246,379,377,371,367,663,
386,390,380,18,0,-250,376,373,369,367,664,
386,390,380,14,3,-251,373,368,364,361,664,
386,391,380,14,-12,-248,374,367,362,358,665,
386,391,380,15,-1,-246,374,367,361,356,666,
387,390,380,30,-7,-239,373,366,361,356,669,
384,388,378,0,-1,-297,372,366,361,356,678,
387,388,375,29,-19,-494,368,361,357,352,682,
392,390,373,83,-48,-425,367,361,356,351,679,
397,391,373,101,-61,-318,369,364,358,353,677,
398,390,374,82,-60,-299,370,366,360,355,676,
396,389,374,57,-51,-308,370,366,361,357,676,
391,389,373,47,-41,-348,370,366,361,357,678,
386,389,373,63,-27,-367,369,365,360,357,678,
382,391,373,86,-29,-322,369,364,360,356,677,
383,390,374,91,-32,-290,369,364,359,356,677,
387,390,374,82,-33,-272,369,364,359,355,676,
391,390,374,67,-26,-281,369,364,359,355,676,
391,390,374,40,-16,-275,369,364,359,355,675,
390,390,374,33,-16,-236,368,363,358,354,673,
387,390,374,43,-14,-181,368,363,358,354,671,
388,389,374,44,-12,-171,369,363,358,354,673,
387,388,375,17,-2,-175,370,364,358,354,672,
384,389,375,-1,1,-158,370,364,359,354,671,
381,388,375,-16,-3,-125,370,364,359,354,669,
378,387,374,-16,-4,-102,369,364,358,354,669,
376,386,373,-22,-2,-96,369,363,358,354,669,
374,384,372,-20,-3,-78,368,363,357,353,668,
372,382,371,-22,-4,-75,367,362,357,353,669,
371,381,370,-34,-7,-136,366,361,357,353,668,
371,381,367,-34,0,-227,364,361,357,353,673,
376,384,367,56,10,-347,363,359,356,352,677,
388,386,370,128,6,-358,364,359,355,351,678,
401,387,374,128,-3,-322,367,360,355,351,678,
408,388,375,68,-7,-324,369,362,356,352,678,
407,388,374,-6,-4,-306,369,363,357,352,676,
401,389,373,-30,3,-279,369,363,358,353,676,
394,389,371,-30,4,-264,367,362,357,353,676,
387,390,371,-10,6,-233,366,362,357,353,675,
383,390,370,4,7,-220,366,361,356,352,674,
380,390,370,19,4,-204,365,360,355,352,675,
379,391,371,18,2,-198,366,360,355,351,674,
378,392,371,15,-3,-184,366,361,355,351,674,
378,393,372,9,-6,-175,367,361,356,351,674,
379,394,372,1,-9,-175,367,361,356,352,673,
381,395,371,-5,-10,-173,367,361,356,352,672,
383,395,370,-7,-8,-177,366,361,356,352,673,
383,395,370,-4,-10,-188,365,360,355,351,673,
384,395,370,1,-5,-226,365,360,355,351,675,
383,395,369,6,1,-286,365,360,355,351,676,
381,395,370,17,11,-289,365,360,355,351,677,
380,394,372,37,26,-267,366,361,355,351,678,
383,392,373,54,31,-255,367,361,356,352,678,
388,390,373,51,39,-268,368,362,356,352,678,
390,390,374,34,37,-290,368,363,357,353,677,
388,390,375,14,29,-294,369,364,358,353,678,
385,392,376,12,25,-276,370,364,359,354,678,
383,392,377,8,24,-249,371,365,360,355,677,
380,393,377,11,22,-219,372,366,360,356,676,
380,392,377,9,16,-186,372,366,361,356,673,
380,390,378,6,13,-166,372,367,361,356,675,
380,389,378,1,12,-162,373,367,362,357,673,
380,389,377,-7,17,-166,372,367,362,357,674,
379,388,377,-8,16,-156,372,367,362,357,673,
379,388,377,0,20,-136,372,367,362,358,672,
380,387,378,10,20,-128,372,367,362,358,672,
382,386,377,26,26,-141,372,367,362,358,672,
385,386,378,33,29,-147,373,367,362,358,672,
388,386,379,28,34,-190,374,368,362,358,673,
389,386,380,23,31,-222,374,369,363,359,675,
391,387,380,24,24,-266,375,369,364,359,676,
390,388,381,24,17,-305,376,370,364,360,679,
385,388,382,9,6,-350,377,371,365,361,679,
382,389,384,-1,3,-325,379,372,367,362,680,
382,390,384,-10,1,-271,379,373,367,363,676,
384,389,384,-12,0,-234,380,374,368,363,677,
386,389,384,-21,-4,-215,379,374,368,364,676,
386,390,383,-26,-2,-224,378,373,368,364,676,
384,389,383,-27,-5,-251,378,373,368,364,677,
383,390,382,-19,-3,-266,378,372,367,363,677,
384,391,382,-2,-2,-242,377,372,367,363,677,
387,392,382,14,-4,-212,377,372,367,363,677,
391,392,382,16,-9,-203,377,372,367,362,677,
393,393,382,12,-12,-227,377,371,366,362,677,
394,392,382,4,-16,-239,377,372,366,362,678,
394,392,382,3,-17,-244,377,372,367,363,678,
394,392,382,10,-15,-237,377,372,367,363,678,
393,391,383,2,-18,-256,378,373,367,363,678,
390,391,383,-19,-24,-295,378,373,368,363,679,
385,391,382,-28,-27,-306,378,373,368,363,679,
382,392,382,-26,-29,-300,378,372,367,363,679,
379,391,383,-25,-22,-296,378,373,368,363,679,
380,391,384,-23,-19,-308,379,373,368,364,680,
381,392,384,-34,-20,-316,379,373,368,364,680,
383,391,384,-35,-24,-310,378,373,368,364,680,
385,391,384,-29,-24,-298,379,373,368,364,679,
386,391,384,-15,-19,-262,379,373,368,363,678,
387,391,384,-14,-18,-240,379,374,368,364,679,
387,390,385,-23,-20,-241,380,374,369,364,679,
388,390,385,-29,-21,-248,380,374,369,364,679,
388,389,384,-32,-23,-267,379,374,369,365,679,
387,390,384,-29,-20,-271,379,374,369,365,679,
387,390,384,-26,-22,-262,379,374,369,365,678,
387,389,384,-27,-20,-262,379,374,369,365,679,
387,390,382,-19,-17,-260,378,373,368,364,678,
387,389,383,-22,-11,-257,378,373,368,364,680,
386,390,383,-20,-10,-248,378,373,368,364,679,
386,389,383,-13,-14,-232,378,373,368,363,678,
387,389,384,-9,-15,-232,378,373,368,364,679,
388,388,383,-7,-14,-247,378,373,368,364,679,
388,388,383,-1,-12,-244,378,373,368,364,679,
389,389,384,-2,-9,-236,379,373,368,364,678,
388,389,384,-11,-6,-219,379,373,368,364,678,
387,388,384,-19,-7,-222,379,374,368,364,678,
384,388,384,-3,-10,-218,379,374,369,365,678,
381,385,386,-74,-9,-330,381,374,369,365,670,
367,387,385,13,7,-252,383,382,377,371,679,
386,389,383,21,7,-15,379,375,370,366,673,
386,389,384,41,-1,-342,376,368,366,362,675,
384,389,383,-46,-17,-240,378,371,366,362,675,
384,389,383,32,1,-272,379,373,367,363,673,
386,389,384,6,-4,-255,378,372,367,362,672,
386,388,383,7,-8,-247,378,372,367,362,673,
385,389,384,14,-13,-246,379,373,367,363,673,
385,388,383,19,-10,-249,378,373,368,363,673,
385,390,383,16,-7,-247,378,373,368,363,673,
385,389,384,16,-2,-247,379,373,368,364,673,
386,389,383,19,-1,-246,379,373,368,364,673,
386,390,383,15,1,-246,378,373,368,364,673,
386,389,383,12,-2,-245,378,373,368,364,673,
385,389,383,11,-5,-243,379,373,368,364,673,
385,388,383,20,-3,-247,378,373,368,364,673,
385,389,383,15,-4,-248,378,373,368,364,673,
386,389,383,19,-1,-248,378,373,368,364,673,
386,388,383,17,-4,-245,378,373,368,364,673,
385,389,383,11,-4,-246,378,373,368,364,673,
385,389,384,19,-1,-248,378,373,368,364,673,
386,389,383,15,-4,-246,378,373,368,364,673,
385,389,384,15,-3,-245,379,373,368,364,673,
385,388,384,14,-4,-245,379,373,368,364,674,
385,389,384,16,-3,-247,379,373,368,364,673,
386,390,384,17,-3,-246,379,373,368,364,674,
386,389,383,14,-3,-244,378,373,368,364,674,
385,389,383,16,-4,-246,378,373,368,364,674,
385,389,384,16,-2,-246,378,373,368,364,674,
385,389,383,15,-3,-248,378,373,368,364,674,
385,389,383,16,-3,-246,378,373,368,364,674,
385,388,384,16,-2,-247,378,373,368,364,673,
386,389,383,14,-3,-247,378,373,368,364,674,
385,388,384,16,-3,-248,379,373,368,364,674,
385,388,383,16,-3,-247,379,373,368,364,674,
385,389,384,15,-4,-243,379,373,368,364,674,
385,388,383,17,-4,-246,379,373,368,364,674,
385,389,383,16,-3,-245,379,373,368,364,674,
386,389,383,14,-3,-247,378,373,368,364,674,
385,389,384,16,-4,-246,379,373,368,364,674,
385,389,383,15,-2,-247,379,373,368,364,674,
385,389,383,15,-3,-245,379,373,368,364,673,
385,389,383,16,-2,-248,378,373,368,364,674,
385,388,383,14,-2,-247,378,373,368,364,674,
386,388,383,16,-5,-248,378,373,368,364,673,
385,389,384,16,-4,-247,378,373,368,364,674,
385,389,384,14,-3,-246,379,373,368,364,674,
385,389,383,15,-2,-247,379,373,368,364,674,
385,389,383,15,-2,-245,379,373,368,364,674,
385,390,384,15,-3,-245,379,373,368,364,674,
385,389,383,15,-4,-249,379,373,368,364,674,
385,388,383,16,-4,-245,379,373,368,364,674,
385,388,383,16,-3,-246,378,373,368,364,674,
385,388,383,15,-4,-244,379,373,368,364,675,
385,389,384,16,-4,-246,379,373,368,364,674,
385,388,383,15,-3,-246,378,373,368,364,673,
386,389,383,15,-4,-246,379,373,368,364,675,
385,389,384,16,-3,-246,379,373,368,364,675,
385,388,384,15,-3,-244,379,373,368,364,675,
385,388,383,17,-2,-245,379,373,368,364,675,
385,389,383,15,-3,-246,379,373,368,364,675,
385,390,383,16,-4,-245,378,373,368,364,675,
385,389,383,16,-3,-245,378,373,368,364,675,
385,388,383,15,-3,-246,378,373,368,364,675,
385,389,384,16,-4,-245,379,373,368,364,675,
385,388,383,14,-2,-245,379,373,368,364,675,
385,388,384,16,-2,-245,379,373,368,364,675,
385,388,383,15,-3,-246,379,373,368,364,675,
385,389,383,14,-3,-246,378,373,368,364,675,
385,388,384,15,-4,-246,379,373,368,364,675,
385,388,383,17,-4,-247,378,373,368,364,675,
385,389,383,14,-3,-244,378,373,368,364,675,
385,389,384,15,-3,-245,379,373,368,364,675,
385,389,384,15,-4,-246,379,373,368,364,675,
386,388,384,15,-2,-245,379,373,368,364,675,
384,388,383,16,-3,-246,378,373,368,364,675,
385,389,384,15,-2,-245,379,373,368,364,675,
385,388,383,14,-3,-244,379,373,368,364,675,
386,388,384,15,-3,-245,379,373,368,364,675,
385,388,384,16,-3,-247,379,373,368,364,673,
385,388,384,14,-3,-247,379,373,368,364,675,
385,389,383,16,-5,-246,378,373,368,364,675,
385,389,383,15,-3,-246,379,373,368,364,675,
385,388,383,15,-3,-246,378,373,368,364,674,
385,389,383,15,-2,-246,378,373,368,364,675,
385,388,383,14,-3,-246,378,373,368,364,674,
385,388,384,16,-3,-247,379,373,368,364,675,
385,388,384,16,-5,-247,378,373,368,364,673,
385,388,384,15,-2,-245,379,373,368,364,675,
385,388,384,16,-3,-246,379,373,368,364,675,
385,389,383,15,-2,-247,379,373,368,364,675,
385,388,384,16,-4,-246,379,373,368,364,675,
385,388,383,14,-3,-245,379,373,368,364,675,
385,388,384,16,-3,-246,378,373,368,364,675,
385,388,384,17,-4,-246,379,373,368,364,675,
385,389,384,16,-3,-248,379,374,368,364,675,
385,389,384,17,-3,-247,379,374,368,364,675,
385,388,384,15,-3,-246,379,374,368,364,675,
385,389,384,15,-2,-248,379,374,368,364,675,
385,388,384,15,-3,-246,379,373,368,364,675,
385,388,384,16,-3,-247,379,374,368,364,675,
385,389,384,14,-3,-248,379,374,368,364,675,
385,388,383,15,-3,-247,379,373,368,364,675,
385,388,384,16,-4,-245,379,373,368,364,675,
385,388,383,16,-2,-247,378,373,368,364,676,
385,389,383,15,-3,-247,378,373,368,364,676,
385,388,383,17,-3,-247,378,373,368,364,675,
385,388,384,16,-3,-247,379,373,368,364,675,
385,388,383,15,-2,-247,378,373,368,364,676,
385,389,384,15,-3,-247,378,373,368,364,676,
385,389,384,16,-3,-245,378,373,368,363,674,
385,388,384,16,-3,-247,379,373,368,364,676,
385,388,384,16,-4,-247,379,373,368,364,675,
385,388,384,16,-4,-244,379,373,368,364,675,
385,388,384,15,-3,-246,379,373,368,364,676,
385,388,383,16,-4,-246,378,373,368,364,676,
385,388,383,15,-3,-247,378,373,368,364,676,
385,388,384,15,-3,-247,378,373,368,364,675,
385,388,384,16,-3,-247,379,373,368,364,676,
385,389,383,16,-3,-243,378,373,368,364,674,
385,388,384,15,-3,-246,379,373,368,364,676,
385,389,384,15,-4,-245,379,373,368,364,676,
385,388,384,15,-3,-246,379,374,368,364,676,
385,388,383,16,-3,-247,379,373,368,364,676,
384,388,384,16,-3,-246,379,373,368,364,676,
384,388,383,16,-2,-246,379,373,368,364,676,
385,387,383,14,-3,-248,379,373,368,364,676,
385,388,383,14,-3,-246,378,373,368,364,677,
385,389,384,15,-3,-246,378,373,368,364,677,
385,388,384,16,-2,-246,378,373,368,364,675,
385,387,383,16,-4,-246,378,373,368,364,677,
385,388,383,14,-2,-248,378,373,368,364,677,
384,388,383,14,-2,-248,379,373,368,364,677,
385,389,384,16,-3,-246,379,373,368,364,677,
385,388,383,14,-2,-246,378,373,368,364,677,
385,389,384,16,-3,-247,379,373,368,364,677,
385,388,384,15,-2,-245,379,373,368,364,677,
384,388,384,16,-4,-246,379,373,368,364,676,
385,388,384,16,-3,-245,379,374,368,364,677,
385,388,383,15,-2,-245,379,373,368,364,676,
385,388,383,14,-3,-246,379,373,368,364,677,
385,388,384,16,-3,-246,379,373,368,364,678,
384,388,383,16,-4,-247,379,373,368,364,677,
385,389,384,15,-2,-245,379,373,368,364,678,
385,388,384,15,-2,-247,379,373,368,364,677,
385,388,383,15,-2,-248,378,373,368,364,677,
385,388,383,16,-4,-248,378,373,368,364,677,
385,388,384,15,-3,-245,379,373,368,364,678,
385,388,384,16,-4,-246,379,373,368,364,678,
385,388,383,14,-2,-246,379,373,368,364,678,
385,388,384,16,-2,-247,379,373,368,364,677,
385,388,384,16,-3,-246,379,373,368,364,678,
385,388,383,15,-3,-247,378,373,368,364,677,
385,388,384,15,-4,-245,379,373,368,364,677,
384,388,383,15,-3,-244,378,373,368,364,677,
385,388,384,16,-2,-246,378,373,368,364,677,
384,388,384,14,-2,-245,379,373,368,364,678,
385,388,384,16,-2,-243,379,373,368,364,678,
385,388,384,15,-3,-246,379,373,368,364,678,
385,388,384,15,-2,-246,379,373,368,364,678,
385,388,384,16,-4,-246,379,373,368,364,678,
385,388,384,15,-5,-247,379,373,368,364,678,
385,388,383,16,-4,-246,379,373,368,364,678,
385,388,384,16,-3,-248,379,373,368,364,677,
385,388,384,16,-2,-246,378,373,368,364,677,
385,388,383,15,-3,-247,378,373,368,364,678,
384,388,383,15,-3,-248,378,373,368,364,677,
385,388,383,16,-2,-245,379,373,368,364,678,
385,388,384,16,-2,-245,379,373,368,364,677,
385,388,383,16,-4,-246,379,373,368,364,678,
385,388,383,16,-3,-245,378,373,368,364,678,
385,387,384,14,-4,-247,379,373,368,364,678,
385,388,384,15,-2,-246,379,373,368,364,678,
384,388,384,16,-4,-246,379,373,368,364,678,
385,388,383,16,-4,-246,379,373,368,364,678,
385,387,384,15,-3,-245,379,373,368,364,678,
385,388,383,16,-3,-245,378,373,368,364,678,
385,388,384,17,-2,-246,379,373,368,364,678,
385,389,383,16,-3,-246,378,373,368,364,678,
385,388,383,16,-2,-246,378,373,368,364,677,
385,388,383,15,-3,-246,379,373,368,364,678,
384,388,383,15,-2,-248,379,373,368,364,677,
385,388,384,15,-4,-248,379,373,368,364,678,
384,388,384,15,-2,-247,379,373,368,364,677,
384,388,384,15,-3,-247,379,373,368,364,678,
385,388,384,15,-3,-245,379,373,368,364,678,
385,387,383,15,-4,-245,379,373,368,364,678,
385,388,384,16,-3,-246,379,373,368,364,678,
385,388,384,16,-4,-246,379,373,368,364,678,
385,388,384,15,-2,-243,379,373,368,364,678,
385,388,384,16,-4,-245,379,373,368,364,678,
384,387,384,16,-3,-247,379,373,368,364,678,
385,388,383,15,-3,-248,378,373,368,364,678,
385,388,384,15,-3,-246,379,373,368,364,677,
384,388,384,16,-3,-246,379,373,368,364,678,
385,388,384,15,-3,-244,379,373,368,364,679,
385,388,384,15,-3,-245,379,373,368,364,679,
385,388,384,15,-1,-245,379,373,368,364,679,
385,388,384,15,-2,-246,379,373,368,364,678,
385,388,384,15,-2,-246,379,373,368,364,679,
385,388,383,15,-4,-247,379,373,368,364,679,
384,387,384,17,-2,-245,378,373,368,364,679,
385,388,384,14,-2,-245,379,373,368,364,679,
385,387,383,15,-3,-247,378,373,368,364,679,
385,388,384,15,-2,-245,379,373,368,364,679,
385,388,383,17,-3,-247,379,373,368,364,679,
384,388,384,16,-4,-245,379,373,368,364,679,
385,388,384,16,-2,-246,379,373,368,364,679,
385,388,384,15,-4,-246,379,373,368,364,679,
385,388,384,15,-3,-245,379,373,368,364,679,
384,387,384,16,-4,-246,379,373,368,364,678,
385,388,384,16,-4,-247,379,374,368,364,679,
385,388,383,15,-2,-247,379,373,368,364,678,
385,388,384,16,-2,-247,379,373,368,364,679,
385,388,384,15,-2,-247,379,374,368,364,679,
385,387,383,14,-2,-247,379,373,368,364,679,
385,388,384,16,-3,-247,379,374,368,364,679,
385,387,384,15,-3,-248,379,373,368,364,678,
385,388,384,16,-2,-246,379,373,368,364,678,
385,388,384,14,-3,-247,379,374,368,364,679,
385,388,383,16,-2,-248,379,373,368,364,678,
384,388,384,17,-3,-248,379,374,368,364,678,
385,388,384,17,-3,-247,379,374,368,364,678,
385,388,384,17,-4,-246,379,373,368,364,677,
385,388,383,15,-2,-246,379,373,368,364,678,
385,388,384,16,-2,-246,379,373,368,364,678,
385,388,384,15,-3,-247,379,373,368,364,678,
385,388,383,16,-3,-246,378,373,368,364,678,
385,388,384,16,-2,-245,379,373,368,364,678,
385,388,384,15,-3,-245,379,373,368,364,678,
385,388,384,14,-2,-245,379,373,368,364,678,
384,387,383,16,-3,-246,379,373,368,364,678,
384,388,384,15,-3,-246,379,373,368,364,678,
385,388,383,15,-3,-245,379,373,368,364,678,
385,387,384,15,-3,-247,379,373,368,364,678,
385,388,384,15,-3,-246,379,373,368,364,678,
385,388,384,16,-4,-247,379,373,368,364,678,
385,388,383,16,-3,-246,379,373,368,364,678,
384,388,384,16,-3,-248,379,374,368,364,679,
385,388,384,15,-3,-246,379,374,368,364,678,
385,388,384,16,-5,-248,379,374,368,364,678,
385,388,384,15,-4,-247,379,374,368,364,678,
385,388,384,15,-3,-247,379,374,368,364,679,
385,388,384,13,-3,-245,379,374,369,364,678,
385,388,384,16,-4,-247,379,374,369,364,678,
384,387,384,16,-2,-244,379,374,368,364,678,
385,388,383,15,-3,-246,379,374,369,364,679,
385,388,383,15,-2,-244,379,374,368,364,678,
385,388,384,16,-4,-246,379,373,368,364,679,
385,388,384,14,-4,-245,379,374,368,364,679,
385,388,384,16,-4,-248,379,373,368,364,679,
384,387,384,14,-3,-247,379,373,368,364,679,
384,387,384,16,-5,-246,379,374,368,364,679,
385,388,384,16,-2,-245,379,374,368,364,679,
385,388,384,15,-2,-246,379,374,368,364,679,
385,388,383,14,-3,-244,379,374,368,364,679,
385,388,384,16,-3,-246,379,373,368,364,679,
385,388,384,16,-4,-247,379,374,368,364,678,
385,388,384,15,-2,-246,379,374,368,364,679,
385,388,384,17,-4,-248,379,374,369,364,679,
385,388,384,15,-4,-247,379,374,369,364,679,
385,387,383,15,-4,-245,378,373,368,364,678,
385,388,384,15,-3,-246,379,373,368,364,679,
384,388,384,14,-2,-247,379,373,368,364,678,
385,388,383,15,-3,-245,379,373,368,364,679,
385,387,384,15,-4,-246,379,373,368,364,678,
384,387,384,16,-3,-246,379,374,368,364,679,
385,387,384,15,-3,-245,379,374,368,364,679,
385,388,384,15,-3,-247,379,374,368,364,679,
384,388,384,17,-2,-246,379,374,368,364,679,
385,388,383,15,-4,-247,379,374,368,364,679,
385,388,384,16,-3,-246,379,374,368,364,679,
385,388,384,16,-3,-247,379,373,368,364,679,
385,387,384,17,-4,-247,379,373,368,364,679,
385,388,383,17,-1,-246,378,373,368,364,678,
384,388,384,15,-2,-245,379,373,368,364,679,
384,387,384,17,-3,-247,379,373,368,364,677,
385,388,384,16,-3,-247,379,374,368,364,679,
385,387,383,15,-3,-248,378,373,368,364,679,
385,388,384,16,-3,-246,378,373,368,364,679,
385,388,384,16,-2,-247,378,373,368,364,679,
385,388,383,16,-3,-246,378,373,368,364,679,
385,388,384,15,-3,-245,379,373,368,364,679,
385,388,384,17,-3,-246,379,373,368,364,679,
385,388,384,15,-3,-245,379,373,368,364,679,
385,387,384,17,-4,-246,379,373,368,364,679,
384,387,384,17,-5,-247,379,373,368,364,679,
384,388,384,17,-3,-246,379,373,368,364,679,
385,387,383,15,-4,-246,379,373,368,364,679,
385,387,384,14,-3,-246,379,373,368,364,679,
384,387,384,16,-4,-245,378,373,368,364,679,
384,388,384,16,-4,-246,379,373,368,364,679,
385,387,384,15,-1,-246,379,373,368,364,679,
384,387,384,15,-4,-246,379,373,368,364,679,
385,388,384,16,-2,-246,379,373,368,364,679,
385,388,383,16,-3,-247,378,373,368,364,679,
385,387,384,15,-3,-246,379,373,368,364,678,
385,387,384,15,-3,-245,379,373,368,364,679,
384,387,384,15,-3,-248,379,373,368,364,678,
385,387,384,16,-4,-247,379,373,368,364,679,
385,388,383,14,-2,-246,379,373,368,364,678,
385,387,384,15,-3,-246,379,374,368,364,679,
385,389,384,14,-2,-246,379,374,368,364,678,
385,387,384,15,-2,-244,379,374,368,364,679,
384,387,384,15,-4,-245,379,374,368,364,679,
384,388,384,16,-3,-246,379,374,368,364,679,
385,388,384,15,-2,-247,379,374,368,364,679,
384,388,384,16,-3,-246,379,374,368,364,679,
385,388,383,17,-4,-245,379,374,368,364,679,
384,387,383,15,-2,-248,378,373,368,364,678,
384,387,383,15,-1,-246,378,373,368,364,679,
384,387,384,16,-2,-246,379,373,368,364,679,
385,387,383,16,-3,-246,379,373,368,364,679,
385,388,384,15,-2,-246,379,373,368,364,679,
385,388,384,15,-2,-245,379,373,368,364,680,
385,387,384,14,-2,-246,379,374,368,364,679,
385,388,383,15,-2,-247,379,373,368,364,679,
385,388,384,15,-2,-246,379,374,368,364,679,
384,388,384,14,-3,-247,379,374,368,364,680,
385,387,383,15,-3,-246,379,373,368,364,679,
385,388,384,16,-3,-246,379,373,368,364,680,
385,388,384,15,-2,-245,379,373,368,364,679,
385,387,384,15,-3,-247,379,373,368,364,679,
385,388,384,15,-3,-246,379,373,368,364,680,
385,387,384,15,-3,-246,379,373,368,364,680,
384,387,384,14,-4,-247,379,373,368,364,679,
384,388,384,15,-4,-247,379,374,368,364,680,
385,387,384,17,-3,-248,379,374,368,364,680,
384,387,384,15,-3,-246,379,373,368,364,679,
385,388,384,15,-2,-246,379,373,368,364,679,
385,387,384,17,-4,-247,379,373,368,364,680,
385,387,383,16,-3,-247,379,373,368,364,680,
385,388,384,15,-3,-246,379,373,368,364,680,
385,387,384,14,-3,-245,379,373,368,364,679,
384,388,384,17,-3,-248,379,373,368,364,680,
384,388,384,16,-3,-247,379,373,368,364,678,
385,388,384,17,-3,-248,379,374,368,364,680,
385,388,384,15,-3,-245,379,374,368,364,680,
385,387,384,15,-3,-247,379,374,368,364,680,
384,387,383,16,-4,-246,379,373,368,364,679,
384,388,384,16,-4,-247,379,373,368,364,680,
384,388,384,15,-3,-244,379,373,368,364,680,
385,388,384,15,-2,-245,379,373,368,364,680,
385,387,383,15,-4,-245,379,373,368,364,680,
385,388,383,15,-3,-247,379,373,368,364,679,
385,387,384,15,-3,-244,379,373,368,364,680,
385,387,384,15,-3,-247,379,373,368,364,680,
385,387,384,14,-2,-245,379,373,368,364,680,
384,387,384,16,-4,-245,379,373,368,364,680,
384,387,384,15,-2,-246,379,373,368,364,680,
384,387,384,15,-3,-247,379,373,368,364,680,
385,387,384,13,-2,-245,379,373,368,364,680,
384,388,384,16,-3,-246,379,373,368,364,680,
384,388,384,15,-3,-244,379,373,368,364,680,
385,387,384,15,-4,-246,379,373,368,364,680,
385,387,384,14,-3,-245,379,374,368,364,680,
385,387,384,14,-3,-245,379,374,368,364,680,
385,387,383,15,-3,-245,379,373,368,364,681,
384,388,384,15,-3,-245,379,373,368,364,680,
384,387,383,15,-4,-246,379,373,368,364,680,
384,387,384,16,-3,-246,379,373,368,364,680,
384,388,384,15,-2,-247,379,374,368,364,681,
384,388,384,15,-3,-245,379,374,368,364,680,
385,387,383,14,-3,-246,379,374,368,364,681,
384,389,384,15,-3,-245,379,374,368,364,681,
384,388,384,16,-4,-246,379,374,368,364,681,
384,387,384,14,-2,-245,379,374,368,364,681,
385,388,383,15,-2,-247,379,373,368,364,681,
384,388,383,16,-3,-247,379,373,368,364,680,
384,387,384,14,-3,-246,379,373,368,364,681,
385,387,384,14,-3,-246,379,373,368,364,681,
384,388,383,16,-5,-247,379,373,368,364,680,
385,388,384,15,-3,-245,379,373,368,364,679,
385,388,384,16,-3,-246,379,374,368,364,681,
385,388,384,14,-3,-245,379,374,368,364,681,
384,388,384,14,-3,-244,379,374,368,364,681,
385,388,383,16,-4,-245,379,373,368,364,681,
385,387,384,15,-4,-246,379,373,368,364,681,
385,388,384,15,-3,-246,379,373,368,364,680,
385,387,384,16,-4,-247,379,373,368,364,681,
384,387,384,15,-3,-246,379,373,368,364,681,
384,387,383,15,-3,-244,378,373,368,364,681,
385,388,384,15,-3,-246,378,373,368,364,681,
384,387,384,15,-3,-244,379,373,368,364,681,
384,388,384,16,-3,-247,379,373,368,364,680,
384,388,384,15,-4,-246,379,373,368,364,681,
385,387,384,15,-3,-246,379,373,368,364,680,
385,388,384,16,-3,-245,379,373,368,364,681,
385,388,384,14,-4,-245,379,373,368,364,680,
385,387,384,15,-4,-246,379,373,368,364,681,
384,387,384,15,-3,-246,379,373,368,364,681,
384,387,383,16,-3,-245,379,373,368,364,681,
385,388,383,15,-4,-247,378,373,368,364,680,
385,387,384,15,-4,-246,378,373,368,364,681,
385,388,384,15,-4,-247,379,373,368,364,681,
385,388,384,15,-3,-247,379,373,368,364,682,
385,388,384,15,-4,-246,379,374,368,364,681,
384,387,384,15,-2,-248,379,374,368,364,681,
385,388,384,15,-2,-247,379,374,368,364,681,
385,388,384,17,-3,-246,379,373,368,364,680,
385,388,384,16,-4,-245,379,373,368,364,681,
385,387,383,16,-3,-248,378,373,368,364,680,
384,387,384,15,-3,-246,379,373,368,364,681,
385,387,383,15,-2,-246,379,373,368,364,680,
384,387,384,16,-3,-247,379,373,368,364,681,
385,388,384,15,-2,-245,379,373,368,364,682,
385,388,383,15,-3,-246,378,373,368,364,682,
385,388,384,15,-3,-246,379,373,368,364,682,
384,387,384,15,-3,-245,378,373,368,364,682,
384,387,384,15,-3,-244,379,373,368,364,682,
384,387,384,15,-3,-247,379,373,368,364,681,
385,387,384,16,-2,-246,379,373,368,364,682,
385,387,384,14,-2,-245,379,373,368,364,682,
385,387,384,15,-2,-247,379,373,368,364,682,
385,387,384,15,-3,-248,379,373,368,364,682,
385,388,384,15,-2,-246,379,373,368,364,682,
385,387,384,17,-6,-245,379,373,368,364,680,
385,387,384,15,-3,-246,379,374,368,364,682,
385,388,384,18,-5,-248,379,373,368,364,682,
384,387,384,15,-3,-247,379,373,368,364,681,
384,387,383,14,-4,-244,379,373,368,364,681,
385,388,384,16,-4,-247,379,374,368,364,682,
385,388,384,14,-3,-245,379,374,368,364,682,
384,388,384,17,-4,-247,379,374,368,364,682,
384,387,384,15,-2,-244,379,373,368,364,682,
385,388,384,15,-3,-246,379,374,368,364,682,
385,386,385,14,-2,-245,379,374,369,364,682,
384,388,384,17,-5,-247,379,374,369,364,682,
384,387,384,15,-3,-245,379,374,369,364,681,
385,388,383,16,-4,-247,379,373,368,364,682,
385,387,384,15,-5,-247,379,373,368,364,682,
384,387,384,15,-3,-246,379,373,368,364,682,
385,388,384,16,-3,-247,379,373,368,364,682,
384,388,384,16,-3,-246,379,373,368,364,682,
385,388,384,15,-3,-247,379,373,368,364,682,
384,388,384,16,-4,-248,379,373,368,364,682,
384,387,383,16,-3,-246,379,373,368,364,682,
384,387,384,16,-3,-246,379,373,368,364,682,
383,387,383,15,-3,-246,379,373,368,364,681,
384,388,384,14,-2,-245,379,373,368,364,682,
385,387,384,15,-4,-247,379,374,368,364,682,
385,387,384,16,-3,-246,379,373,368,364,682,
385,387,384,16,-4,-246,378,373,368,364,681,
384,387,384,15,-2,-247,379,373,368,364,682,
384,387,384,15,-4,-246,379,373,368,364,682,
384,388,384,16,-4,-246,379,374,368,364,682,
385,387,383,15,-3,-247,379,373,368,364,682,
385,387,383,16,-5,-247,378,373,368,364,682,
385,387,383,15,-3,-247,378,373,368,364,682,
384,387,384,14,-1,-245,379,373,368,364,682,
384,387,384,15,-3,-246,379,373,368,364,682,
384,388,384,15,-3,-245,379,373,368,364,682,
385,388,385,15,-2,-246,379,374,368,364,682,
384,388,383,15,-3,-246,379,374,368,364,682,
384,387,384,15,-3,-246,379,374,368,364,683,
384,387,384,15,-3,-247,379,374,368,364,682,
384,388,384,15,-3,-245,379,374,368,364,682,
384,388,383,15,-3,-247,379,374,368,364,682,
384,388,383,16,-2,-246,379,373,368,364,683,
385,387,383,15,-3,-245,378,373,368,364,682,
385,388,384,16,-4,-244,379,373,368,364,682,
385,387,384,14,-3,-246,379,374,368,364,682,
384,387,384,15,-2,-245,379,373,368,364,683,
385,387,384,15,-3,-247,379,373,368,364,683,
385,387,384,15,-4,-245,379,374,368,364,683,
385,388,384,16,-3,-245,379,374,368,364,682,
385,386,384,14,-3,-248,378,373,368,364,681,
385,387,384,15,-3,-246,379,374,368,364,683,
384,388,384,15,-3,-245,379,374,368,364,683,
385,387,384,15,-3,-247,379,373,368,364,682,
385,388,383,16,-3,-245,379,373,368,364,682,
384,387,384,15,-4,-246,379,373,368,364,682,
385,387,384,15,-2,-245,379,373,368,364,682,
384,387,384,15,-2,-247,379,374,368,364,682,
384,387,384,16,-3,-247,379,374,368,364,682,
385,388,384,16,-3,-244,379,374,368,364,683,
385,387,384,16,-2,-246,379,374,368,364,682,
384,388,384,14,-3,-246,379,373,368,364,683,
385,388,384,15,-2,-246,379,373,368,364,682,
385,387,384,15,-3,-247,379,373,368,364,681,
384,387,384,15,-2,-248,379,374,368,364,683,
384,388,384,15,-3,-245,379,374,368,364,683,
384,387,384,17,-3,-247,379,374,368,364,683,
384,388,384,15,-2,-246,379,374,368,364,683,
385,387,384,16,-4,-247,379,374,368,364,682,
384,387,383,16,-3,-245,379,374,368,364,683,
384,387,384,15,-2,-245,379,374,368,364,682,
384,388,384,14,-2,-246,379,373,368,364,681,
384,387,384,16,-3,-246,379,373,368,364,682,
384,387,383,16,-4,-246,379,373,368,364,682,
385,387,384,15,-3,-247,379,373,368,364,683,
385,388,384,17,-3,-248,379,374,368,364,682,
384,387,384,16,-2,-245,379,374,368,364,683,
384,387,384,16,-2,-246,379,374,368,364,683,
384,387,383,16,-4,-245,379,373,368,364,683,
384,387,384,17,-3,-246,379,374,368,364,683,
385,387,384,15,-3,-247,379,374,369,365,683,
384,388,384,16,-4,-246,379,374,369,365,682,
385,388,384,15,-3,-246,379,374,369,365,683,
385,388,384,16,-2,-245,379,374,369,365,683,
387,389,383,16,-3,-245,373,367,362,357,682,
381,388,380,21,-403,252,392,395,377,379,850,
385,392,381,-22,-141,-250,378,380,376,381,910,
381,390,382,-152,-191,-155,378,378,380,378,916,
381,390,381,-52,-306,271,378,378,374,374,921,
387,389,381,73,-170,511,365,353,349,352,929,
389,386,381,106,-111,-64,375,367,366,358,930,
386,385,381,174,-87,-512,378,371,361,356,926,
384,387,381,-10,-95,378,374,370,365,363,931,
387,388,381,45,-53,-476,370,359,356,355,931,
388,389,382,-48,-62,-270,376,368,356,352,934,
390,386,382,23,-141,-184,374,369,363,358,934,
388,391,382,-45,-16,-462,379,372,360,359,934,
382,389,382,169,-57,64,381,391,391,390,934,
383,386,383,-125,-157,139,378,364,362,361,932,
381,388,382,-88,-93,511,373,363,350,354,927,
382,390,380,-79,-139,408,376,373,368,363,927,
386,383,381,116,32,-189,378,372,370,363,925,
388,387,381,198,116,-241,384,388,384,378,927,
394,387,382,-187,109,79,375,370,368,370,921,
385,389,381,50,52,-512,394,395,380,374,928,
385,388,382,96,-32,-407,370,370,374,372,927,
382,385,382,28,-16,-6,378,374,371,370,926,
385,387,382,-106,-82,82,373,365,360,358,930,
386,387,381,27,-64,-126,375,370,363,359,929,
388,386,381,-169,-77,-40,377,372,367,361,928,
385,384,380,-51,12,31,380,376,372,367,925,
388,386,383,80,16,-426,375,374,367,362,928,
386,385,383,11,97,-300,375,372,368,366,926,
386,387,383,-27,73,129,377,373,366,364,919,
382,387,383,-32,132,230,381,373,366,362,909,
384,389,384,191,0,331,368,357,355,352,901,
388,389,385,43,66,-187,380,370,364,358,905,
393,388,385,40,-84,-238,376,368,366,362,910,
386,388,385,7,-9,-512,377,367,361,355,913,
390,386,385,85,89,91,378,368,357,353,912,
396,385,387,94,122,-27,381,373,368,361,915,
393,391,388,140,54,-194,379,369,365,363,917,
389,390,389,161,13,-155,380,378,370,368,922,
383,388,389,32,-28,-301,384,370,370,365,922,
381,388,389,-9,-63,-229,384,382,375,372,922,
380,388,389,52,-74,-164,381,374,372,370,924,
381,388,388,-16,-79,-309,385,378,374,369,926,
382,389,387,71,-85,-27,383,378,368,365,925,
382,386,387,59,-41,-405,386,382,378,374,922,
383,388,387,0,13,-7,386,386,380,375,924,
381,387,386,14,22,-4,379,373,371,370,923,
379,388,386,97,30,-512,393,394,380,373,921,
379,389,386,-45,31,-318,371,369,372,371,922,
380,385,385,-332,-53,-242,377,370,362,364,920,
383,386,385,109,-79,-278,381,376,374,368,924,
387,387,385,-34,-12,-505,381,376,372,370,928,
389,388,386,75,-32,-507,379,374,373,370,930,
386,387,386,-103,-174,-39,380,372,369,366,934,
384,387,387,83,-186,130,379,372,368,367,930,
374,387,386,24,-287,500,382,384,374,368,930,
376,385,384,-31,-218,368,383,371,371,364,916,
383,387,384,-13,28,269,365,350,346,337,866,
383,386,385,23,124,-317,378,368,355,347,707,
384,390,384,-18,8,-144,386,382,371,364,687,
387,389,384,1,-1,-399,374,369,365,358,674,
385,387,381,-68,241,-367,379,376,371,366,667,
387,387,381,36,440,5,365,354,348,347,841,
381,395,380,123,134,-375,378,369,351,348,880,
391,388,384,28,-67,-92,387,387,390,383,890,
381,390,385,27,147,-512,381,378,378,373,894,
380,389,383,82,83,-191,382,381,376,376,895,
390,388,384,42,-44,-441,387,392,388,386,899,
397,388,385,35,-5,-512,374,369,376,374,903,
391,386,387,7,-113,-400,376,364,366,365,904,
381,388,387,83,-11,-11,377,366,358,356,906,
379,387,386,-191,-43,-479,378,367,360,356,906,
382,387,386,65,-59,-66,388,385,374,368,907,
383,388,386,143,-82,-512,382,380,375,370,907,
383,386,385,112,-58,-10,372,366,364,362,906,
386,389,385,-46,-68,-416,382,372,365,361,903,
385,388,386,118,-12,-512,383,374,367,362,907,
380,388,386,240,-168,-10,387,382,375,367,905,
385,388,386,96,-298,-512,384,382,374,370,906,
385,386,386,-91,-164,-490,380,380,375,372,906,
382,387,386,-17,-114,217,388,384,375,373,904,
385,386,386,158,72,-512,378,378,372,369,897,
374,385,384,-211,480,289,380,373,367,361,864,
384,427,375,-119,511,-512,370,364,360,355,850,
357,473,393,511,511,-512,376,364,357,351,822,
312,514,423,440,511,-512,395,371,359,351,719,
374,424,435,-264,-512,511,378,328,314,310,657,
327,433,447,-80,438,207,461,441,413,390,655,
275,418,446,-262,-349,390,436,427,386,384,661,
252,383,440,-326,-512,511,431,424,393,390,673,
300,353,441,160,-175,511,428,415,395,388,654,
274,317,433,17,376,511,420,408,393,384,632,
283,289,430,-3,511,511,427,420,411,399,654,
333,283,423,51,511,374,430,430,434,418,646,
438,293,425,88,511,511,413,407,398,402,664,
493,321,440,78,511,470,417,400,380,386,632,
422,347,447,480,429,263,437,421,412,397,636,
382,368,444,145,139,36,448,441,439,422,637,
371,369,444,-7,167,-35,447,446,447,435,644,
372,366,443,-19,172,-51,445,