384,387,384,8,-2,-246,379,373,368,364,691,
385,387,383,9,-3,-246,378,373,368,364,691,
385,387,384,8,-3,-247,379,373,368,364,690,
384,387,384,9,-3,-246,381,375,372,366,691,
385,387,384,8,-4,-247,377,373,366,363,691,
384,388,384,9,-3,-246,378,373,367,363,691,
385,388,383,8,-3,-246,378,373,367,363,690,
385,387,384,9,-2,-246,379,373,368,363,691,
385,387,384,8,-3,-246,381,375,371,366,691,
384,387,384,10,-4,-246,378,373,366,363,691,
385,387,384,9,-3,-247,379,373,367,363,691,
384,387,384,8,-3,-245,379,373,368,363,691,
385,387,383,9,-5,-247,379,373,368,363,689,
385,387,384,10,-4,-249,379,373,368,364,691,
384,387,383,8,-3,-247,378,373,368,364,690,
384,387,384,9,-4,-247,379,373,368,364,691,
384,387,384,9,-2,-247,379,373,368,364,691,
384,387,384,10,-4,-249,380,375,372,366,691,
385,388,384,9,-3,-247,378,373,367,364,691,
385,387,384,9,-4,-247,378,373,367,363,689,
384,388,384,8,-3,-245,379,373,368,363,691,
384,387,384,9,-3,-245,379,373,368,363,691,
384,387,384,9,-3,-246,379,373,368,364,691,
384,387,384,8,-4,-247,379,373,368,364,691,
384,388,384,9,-5,-246,380,375,371,366,690,
384,387,384,9,-4,-244,378,373,366,363,690,
384,388,384,9,-4,-247,378,373,367,363,691,
384,387,384,11,-5,-248,379,373,368,363,690,
384,388,383,8,-4,-246,379,373,368,364,691,
384,387,384,8,-3,-248,379,373,368,364,691,
384,387,383,9,-4,-246,379,373,368,364,691,
384,388,384,10,-4,-247,381,375,372,366,691,
385,388,384,9,-4,-247,378,373,367,364,691,
384,388,384,10,-4,-248,378,373,367,363,690,
385,388,384,9,-4,-249,379,373,368,364,691,
384,387,384,8,-5,-245,379,373,368,364,691,
384,387,384,8,-3,-245,381,375,369,364,691,
384,388,383,9,-3,-245,377,373,368,364,691,
385,386,384,9,-5,-248,380,374,371,366,691,
384,388,384,9,-4,-247,378,373,366,363,690,
385,387,384,10,-3,-246,378,373,367,363,691,
384,387,384,8,-4,-246,379,373,368,363,692,
384,387,384,9,-3,-246,379,373,368,363,691,
385,387,384,10,-3,-246,381,375,372,366,691,
384,387,383,9,-4,-247,378,373,367,364,691,
384,387,383,9,-4,-244,378,373,367,363,690,
384,387,384,8,-3,-245,379,373,368,363,691,
384,387,384,9,-4,-247,379,374,368,364,691,
384,387,384,10,-4,-248,379,373,368,364,689,
385,387,383,8,-3,-247,379,373,368,364,691,
384,386,384,10,-2,-246,379,373,368,364,691,
384,388,384,8,-5,-247,381,373,368,364,691,
385,387,383,9,-4,-247,379,373,368,364,689,
385,387,384,8,-3,-247,379,373,368,364,691,
384,387,384,9,-3,-247,379,373,368,364,691,
384,387,384,8,-3,-247,379,373,368,364,690,
384,388,384,10,-4,-248,379,373,368,364,692,
384,387,384,8,-4,-247,379,373,368,364,690,
384,387,383,9,-3,-247,379,373,368,364,691,
384,387,384,9,-2,-246,379,373,368,364,692,
384,387,383,8,-4,-247,379,373,368,364,691,
384,387,383,8,-4,-246,379,373,368,364,692,
385,388,384,8,-2,-246,378,373,368,363,690,
385,387,384,10,-3,-247,379,373,368,364,692,
384,387,384,9,-5,-247,379,373,368,364,692,
384,387,383,9,-3,-246,379,373,368,364,691,
384,387,384,9,-3,-247,379,373,368,364,690,
384,387,384,9,-3,-246,379,373,368,364,692,
384,387,384,9,-5,-246,379,374,368,364,692,
384,387,384,10,-4,-248,379,373,368,364,692,
384,387,384,8,-3,-246,379,373,368,364,691,
385,388,384,9,-4,-248,380,375,371,366,691,
384,388,384,10,-3,-244,378,373,366,363,692,
384,387,384,8,-4,-246,378,373,367,363,691,
384,387,384,10,-4,-248,379,373,368,363,691,
384,388,384,9,-4,-248,379,373,368,363,692,
384,387,383,9,-4,-247,380,375,371,366,691,
384,388,384,10,-2,-247,378,373,366,363,690,
385,387,384,8,-3,-248,379,373,367,363,692,
384,387,383,9,-4,-247,380,373,368,363,692,
384,388,384,9,-4,-245,379,373,368,364,692,
384,387,384,8,-3,-248,381,375,372,366,691,
384,387,384,9,-3,-247,378,373,367,364,691,
384,387,384,7,-3,-246,379,375,371,366,691,
384,388,384,9,-5,-246,378,373,366,363,692,
385,387,384,10,-4,-247,378,373,367,363,692,
385,387,384,9,-3,-248,379,373,367,363,691,
385,387,384,9,-4,-246,379,373,368,363,692,
384,387,384,9,-3,-247,381,375,372,366,691,
385,387,384,10,-4,-247,377,373,367,364,692,
384,387,384,8,-4,-246,378,373,367,363,692,
385,387,384,10,-3,-247,379,373,368,363,692,
384,387,384,9,-4,-247,379,373,368,363,691,
384,387,384,9,-3,-246,379,373,368,364,692,
384,387,384,9,-3,-246,379,373,368,364,692,
385,386,384,8,-3,-247,379,373,368,364,692,
384,388,384,10,-4,-247,379,373,368,364,692,
384,387,384,9,-3,-248,379,373,368,364,691,
385,387,384,10,-4,-244,381,375,372,366,692,
384,388,384,8,-4,-245,378,373,367,364,692,
384,388,383,8,-4,-245,378,373,367,363,692,
384,387,384,8,-3,-247,378,373,367,363,692,
384,387,384,10,-4,-246,379,373,368,363,692,
384,388,384,9,-3,-247,379,373,368,364,692,
384,387,384,10,-4,-247,379,373,368,364,691,
385,387,384,9,-3,-248,380,375,371,366,691,
384,387,384,9,-6,-246,378,373,367,364,692,
384,387,384,10,-5,-247,379,373,367,363,691,
384,388,384,9,-3,-248,379,373,368,363,692,
384,388,384,8,-3,-248,379,373,368,364,692,
384,388,384,8,-4,-246,379,373,368,364,692,
384,388,384,10,-4,-246,379,373,368,364,692,
385,388,383,8,-4,-246,378,373,368,364,692,
384,387,383,8,-5,-246,378,373,368,364,692,
384,386,384,10,-4,-248,379,373,368,364,692,
385,387,384,9,-3,-246,379,373,368,364,692,
385,387,384,9,-4,-247,379,373,368,364,692,
384,387,384,8,-4,-245,381,375,369,364,692,
384,388,384,8,-3,-248,378,373,368,364,690,
384,388,384,9,-2,-247,378,373,368,364,692,
385,387,384,9,-4,-245,379,373,368,364,692,
384,388,383,9,-4,-247,378,373,368,364,692,
384,387,384,9,-4,-245,378,373,368,364,692,
384,387,384,9,-3,-245,379,373,368,364,692,
384,387,383,9,-4,-246,380,375,371,366,692,
384,388,384,9,-3,-246,377,372,366,363,692,
384,388,384,8,-4,-247,378,373,367,363,692,
384,387,384,9,-4,-247,379,373,368,363,692,
384,387,383,8,-3,-248,379,373,368,363,692,
384,387,383,9,-4,-246,379,373,368,364,692,
384,387,383,8,-3,-247,379,373,368,364,692,
385,387,384,9,-4,-247,381,375,372,366,692,
385,387,383,9,-3,-245,377,373,367,364,692,
384,387,384,11,-5,-246,378,373,367,363,692,
384,387,384,9,-3,-247,379,373,368,363,692,
384,387,384,8,-4,-247,379,373,368,364,692,
384,387,384,9,-4,-247,380,375,371,366,692,
384,388,384,9,-4,-246,378,373,366,363,692,
385,387,384,10,-4,-247,379,373,367,363,692,
384,387,385,9,-3,-247,379,373,368,363,692,
384,387,384,9,-4,-246,379,373,368,364,692,
384,387,384,9,-4,-246,379,374,368,364,692,
384,387,384,9,-3,-247,379,374,368,364,691,
384,387,384,9,-4,-246,381,375,372,366,692,
384,387,383,8,-3,-247,378,373,367,364,692,
384,387,384,8,-2,-245,379,373,367,363,692,
384,387,384,9,-3,-247,379,373,368,363,692,
384,387,383,8,-4,-247,378,373,368,364,692,
384,387,383,8,-4,-247,379,373,368,364,692,
385,388,383,10,-4,-246,379,373,368,364,692,
385,388,384,9,-4,-245,379,373,368,364,692,
385,388,384,9,-4,-248,379,373,368,364,692,
385,386,384,9,-4,-247,380,375,371,366,691,
384,387,384,9,-2,-247,378,373,366,363,690,
384,388,384,9,-4,-247,378,373,367,363,692,
384,387,384,8,-4,-246,379,373,368,363,691,
384,387,384,8,-4,-247,379,373,368,363,691,
385,388,384,9,-4,-246,379,373,368,364,692,
385,387,384,9,-3,-245,379,373,368,364,691,
385,387,384,9,-4,-245,381,375,372,366,691,
384,388,384,8,-3,-246,378,373,367,364,692,
384,388,384,9,-5,-246,378,373,367,363,691,
385,387,384,9,-5,-248,378,373,368,363,692,
384,388,384,9,-3,-247,379,373,368,364,692,
385,387,384,8,-3,-246,379,373,368,364,692,
384,387,383,9,-4,-246,379,373,368,364,692,
384,387,384,8,-5,-247,379,373,368,364,690,
384,387,384,9,-5,-248,379,373,368,364,692,
384,387,384,9,-4,-247,379,374,368,364,692,
384,388,384,8,-3,-248,379,374,368,364,692,
384,388,384,10,-3,-247,379,374,368,364,692,
384,388,384,8,-4,-248,379,373,368,364,692,
384,388,384,9,-3,-246,379,373,368,364,691,
384,387,384,8,-3,-246,379,373,368,364,692,
384,387,384,10,-5,-246,379,374,368,364,692,
384,387,384,9,-5,-245,379,374,368,364,692,
385,387,383,8,-2,-246,379,373,368,364,692,
384,388,384,9,-4,-245,379,373,368,364,692,
384,387,384,9,-3,-247,381,375,372,364,691,
385,387,384,9,-4,-247,378,373,368,364,691,
385,388,384,9,-3,-247,378,373,368,364,692,
384,387,384,9,-5,-246,378,373,368,364,692,
384,387,383,9,-4,-246,378,373,368,363,691,
384,388,384,8,-4,-248,379,373,368,364,692,
384,388,384,9,-4,-247,379,373,368,364,692,
384,387,384,9,-4,-246,381,375,372,366,692,
384,388,384,10,-3,-246,378,373,367,364,692,
384,388,384,9,-2,-247,378,373,367,363,692,
385,388,383,9,-4,-247,379,373,368,363,692,
384,387,384,9,-3,-247,379,373,368,364,692,
385,387,384,9,-3,-246,379,373,368,364,692,
385,387,384,9,-3,-246,379,373,368,364,691,
385,387,384,10,-4,-246,381,375,372,366,692,
385,387,384,8,-4,-245,378,373,367,364,692,
384,387,384,9,-5,-248,378,373,367,363,692,
385,387,384,9,-4,-244,379,373,368,363,690,
385,387,384,9,-4,-245,379,373,368,364,692,
385,387,384,9,-5,-248,379,373,368,364,692,
385,387,384,9,-4,-245,379,373,368,364,692,
384,387,384,10,-4,-249,379,373,368,366,692,
384,387,384,10,-5,-246,379,373,366,363,692,
384,387,384,8,-3,-245,379,373,367,363,692,
385,387,384,8,-3,-246,379,373,368,363,692,
385,388,383,10,-5,-246,378,373,368,364,693,
385,387,384,9,-3,-246,380,374,371,366,692,
384,387,383,8,-4,-246,378,373,366,363,692,
384,387,384,9,-4,-247,379,373,367,363,691,
385,388,384,9,-3,-247,379,373,368,363,692,
384,387,383,10,-6,-247,378,373,368,363,691,
384,388,384,10,-4,-247,379,373,368,364,693,
385,387,384,9,-3,-246,379,373,368,364,692,
384,387,384,10,-4,-246,381,375,372,366,692,
385,387,384,8,-3,-248,378,373,367,364,693,
385,387,383,8,-4,-247,378,373,367,363,692,
385,387,384,8,-4,-246,379,373,368,363,693,
384,387,384,9,-5,-247,379,373,368,364,693,
384,388,383,9,-3,-248,379,373,368,364,692,
384,387,384,9,-3,-247,379,373,368,364,692,
384,388,384,9,-3,-245,380,375,371,366,692,
384,387,383,9,-3,-247,377,372,366,363,693,
384,388,384,9,-4,-247,378,373,367,363,692,
385,387,384,10,-3,-246,379,373,368,363,693,
384,387,384,9,-4,-245,379,373,368,363,693,
384,387,384,8,-4,-247,380,375,368,364,692,
385,387,384,7,-2,-247,377,373,368,364,692,
385,387,384,10,-4,-247,378,373,368,364,691,
384,387,384,10,-3,-246,379,373,368,364,693,
384,387,384,10,-4,-248,379,373,368,364,693,
384,388,384,9,-3,-247,379,373,368,364,693,
384,387,384,9,-3,-248,379,373,368,364,693,
384,387,384,8,-3,-246,381,375,372,366,692,
384,388,383,9,-4,-246,377,373,366,363,691,
384,387,384,8,-3,-247,378,373,367,363,693,
384,388,384,8,-4,-245,379,373,367,363,692,
384,388,383,10,-4,-246,379,373,368,363,692,
384,387,384,9,-3,-245,379,373,368,364,693,
384,388,384,8,-3,-246,379,373,368,364,693,
384,387,384,10,-3,-247,381,375,372,366,693,
385,387,384,9,-4,-246,378,373,367,364,693,
384,388,384,9,-3,-248,378,373,367,363,693,
384,387,384,9,-4,-245,379,373,368,363,693,
385,388,384,7,-3,-244,379,373,368,363,693,
384,388,384,8,-3,-246,379,373,368,364,693,
385,387,384,9,-4,-248,379,373,368,364,692,
385,387,384,8,-4,-246,381,375,372,366,693,
385,387,384,9,-4,-247,378,373,367,364,693,
384,387,384,9,-4,-246,378,373,367,363,694,
385,388,384,8,-3,-248,379,373,368,363,694,
384,387,384,8,-3,-247,379,373,368,364,693,
384,387,384,9,-2,-244,379,373,368,364,693,
384,386,384,9,-3,-246,379,373,368,364,694,
384,386,384,9,-3,-248,379,373,368,364,694,
384,387,384,9,-4,-247,379,373,368,364,694,
384,388,384,8,-4,-245,379,373,368,364,692,
384,387,384,11,-4,-245,379,373,368,364,694,
384,388,384,8,-3,-245,379,373,368,364,694,
385,388,384,9,-4,-247,380,374,368,364,692,
385,387,384,7,-2,-245,379,374,368,364,694,
384,387,383,10,-4,-246,379,373,368,364,693,
384,388,384,9,-4,-247,379,373,368,364,694,
384,387,384,9,-3,-246,379,373,368,364,694,
385,387,384,7,-4,-247,380,375,372,366,694,
384,388,384,9,-4,-246,377,373,367,364,694,
385,387,384,9,-3,-246,378,373,367,363,694,
384,386,384,9,-3,-246,379,373,367,363,693,
384,388,384,8,-3,-245,379,373,368,363,694,
384,387,384,11,-5,-247,379,373,368,364,694,
384,387,384,10,-4,-246,379,373,368,364,692,
384,387,384,11,-4,-246,381,375,372,366,694,
384,388,384,9,-4,-248,378,373,367,364,693,
384,388,384,8,-4,-247,378,373,367,363,693,
385,387,384,9,-4,-247,381,375,371,366,694,
384,387,384,10,-4,-246,378,373,367,364,694,
385,387,384,8,-3,-247,378,373,367,363,694,
384,387,384,8,-4,-248,381,375,371,366,694,
384,387,384,9,-3,-246,378,373,366,363,694,
385,387,384,9,-2,-245,378,373,367,363,694,
384,387,384,9,-2,-247,378,373,367,363,694,
384,387,384,9,-3,-246,379,373,368,363,694,
385,388,383,9,-3,-248,379,373,368,364,695,
384,388,384,8,-3,-245,379,373,368,364,694,
384,388,384,10,-4,-246,379,373,368,364,694,
384,387,384,8,-3,-247,379,373,368,364,695,
384,388,384,8,-3,-246,379,373,368,364,695,
384,387,384,9,-3,-247,379,373,368,364,694,
384,387,384,7,-3,-245,379,373,368,364,695,
384,388,384,8,-5,-246,379,373,368,364,694,
384,387,383,9,-5,-247,379,373,368,364,694,
384,387,384,8,-2,-247,380,375,372,365,694,
384,388,384,9,-4,-247,378,373,368,364,694,
384,388,384,9,-4,-247,379,373,368,364,695,
384,387,384,9,-4,-246,379,373,368,364,694,
385,387,384,9,-3,-248,379,373,368,364,694,
384,388,384,9,-4,-245,379,373,368,364,695,
384,387,384,9,-4,-247,379,373,368,364,694,
384,388,383,9,-4,-247,380,375,372,366,694,
384,387,384,9,-4,-246,377,372,366,364,695,
385,387,384,10,-3,-246,378,373,367,363,695,
385,387,384,10,-3,-245,379,373,367,363,695,
384,387,384,8,-4,-249,379,373,368,363,695,
385,388,384,9,-4,-246,379,373,368,364,695,
384,387,384,9,-3,-247,379,374,368,364,695,
384,387,383,8,-3,-245,381,375,372,366,694,
384,387,384,9,-4,-246,378,373,367,364,695,
384,388,384,9,-5,-247,378,373,367,363,695,
384,387,384,8,-4,-246,379,373,368,363,695,
384,387,384,9,-3,-247,379,373,368,364,695,
384,387,384,9,-4,-247,379,373,368,364,695,
384,387,383,9,-2,-246,379,373,368,364,694,
384,387,384,9,-4,-246,379,373,368,364,693,
384,387,384,8,-3,-247,379,373,368,364,695,
384,387,384,9,-4,-247,379,373,368,364,695,
385,387,384,10,-5,-248,379,373,368,364,695,
385,387,384,8,-4,-247,379,373,368,364,695,
385,388,384,9,-3,-246,381,375,372,366,694,
384,388,384,9,-3,-246,378,373,367,364,695,
385,388,384,8,-3,-248,378,373,367,363,693,
385,388,384,8,-5,-244,379,373,368,363,695,
385,387,384,9,-4,-246,379,373,368,363,695,
384,387,384,9,-4,-246,379,373,368,364,694,
384,386,384,8,-4,-246,379,373,368,364,695,
384,387,384,9,-4,-247,379,373,368,366,695,
385,388,384,11,-4,-247,379,373,367,363,694,
385,386,384,9,-4,-246,379,374,368,364,695,
384,387,384,10,-3,-247,379,374,368,364,695,
384,387,384,9,-3,-245,379,374,368,364,694,
384,387,384,9,-3,-247,379,374,368,364,695,
384,386,383,8,-4,-248,379,373,368,364,693,
384,387,384,7,-3,-244,379,373,368,364,693,
385,388,384,8,-3,-248,379,373,368,364,695,
385,387,384,7,-4,-245,379,373,368,364,695,
384,387,383,9,-4,-248,379,373,368,364,694,
384,387,384,8,-2,-245,379,373,368,364,695,
384,388,384,9,-3,-247,379,373,368,364,695,
384,387,384,9,-5,-247,379,373,368,364,695,
385,388,384,9,-3,-249,379,373,368,364,695,
385,388,384,9,-3,-248,379,373,368,364,695,
385,387,384,10,-5,-247,379,373,368,364,695,
384,387,384,8,-5,-246,379,373,368,364,695,
384,388,384,9,-3,-246,379,373,368,364,695,
385,387,384,9,-4,-245,379,373,368,364,695,
384,386,384,8,-4,-246,378,373,368,364,695,
384,387,384,9,-4,-248,381,375,372,366,695,
384,387,384,8,-3,-246,378,373,367,364,695,
384,388,383,9,-4,-245,378,373,367,363,695,
385,387,384,9,-3,-246,380,375,371,366,695,
384,387,384,9,-4,-246,378,373,366,363,694,
384,387,384,9,-4,-246,378,373,367,363,695,
384,387,384,10,-5,-245,379,373,368,363,695,
384,387,383,10,-4,-248,379,373,368,364,695,
385,387,383,9,-3,-245,379,374,368,364,695,
385,387,384,9,-3,-244,379,374,368,364,695,
384,388,384,9,-4,-244,379,374,369,365,695,
385,387,384,8,-4,-247,382,377,373,368,696,
381,375,382,511,-512,-352,392,394,381,383,884,
380,390,383,-260,-9,-73,372,373,376,379,899,
389,390,384,62,-202,-144,375,369,363,367,907,
387,392,383,51,-93,-83,372,365,349,348,909,
382,386,384,-7,-44,-329,376,366,373,366,908,
382,388,384,-177,-184,-512,386,379,375,370,901,
386,392,384,-75,78,511,396,395,385,379,900,
386,386,384,18,148,-431,382,385,385,383,894,
382,389,383,-106,156,-451,372,367,361,361,890,
386,389,384,111,-6,-512,383,378,376,370,888,
383,387,383,-15,-172,95,375,372,365,364,889,
383,390,383,157,-151,505,386,385,373,367,891,
383,385,383,-11,-104,-401,365,358,359,363,892,
382,389,385,115,-398,256,377,368,364,358,889,
384,386,381,80,-16,510,369,361,355,355,886,
387,387,382,-135,53,-296,376,368,360,352,883,
384,386,382,117,132,7,370,360,354,347,875,
383,385,382,-112,115,71,379,384,380,375,874,
379,389,381,-78,-28,-274,373,359,348,348,869,
377,388,381,144,56,-163,381,372,371,366,865,
387,384,381,43,126,-270,376,374,372,370,864,
385,385,381,-73,8,-512,371,360,352,352,863,
381,388,381,49,107,449,378,372,367,359,868,
381,388,381,109,-122,-512,373,367,363,359,873,
387,390,382,100,0,-48,374,368,364,361,871,
382,386,381,-39,-512,173,371,361,351,349,876,
386,387,381,-44,7,-13,382,380,376,368,880,
379,387,380,171,-24,-187,368,362,347,343,879,
385,388,382,78,-89,-512,384,380,372,365,882,
382,389,382,-85,-72,511,373,371,375,372,882,
385,386,382,56,113,-111,389,390,388,388,882,
383,388,382,-81,-19,348,386,389,386,383,881,
386,385,382,-42,-152,-512,367,365,364,365,876,
383,387,381,60,88,-433,376,365,366,362,875,
384,388,382,34,-48,153,374,370,362,360,878,
384,388,380,10,-10,272,377,372,370,366,891,
382,387,382,-178,-123,-232,366,354,348,348,896,
385,386,381,-69,119,-512,373,364,357,351,889,
388,387,382,41,109,194,379,369,362,358,876,
387,389,382,-28,153,-512,379,372,366,355,862,
387,386,383,19,78,-147,382,377,370,363,876,
384,387,383,15,-47,388,372,368,366,366,900,
387,388,383,21,-83,-512,377,367,363,361,909,
383,390,383,-72,-4,-468,378,373,363,357,910,
390,389,384,115,190,-512,380,373,371,362,910,
383,388,384,22,63,-30,377,372,368,365,913,
385,388,384,185,42,-512,381,376,374,372,911,
389,385,385,-99,-80,-512,382,378,373,370,917,
386,385,385,0,11,511,370,359,345,347,918,
384,387,384,-109,-99,-159,383,377,373,364,920,
383,385,384,-205,-155,-45,378,370,365,360,918,
383,383,384,5,-98,-30,379,378,372,367,919,
386,387,383,-1,-28,-512,377,375,369,366,918,
386,383,385,-35,-170,-254,376,366,358,355,918,
385,379,383,67,-35,-512,390,393,387,380,918,
388,387,385,157,24,-421,377,373,375,373,918,
387,385,385,-5,2,135,390,392,382,376,917,
390,388,386,-3,-31,-350,369,367,363,364,913,
387,387,386,32,-97,73,378,369,366,364,915,
384,392,386,20,-136,-91,381,372,366,360,916,
389,392,387,-49,-23,-512,391,387,382,377,918,
390,388,387,27,117,83,376,369,362,362,920,
390,388,387,-2,43,-389,382,376,371,368,920,
390,389,389,-125,33,209,376,368,359,358,922,
389,388,391,126,-58,-42,392,387,382,371,918,
384,390,392,144,-108,346,379,370,363,362,922,
373,387,390,-61,-204,-95,386,379,375,370,920,
369,388,388,35,-74,-257,381,371,368,362,911,
376,387,386,-42,-36,-21,383,376,359,355,887,
389,387,386,12,31,-96,383,378,376,365,724,
384,386,385,-22,4,-399,388,389,381,375,690,
392,388,385,-11,-3,-108,371,365,366,362,680,
377,386,383,-49,87,-512,384,381,373,370,668,
392,383,380,-199,333,-105,376,373,374,369,851,
400,387,384,180,34,-216,383,381,376,378,881,
389,388,387,-100,-29,49,378,373,368,365,889,
375,382,385,-91,90,-58,390,390,385,383,893,
383,390,387,162,16,36,383,382,381,381,895,
384,389,388,56,-99,-293,385,383,377,375,899,
381,389,388,176,-201,265,374,365,367,367,900,
384,388,387,101,-54,-398,393,389,378,370,901,
386,386,387,14,-21,511,378,371,368,370,901,
386,389,387,36,12,-196,378,368,361,356,901,
387,387,388,27,107,-150,380,370,365,359,900,
383,389,388,78,-20,-421,384,380,375,365,901,
381,387,387,103,-134,-512,378,369,363,360,901,
384,389,388,21,-52,61,382,374,367,361,902,
387,390,388,65,-110,254,380,376,370,367,902,
383,387,388,-12,-34,-512,385,377,372,367,903,
384,386,389,32,-133,-512,382,378,373,373,900,
382,387,387,-56,-329,1,385,381,375,371,904,
380,388,388,-182,-238,-91,385,384,374,371,903,
383,385,387,-164,-40,-331,384,384,380,376,895,
385,386,381,-352,511,45,400,393,387,379,866,
387,421,369,-327,511,-512,358,356,359,359,857,
367,463,382,511,511,-512,372,363,361,359,828,
309,517,413,511,511,-512,387,368,358,354,806,
399,434,433,-289,-512,511,355,305,267,272,681,
294,441,437,-126,338,511,453,430,408,372,661,
282,421,439,-271,-124,391,450,450,430,412,755,
306,380,421,-10,-34,296,419,419,421,406,642,
332,352,432,-51,-176,511,416,407,394,393,696,
308,327,431,30,179,511,421,408,398,390,656,
303,297,425,46,441,511,415,406,393,388,743,
333,277,416,203,511,511,415,410,404,395,718,
444,287,421,120,511,492,419,416,416,408,660,
514,304,432,-139,511,511,419,410,400,394,640,
466,363,433,147,511,354,411,395,382,380,638,
372,384,426,361,149,228,423,412,402,392,641,
335,379,431,57,96,44,431,425,424,413,650,
321,378,431,14,36,-47,426,420,424,418,651,
314,372,432,-38,92,-67,443,446,442,437,651,
320,1018,393,-32,511,-512,271,163,83,28,862,
435,4,362,-512,384,-281,281,198,259,179,953,
374,4,380,-194,511,-39,233,123,157,97,969,
378,351,367,364,220,5,334,250,245,200,973,
372,391,375,135,215,97,364,311,284,251,973,
359,389,373,187,403,78,375,354,316,294,976,
359,392,375,282,261,-45,377,368,345,327,977,
376,392,379,-174,-231,114,365,354,333,322,978,
387,391,380,9,-86,-66,376,368,366,353,979,
387,391,381,3,-88,-210,381,377,371,364,980,
393,390,380,-66,121,-76,378,378,369,366,980,
390,393,379,-47,276,-357,374,370,368,367,980,
394,393,377,-92,158,-84,378,377,374,371,981,
393,392,376,171,59,106,376,372,371,369,981,
390,388,377,12,64,-199,376,379,372,374,980,
396,388,377,20,126,-421,385,393,389,391,977,
384,391,379,29,135,-206,382,389,386,387,965,
384,395,379,-206,-14,28,374,372,379,377,944,
378,395,381,-3,-50,-407,374,368,366,363,922,
389,393,380,-61,141,178,377,370,366,362,911,
384,392,380,-5,110,-68,374,369,364,360,893,
389,392,380,57,-122,-388,386,385,369,362,866,
388,392,380,-44,-176,-413,368,357,360,353,854,
390,391,380,-47,-343,-512,362,348,340,339,859,
393,390,379,152,-337,-336,372,359,352,342,859,
387,392,378,-19,-397,-9,372,364,353,347,850,
386,395,376,-70,-490,-397,371,362,349,345,816,
384,399,376,100,-390,-145,362,351,346,338,712,
394,387,375,7,-253,-159,365,354,348,338,670,
381,399,378,117,-269,-233,368,359,351,344,674,
395,393,381,13,-197,-512,373,362,354,349,660,
387,390,380,10,0,-265,378,372,362,355,654,
388,392,380,-19,-12,-172,373,367,358,353,648,
389,393,380,-24,2,-155,372,364,359,353,648,
388,392,380,-16,5,-241,372,364,359,353,646,
390,391,380,3,4,-188,373,364,359,353,640,
388,392,380,-16,-10,-271,371,363,355,351,642,
395,391,380,38,-31,-96,373,365,358,352,640,
390,393,380,41,-5,-512,376,369,362,356,638,
391,390,380,26,-6,-451,374,369,363,359,642,
390,391,381,-6,10,-174,377,371,369,362,643,
387,392,381,-3,16,-191,374,369,363,360,644,
387,393,380,30,-24,-363,372,365,357,354,643,
392,391,381,32,-16,-443,379,373,368,362,644,
389,390,380,-35,-1,-311,375,370,366,361,645,
385,392,381,-24,-10,-339,375,370,365,361,649,
389,391,380,12,-2,-204,374,368,362,358,647,
389,392,380,-16,1,-315,376,369,365,359,646,
387,392,380,-16,-2,-209,376,371,366,362,648,
388,391,381,24,-3,-206,375,370,364,360,649,
389,391,381,-8,-7,-208,375,369,364,359,646,
389,393,380,-16,-2,-189,375,369,364,359,646,
391,392,381,9,-23,-326,378,372,369,363,646,
388,391,381,-7,-1,-126,375,370,363,360,645,
390,391,381,-16,-16,-264,375,370,364,360,645,
388,392,381,-6,-8,-248,376,370,365,360,646,
388,391,381,12,-10,-246,375,370,364,360,646,
388,391,381,30,3,-241,379,373,370,364,649,
390,392,381,24,-10,-276,375,370,364,361,647,
390,391,381,-12,-4,-185,375,370,364,360,648,
389,391,381,3,-9,-228,376,370,365,360,648,
390,391,381,15,-3,-276,375,370,364,360,647,
389,391,381,8,-2,-316,375,369,364,359,647,
388,391,381,28,-7,-259,376,370,365,360,647,
386,391,380,-38,-8,-246,375,369,364,359,652,
387,392,381,-16,-8,-282,376,371,365,361,648,
387,390,381,22,1,-236,376,371,366,361,649,
389,391,381,10,-14,-260,376,371,366,361,649,
389,391,381,6,5,-209,376,371,366,361,648,
387,390,381,-25,-13,-212,375,370,365,361,649,
388,392,381,36,-3,-256,376,371,365,361,648,
388,390,380,10,0,-199,375,370,365,360,649,
389,390,381,4,-7,-261,376,371,365,361,646,
390,390,380,33,3,-206,376,371,366,362,652,
387,391,381,-6,0,-239,377,372,368,363,651,
386,392,381,3,-15,-280,375,370,364,360,653,
389,392,381,51,-7,-280,376,370,364,360,651,
387,391,381,-4,-2,-228,376,370,365,360,653,
388,390,381,-30,-4,-221,376,371,365,361,653,
389,390,381,17,-1,-245,376,372,369,363,652,
387,390,381,-43,-7,-258,375,370,363,360,655,
387,392,381,2,-2,-227,376,370,365,360,654,
386,392,381,-4,-10,-276,376,370,365,360,654,
387,391,382,39,1,-227,376,371,365,361,654,
388,391,380,-12,-1,-203,378,372,369,363,655,
387,391,382,10,-11,-304,375,370,364,361,655,
387,390,381,-18,-4,-235,376,370,365,360,655,
387,390,381,-3,2,-185,376,370,365,360,655,
388,391,382,6,-17,-273,377,371,366,361,655,
388,390,381,48,1,-318,377,372,367,363,656,
386,390,381,-5,-6,-256,376,371,365,361,655,
386,391,381,7,2,-219,378,372,369,363,654,
387,391,381,2,0,-244,375,370,364,361,657,
387,391,381,7,-2,-206,376,370,365,360,656,
389,390,381,3,-4,-239,376,371,365,361,657,
389,390,381,27,-34,-293,376,370,365,361,656,
389,390,381,-14,-3,-172,378,372,369,363,657,
385,390,381,-17,20,-308,375,370,364,361,654,
384,392,382,-14,4,-248,376,370,364,360,655,
384,392,381,17,-3,-211,376,370,364,360,655,
388,390,381,37,-8,-247,377,371,365,361,656,
389,389,381,9,-3,-246,377,372,366,362,657,
390,390,381,45,0,-249,377,372,366,362,656,
388,390,381,-52,-4,-361,376,371,366,362,656,
386,391,382,1,2,-223,376,371,365,361,657,
385,391,382,-6,-10,-259,376,370,365,361,655,
386,391,382,8,-3,-254,377,371,366,361,655,
387,390,381,-5,-6,-241,377,371,366,362,656,
387,390,381,0,-3,-233,378,373,370,364,656,
388,390,381,3,-4,-234,375,371,364,361,656,
389,390,382,13,0,-250,377,371,366,361,656,
387,390,381,-33,-9,-221,376,371,366,361,658,
386,390,382,-1,-1,-258,377,371,366,361,656,
386,391,382,21,-2,-254,377,371,366,361,655,
386,390,381,14,-1,-243,376,371,366,361,656,
387,391,381,11,-7,-256,376,371,368,363,655,
387,390,381,7,-1,-248,376,371,364,361,656,
387,391,382,35,-7,-283,377,371,365,361,655,
387,390,382,-20,-8,-235,376,371,365,361,657,
387,390,382,3,-5,-252,377,371,366,361,657,
387,390,381,3,-8,-239,378,373,369,364,657,
388,390,382,-1,-8,-250,376,371,365,361,657,
387,390,381,1,0,-231,376,371,365,361,657,
386,390,382,-19,-5,-238,377,371,366,361,658,
386,390,381,20,-7,-239,376,371,366,361,658,
387,390,381,3,-5,-230,376,371,366,361,658,
387,390,382,-3,-9,-252,377,371,366,361,658,
387,390,381,9,-2,-240,378,372,369,364,658,
387,390,382,1,-17,-245,375,371,364,361,659,
388,390,382,8,-7,-238,376,371,365,361,659,
387,389,382,-11,-12,-262,377,371,366,361,659,
387,391,382,8,-5,-247,377,371,366,361,659,
386,390,382,4,0,-242,376,371,366,361,659,
387,390,382,5,0,-246,377,371,366,362,660,
386,390,382,4,-1,-249,377,371,366,361,659,
386,389,382,7,-3,-244,377,371,366,362,659,
387,390,382,9,-10,-238,377,371,366,362,660,
387,390,382,0,-9,-250,377,371,366,362,660,
387,390,382,3,-3,-249,377,371,366,362,660,
387,390,382,0,-2,-252,377,371,366,362,659,
387,390,382,7,-3,-239,377,371,366,362,658,
387,390,382,2,-4,-252,377,371,366,362,659,
387,389,382,6,-5,-244,377,371,366,362,660,
387,390,382,3,-9,-247,377,371,366,362,660,
387,390,381,-2,-10,-247,378,373,370,364,659,
387,390,382,-2,-11,-253,375,370,364,361,658,
387,390,382,8,-7,-240,376,371,365,361,659,
387,389,381,4,-7,-243,376,371,365,361,659,
387,390,382,1,-6,-249,377,371,366,361,659,
386,390,382,2,-1,-247,378,373,369,364,659,
386,389,382,4,-2,-244,376,371,364,361,659,
387,390,382,3,1,-247,376,371,365,361,658,
386,389,382,3,1,-248,377,371,365,361,659,
386,390,382,2,1,-250,377,371,366,361,660,
386,390,382,2,1,-249,377,371,366,361,659,
386,390,382,4,1,-245,377,371,366,362,659,
387,390,382,10,1,-239,379,373,370,364,659,
387,390,382,3,1,-247,376,371,365,362,659,
387,389,382,1,0,-248,377,371,366,362,659,
386,390,382,3,0,-245,377,371,366,362,659,
386,390,381,2,-2,-249,377,371,366,362,659,
386,390,382,4,0,-247,377,371,366,362,659,
386,390,382,5,-2,-245,377,372,366,362,658,
387,390,382,7,-3,-241,379,373,370,364,659,
387,390,382,3,-1,-249,376,371,365,362,658,
386,389,382,3,-1,-248,377,371,365,361,658,
386,389,382,4,-1,-246,377,371,366,362,658,
387,389,382,3,0,-247,377,371,366,362,658,
386,389,382,4,0,-244,379,373,370,364,657,
386,390,382,6,0,-244,376,371,365,362,658,
386,390,382,3,-2,-248,377,371,365,361,658,
386,389,382,3,0,-245,377,371,366,361,659,
387,389,382,3,-1,-246,377,371,366,362,658,
386,389,382,3,0,-245,377,372,366,362,658,
386,389,382,3,0,-245,377,372,366,362,658,
387,390,382,3,0,-246,379,373,370,364,658,
386,390,382,3,-1,-248,376,371,365,362,658,
386,389,382,2,-1,-248,377,371,366,362,658,
386,389,382,2,0,-246,377,371,366,362,658,
387,390,382,5,-1,-244,377,371,366,362,658,
386,389,383,4,-1,-246,379,373,370,364,658,
386,389,382,3,1,-245,376,371,365,362,658,
386,389,382,4,-1,-246,376,371,365,361,658,
386,389,382,3,-1,-246,379,373,369,364,658,
386,389,382,3,-1,-248,376,371,365,361,658,
386,389,382,5,0,-248,377,371,365,361,658,
386,389,382,4,-2,-245,377,371,366,361,658,
386,388,382,3,0,-248,377,371,366,361,657,
386,389,382,4,-1,-247,377,372,366,362,658,
387,389,383,3,-1,-248,377,372,367,362,658,
386,389,382,3,-2,-246,378,372,367,363,658,
386,389,383,3,-1,-247,378,372,367,362,658,
386,390,382,4,0,-245,377,372,367,362,657,
386,389,382,3,0,-245,377,372,367,362,658,
386,389,382,3,-2,-248,377,372,367,362,658,
387,389,382,4,0,-247,377,372,367,363,659,
386,389,382,3,0,-246,379,374,371,364,658,
386,389,382,-3,21,-274,380,377,372,368,654,
385,392,381,-7,46,-224,374,369,366,362,654,
385,392,381,0,89,-321,375,368,364,360,654,
386,397,381,6,27,-401,375,368,363,359,653,
387,400,381,15,34,-349,376,369,364,359,654,
386,402,382,21,7,-272,377,370,365,360,654,
385,402,382,16,-7,-254,379,373,369,363,655,
385,402,382,30,-47,-230,376,371,365,361,655,
386,401,383,7,-40,-234,377,372,366,362,656,
386,401,383,-5,-41,-213,377,372,366,362,656,
386,401,382,4,-48,-184,377,371,366,362,656,
385,399,382,23,-63,-197,377,372,366,362,657,
386,397,383,40,-69,-197,378,372,367,362,657,
386,396,384,32,-70,-203,380,374,371,365,657,
386,395,384,13,-70,-222,378,372,366,363,657,
386,395,384,11,-86,-234,379,373,367,363,657,
385,395,384,7,-80,-226,379,373,368,363,656,
385,395,384,11,-82,-222,379,373,368,363,657,
385,394,384,8,-94,-228,379,374,368,364,657,
386,395,384,2,-95,-236,379,374,368,364,657,
385,394,384,-4,-93,-250,379,374,368,364,657,
385,396,384,11,-109,-260,379,374,369,364,656,
385,397,383,17,-118,-254,379,374,369,365,657,
385,394,385,45,-149,-69,378,371,364,361,654,
384,394,386,6,-94,-297,382,376,371,366,653,
384,395,385,9,-105,-298,381,375,370,366,656,
383,399,386,-13,-82,-392,381,375,371,366,657,
384,402,386,5,-41,-361,382,376,373,368,658,
384,407,386,1,-79,-415,380,375,369,366,659,
381,409,386,18,-94,-258,380,374,367,363,657,
378,408,386,-22,-145,-119,380,374,367,362,653,
365,405,382,-41,-113,-512,381,376,372,367,658,
350,409,382,-8,-137,-512,380,376,373,368,653,
334,412,383,-15,-174,-488,377,372,366,363,648,
336,413,384,24,-147,-201,378,372,365,361,641,
357,413,387,66,-197,-10,379,372,364,359,631,
388,407,388,38,-232,56,382,374,366,360,628,
410,401,386,12,-247,0,382,375,368,363,626,
415,399,386,13,-243,-133,382,377,371,366,629,
406,400,386,7,-229,-186,383,378,375,369,637,
392,401,386,14,-206,-170,380,375,369,367,640,
382,402,387,0,-182,-122,381,375,370,366,642,
380,401,387,2,-170,-90,381,376,370,366,642,
383,400,387,-2,-164,-67,381,376,370,366,644,
389,400,387,-12,-167,-72,382,376,371,366,645,
393,400,387,2,-169,-80,382,376,371,367,648,
393,399,387,-3,-167,-91,384,378,375,369,648,
391,400,388,2,-169,-96,382,377,370,367,651,
387,401,388,-6,-169,-98,383,377,371,367,652,
384,400,389,-8,-175,-90,383,377,372,367,654,
382,401,389,-18,-178,-79,384,378,372,368,654,
380,401,390,-29,-190,-66,386,380,376,371,654,
380,400,390,-26,-206,-47,384,378,371,368,653,
380,399,389,-48,-224,-33,384,378,372,367,652,
379,396,389,-52,-239,-34,384,378,372,368,653,
377,394,388,-51,-240,-36,383,378,372,368,654,
374,392,387,-42,-240,-32,384,379,376,370,655,
372,390,387,-39,-240,-33,381,376,370,367,655,
371,389,388,-33,-249,-27,382,376,371,367,655,
371,386,387,-36,-249,-21,382,376,371,367,655,
372,384,387,-35,-250,-25,382,377,371,367,654,
374,383,387,-35,-241,-34,384,378,375,369,653,
377,382,387,-36,-245,-42,381,376,370,367,652,
380,381,387,-35,-249,-58,382,377,371,367,655,
383,382,387,-37,-248,-66,381,376,371,367,656,
386,383,386,-52,-256,-71,381,376,371,367,656,
388,383,385,-45,-273,-67,381,376,371,367,656,
391,382,385,-40,-296,-60,380,375,370,366,656,
395,382,385,-23,-293,-33,382,376,373,368,655,
399,381,385,-17,-295,-26,379,374,368,365,655,
402,379,386,-11,-301,-25,380,374,369,364,655,
404,378,387,-16,-301,-26,382,375,370,365,655,
403,377,389,-35,-290,-33,383,377,371,366,655,
400,375,389,-44,-277,-36,383,377,371,367,655,
395,374,388,-51,-251,-38,383,377,372,367,655,
391,374,387,-46,-229,-40,384,379,375,370,656,
389,373,387,-38,-209,-45,381,376,370,367,657,
388,373,387,-29,-195,-42,382,376,370,366,655,
388,373,387,-29,-195,-48,382,376,371,367,658,
388,373,387,-31,-201,-60,382,377,371,367,658,
387,374,386,-40,-207,-75,382,377,371,367,658,
385,375,386,-63,-214,-98,381,376,371,367,658,
381,377,385,-69,-216,-103,380,376,371,367,658,
376,378,384,-77,-219,-108,380,375,370,366,658,
372,379,382,-74,-227,-99,378,373,369,365,657,
369,379,382,-72,-248,-89,377,372,368,364,654,
369,379,381,-62,-261,-87,377,372,367,363,654,
369,380,382,-60,-283,-123,379,374,371,366,654,
371,381,382,-54,-301,-141,376,371,366,363,654,
374,382,382,-44,-304,-130,377,371,366,362,653,
377,383,383,-47,-288,-124,378,372,366,362,653,
379,384,383,-61,-277,-112,378,372,367,362,653,
381,384,383,-62,-290,-106,380,374,368,363,654,
383,384,383,-64,-287,-117,377,372,367,363,654,
383,385,383,-68,-259,-111,378,372,367,363,656,
382,384,383,-61,-209,-84,378,372,367,363,655,
382,384,384,-56,-193,-87,378,373,367,363,656,
382,385,384,-41,-182,-109,379,373,368,363,656,
383,385,385,-35,-176,-116,380,374,368,364,657,
384,386,386,-43,-162,-111,381,375,369,364,656,
384,387,387,-51,-155,-107,383,377,373,365,656,
385,387,387,-63,-146,-103,380,375,370,366,656,
385,387,386,-68,-143,-111,381,375,370,366,655,
386,388,386,-65,-146,-114,381,376,370,366,655,
389,389,386,-69,-156,-135,381,376,370,366,656,
392,391,385,-58,-173,-142,382,377,374,368,656,
396,392,385,-76,-183,-141,379,374,368,365,655,
398,394,383,-94,-189,-123,378,373,368,364,653,
399,393,382,-95,-199,-104,377,372,367,363,652,
399,393,381,-93,-216,-127,376,372,367,363,653,
396,394,380,-84,-226,-133,375,371,366,362,652,
393,393,378,-71,-234,-123,376,371,368,363,651,
391,392,379,-61,-244,-110,373,369,363,360,649,
391,391,380,-50,-268,-108,374,369,363,359,648,
392,390,381,-47,-275,-111,377,371,367,362,647,
390,388,382,-50,-281,-123,375,370,363,360,647,
390,386,382,-63,-278,-125,376,370,364,360,648,
392,386,382,-79,-260,-115,376,371,365,360,648,
392,385,380,-79,-223,-113,376,371,365,361,648,
390,385,379,-81,-205,-109,375,370,365,361,649,
388,384,379,-79,-195,-100,374,369,364,360,649,
387,381,378,-77,-190,-100,375,370,367,362,648,
386,381,379,-76,-179,-101,372,368,362,359,648,
386,380,377,-75,-177,-95,372,367,362,358,649,
388,379,377,-64,-173,-102,372,367,362,358,649,
389,378,377,-59,-169,-116,372,367,362,358,649,
389,379,378,-61,-173,-125,373,367,362,358,650,
387,379,379,-66,-183,-136,373,368,362,358,650,
385,379,378,-68,-191,-145,373,368,362,358,650,
383,381,379,-68,-193,-140,375,370,366,361,649,
384,381,378,-70,-197,-130,372,367,361,358,649,
384,381,379,-69,-206,-139,373,368,362,358,648,
383,381,379,-67,-246,-183,374,370,366,361,648,
383,384,379,-55,-240,-182,373,368,362,358,649,
384,385,379,-45,-221,-154,374,368,362,358,649,
389,386,380,-43,-210,-131,376,370,366,361,648,
394,384,381,-39,-203,-117,374,369,362,359,648,
398,384,381,-40,-210,-125,375,369,363,359,647,
400,384,381,-33,-224,-148,376,370,364,360,649,
400,384,382,-33,-225,-160,377,371,365,360,649,
398,385,382,-30,-210,-149,376,371,366,361,649,
396,385,381,-31,-202,-144,376,371,366,361,647,
393,384,381,-21,-192,-145,378,372,369,364,647,
390,384,381,-27,-186,-135,375,370,364,361,647,
386,384,380,-38,-188,-131,375,370,364,360,646,
380,383,380,-37,-191,-150,375,370,364,360,647,
375,383,379,-30,-181,-159,374,369,364,360,648,
370,384,379,-25,-174,-161,374,369,364,360,647,
369,384,380,-21,-168,-161,375,369,364,360,648,
368,385,380,-13,-161,-152,375,370,364,360,647,
371,385,382,-11,-149,-129,376,370,365,360,645,
375,385,383,-23,-154,-126,377,371,365,361,647,
378,384,383,-17,-164,-139,378,372,366,362,648,
381,385,384,-22,-173,-137,378,372,367,362,648,
384,385,384,-40,-174,-141,379,373,367,363,648,
384,385,383,-47,-178,-150,378,373,367,363,648,
383,387,383,-45,-175,-156,378,373,367,363,649,
381,387,383,-42,-174,-139,378,373,367,363,648,
380,386,383,-34,-173,-131,378,373,367,363,648,
379,385,383,-20,-177,-128,380,374,371,365,647,
379,384,383,-28,-182,-134,377,372,366,363,647,
377,384,383,-56,-224,-156,378,372,367,363,647,
376,384,384,-41,-243,-158,378,373,367,363,647,
377,384,384,-32,-244,-156,379,373,368,363,645,
377,383,384,-42,-256,-136,379,373,368,363,642,
379,382,385,-47,-265,-148,380,374,368,364,642,
380,382,386,-48,-269,-179,381,375,369,365,643,
381,383,387,-35,-249,-193,382,376,370,365,644,
381,384,387,-54,-246,-199,383,377,371,366,643,
381,385,388,-64,-251,-211,385,379,375,369,644,
380,386,388,-63,-242,-202,382,377,370,367,641,
378,386,388,-62,-254,-190,382,377,371,367,642,
379,386,388,-62,-256,-183,383,377,371,367,642,
381,387,387,-52,-247,-159,382,377,371,367,638,
385,384,386,-56,-255,-155,381,376,371,367,638,
388,384,385,-56,-243,-160,381,376,371,367,639,
387,383,384,-55,-233,-170,380,375,370,366,639,
381,383,383,-48,-238,-206,379,374,369,365,640,
377,384,383,-12,-229,-204,378,373,368,365,640,
379,385,383,11,-220,-205,378,373,368,364,641,
384,387,384,21,-214,-206,379,373,368,364,640,
389,388,385,41,-195,-206,381,375,372,367,641,
391,389,386,22,-200,-212,379,374,367,364,641,
391,391,385,10,-208,-216,380,374,368,364,640,
391,391,385,26,-216,-215,380,374,369,364,640,
393,392,386,38,-213,-218,381,375,369,365,638,
397,394,387,54,-225,-233,382,376,370,368,639,
398,395,388,18,-245,-239,383,377,369,366,636,
399,395,387,1,-262,-245,382,377,371,366,636,
394,395,386,6,-254,-220,382,376,371,366,636,
388,393,387,6,-249,-212,382,376,371,366,633,
384,392,386,-19,-245,-202,381,376,371,366,636,
383,391,386,-14,-231,-191,381,376,370,366,635,
380,389,384,-39,-215,-175,381,376,373,368,633,
380,386,383,-51,-208,-176,378,373,367,365,634,
381,384,382,-32,-177,-162,377,372,367,363,633,
382,383,381,-32,-151,-180,376,371,367,363,634,
381,383,380,-27,-137,-188,376,371,366,362,637,
378,384,380,-25,-115,-182,377,372,369,364,639,
375,385,379,-5,-96,-175,374,369,363,361,644,
375,385,380,22,-65,-152,374,369,363,360,644,
375,383,381,24,-64,-140,375,370,364,360,645,
375,384,381,7,-76,-134,376,370,364,360,644,
376,384,382,20,-75,-146,376,371,365,360,643,
376,384,382,24,-79,-150,377,371,366,361,644,
378,384,383,21,-80,-136,378,372,366,362,646,
381,387,383,35,-79,-133,378,372,367,362,646,
384,385,383,31,-87,-125,378,373,367,363,646,
384,386,384,38,-117,-125,379,373,368,363,644,
375,383,387,40,-98,-184,382,375,369,364,649,
378,384,389,48,-91,-150,384,377,370,365,649,
385,381,388,52,-115,-177,385,379,375,369,650,
391,380,387,54,-124,-158,381,376,370,367,651,
389,378,387,48,-133,-185,381,376,370,366,656,
383,378,387,40,-104,-224,382,376,371,367,659,
379,378,387,15,-91,-222,382,376,371,367,660,
378,378,385,21,-129,-220,381,376,370,366,661,
383,376,382,32,-121,-227,379,374,370,366,662,
388,376,381,17,-94,-223,379,374,372,367,665,
391,375,379,-14,-82,-226,374,370,365,363,665,
393,374,377,-2,-63,-253,373,369,364,361,665,
396,376,376,13,-55,-257,372,367,363,360,666,
397,378,375,10,-37,-261,370,366,362,358,667,
395,378,374,18,-31,-272,371,366,364,359,666,
392,379,374,32,-21,-270,368,364,358,356,666,
388,379,374,37,-14,-246,369,364,358,355,666,
385,380,375,32,-16,-241,370,364,359,355,667,
382,382,376,33,-16,-228,370,365,359,355,667,
380,382,376,24,-15,-221,371,365,360,355,667,
380,383,376,24,-20,-218,371,365,360,356,667,
382,382,375,33,-24,-225,372,367,364,358,667,
383,383,375,36,-29,-245,369,365,358,355,666,
382,384,376,29,-34,-264,370,365,359,355,669,
380,386,376,24,-34,-285,370,365,360,355,670,
378,387,375,32,-30,-275,371,365,360,355,670,
377,387,376,34,-20,-255,371,365,360,356,670,
378,387,376,40,-17,-247,371,366,360,356,671,
378,388,376,34,-20,-245,373,367,364,358,670,
380,387,376,28,-19,-228,370,365,359,356,671,
380,388,376,30,-16,-213,371,366,360,356,670,
383,388,376,31,-20,-207,371,366,360,356,671,
385,388,376,23,-19,-212,371,366,360,356,671,
385,387,376,25,-17,-217,371,366,361,356,671,
387,388,376,28,-14,-224,371,366,361,356,671,
388,387,376,24,-16,-231,371,366,360,356,671,
390,388,376,36,-13,-240,371,366,360,356,671,
389,387,378,36,-10,-237,372,366,361,356,671,
388,387,379,26,-16,-238,375,369,365,360,671,
387,387,379,31,-13,-243,373,368,361,358,671,
387,387,380,44,-23,-257,375,369,362,358,672,
389,387,381,51,-30,-266,375,369,363,359,671,
393,386,381,46,-27,-260,376,370,364,359,671,
392,386,382,23,-17,-258,376,371,365,360,672,
388,386,382,-10,-6,-242,377,371,365,361,671,
383,387,382,-17,1,-224,377,371,366,361,672,
380,388,381,-10,5,-216,377,371,366,362,672,
378,389,381,-2,11,-221,376,371,366,362,672,
379,389,382,10,10,-224,378,373,369,364,672,
382,389,382,16,2,-213,376,371,364,361,672,
385,389,382,4,-1,-208,376,371,365,361,671,
388,389,381,-13,-1,-202,376,370,365,361,671,
391,388,379,3,2,-189,375,370,365,361,671,
395,388,379,18,2,-189,376,371,368,363,671,
398,387,379,23,7,-191,373,369,363,360,671,
398,387,380,32,30,-258,374,369,364,360,671,
396,387,381,40,39,-256,376,370,364,360,672,
395,387,382,52,43,-251,377,371,365,361,672,
392,386,384,72,38,-308,378,372,366,362,674,
388,388,386,95,52,-350,380,374,369,364,675,
386,389,387,54,33,-312,382,375,370,365,674,
384,389,387,37,18,-298,382,376,370,366,674,
383,389,385,24,6,-290,381,376,370,366,675,
382,391,384,21,7,-286,380,375,370,366,675,
384,391,383,45,15,-275,379,374,369,365,675,
386,390,382,51,14,-268,380,375,372,367,674,
389,390,382,47,18,-278,376,372,366,364,674,
389,389,382,42,21,-288,377,372,367,363,675,
388,390,382,40,21,-284,377,372,367,363,673,
396,391,384,201,12,-314,379,374,368,364,668,
394,389,383,116,2,-349,377,371,366,362,665,
392,389,382,25,-10,-246,377,371,366,362,665,
394,389,383,34,-4,-235,377,371,366,362,665,
396,388,384,11,0,-215,379,373,367,363,664,
391,391,383,-103,-8,-512,378,373,367,362,662,
384,390,383,-75,2,-439,379,373,369,364,663,
385,390,383,29,4,-331,376,371,366,362,665,
386,391,383,3,13,-252,378,372,367,363,665,
385,390,383,1,10,-244,378,373,367,363,665,
384,390,384,-10,6,-229,381,373,368,363,664,
385,389,384,15,9,-241,379,374,368,364,663,
385,389,383,9,7,-234,379,373,368,364,664,
385,389,384,-5,4,-249,379,373,368,364,664,
386,389,383,5,3,-244,379,373,368,364,663,
386,388,384,1,0,-248,379,373,368,364,663,
385,389,384,5,0,-241,379,373,368,364,662,
386,389,383,4,-4,-246,381,375,372,366,663,
385,388,383,1,-4,-247,378,373,367,364,663,
385,388,384,5,-5,-247,379,373,367,363,662,
386,389,384,2,-2,-246,381,375,371,366,663,
386,389,383,3,-4,-247,377,373,366,363,663,
385,388,384,4,-3,-247,378,373,367,363,663,
385,388,384,3,-2,-246,378,373,367,363,663,
385,388,383,4,-3,-246,378,373,368,363,663,
386,388,383,3,-2,-246,380,375,371,366,662,
385,388,383,3,-1,-247,377,372,366,363,663,
385,389,384,3,-1,-247,378,373,367,363,663,
386,388,383,3,0,-245,378,373,367,363,662,
386,388,383,4,0,-247,378,373,368,363,663,
385,388,384,3,-2,-244,378,373,368,363,662,
386,389,384,3,-1,-245,379,373,368,364,664,
386,389,383,3,-1,-246,378,373,368,364,664,
386,388,384,2,-1,-247,381,375,372,366,663,
386,389,384,3,-1,-246,378,373,367,364,664,
385,389,384,3,-1,-246,378,373,367,363,664,
386,389,384,2,0,-247,379,373,368,363,664,
386,388,384,4,-2,-247,379,373,368,363,662,
386,388,384,3,-1,-247,381,375,372,366,663,
385,389,384,2,-1,-247,377,373,366,363,663,
385,388,384,2,-2,-246,378,373,367,363,663,
385,388,384,3,-2,-245,379,373,367,363,663,
386,388,383,3,-1,-246,379,373,368,363,663,
385,388,384,3,-2,-246,379,373,368,364,664,
385,388,383,2,-1,-245,379,373,368,364,663,
385,389,383,4,-2,-245,380,375,371,366,663,
386,389,384,2,-2,-248,378,373,367,364,663,
385,389,383,2,-1,-246,378,373,367,363,663,
385,389,384,4,-1,-246,379,373,368,363,664,
385,388,384,3,-2,-248,379,373,368,363,664,
385,388,384,3,-2,-247,379,373,368,364,664,
385,388,383,4,-2,-248,379,373,368,364,663,
385,388,384,3,-1,-245,378,373,368,364,663,
386,388,383,2,0,-246,378,373,368,364,664,
385,388,384,3,-2,-246,378,373,368,364,663,
386,389,384,3,0,-247,378,373,368,364,664,
385,389,384,3,-1,-247,379,373,368,364,663,
386,388,383,3,-1,-247,378,373,368,364,664,
385,388,383,2,-3,-246,378,373,368,363,663,
386,388,383,2,-1,-245,378,373,368,364,664,
385,387,383,3,-1,-248,378,373,368,364,663,
385,388,384,3,-1,-246,380,374,371,366,663,
385,389,383,3,0,-245,377,372,366,363,664,
385,388,384,3,-1,-246,378,372,367,363,664,
385,389,383,3,-2,-247,378,373,367,363,664,
385,388,384,2,-2,-246,379,373,368,363,664,
385,388,384,4,-1,-245,379,373,368,364,664,
385,388,384,4,-2,-246,379,373,368,364,664,
385,388,383,4,-2,-247,379,373,368,364,664,
385,388,383,3,-1,-247,379,373,368,364,665,
385,389,384,3,-1,-247,379,373,368,364,665,
385,389,383,3,-2,-247,379,373,368,364,663,
385,388,383,2,0,-247,379,373,368,364,665,
385,389,384,2,0,-247,379,373,368,364,664,
385,388,384,3,-1,-246,379,373,368,364,665,
385,389,383,3,-1,-246,379,373,368,364,665,
385,388,383,3,-1,-250,379,373,368,364,665,
385,388,383,5,-2,-248,379,373,368,364,664,
385,388,383,2,-1,-248,378,373,368,364,665,
386,389,384,3,-2,-247,378,373,368,364,665,
385,387,384,2,-2,-247,379,373,368,364,665,
385,388,384,3,-2,-245,379,373,368,364,665,
386,388,384,4,-2,-247,379,373,368,364,665,
386,388,384,3,-1,-246,379,373,368,364,665,
385,388,383,3,-1,-245,379,373,368,364,665,
385,388,384,3,0,-247,379,373,368,364,664,
385,388,384,4,-1,-245,380,375,372,366,665,
385,388,384,3,0,-247,377,372,366,363,664,
385,388,384,3,-1,-245,378,373,367,363,665,
385,389,383,4,-2,-245,378,373,367,363,665,
385,388,384,4,-2,-247,378,373,368,363,665,
386,388,384,3,-1,-248,378,373,368,363,665,
385,388,384,3,-2,-248,379,373,368,364,665,
385,388,384,3,-1,-246,380,375,371,366,665,
385,388,384,4,-2,-245,378,373,366,363,665,
385,388,383,3,-1,-246,378,373,367,363,665,
385,387,384,3,-2,-247,379,373,368,363,665,
385,388,383,4,-1,-245,379,373,368,363,665,
385,388,384,3,-1,-246,380,375,371,366,665,
385,389,384,4,-2,-246,378,373,366,363,665,
385,388,384,3,-1,-246,378,373,367,363,665,
385,387,384,2,-1,-246,379,373,368,363,665,
385,387,383,4,-1,-246,379,373,368,363,664,
385,388,383,3,-2,-246,379,373,368,364,665,
385,388,384,3,-1,-249,379,373,368,364,665,
385,388,384,3,-2,-247,379,373,368,364,665,
385,389,383,4,-3,-244,379,373,368,364,665,
385,388,384,3,-1,-248,379,373,368,364,665,
385,388,383,3,-2,-246,378,373,368,364,665,
385,388,384,3,-1,-248,380,375,371,366,665,
385,388,384,3,-1,-247,377,372,366,363,665,
385,388,384,3,-1,-247,378,373,367,363,665,
385,388,384,3,0,-247,378,373,367,363,665,
386,388,383,3,-1,-247,378,373,367,363,665,
385,388,383,3,-2,-247,380,374,371,366,665,
385,388,383,2,-1,-247,377,372,366,363,665,
385,388,384,2,-1,-246,378,372,367,363,665,
385,388,384,4,-2,-245,378,373,367,363,665,
385,389,384,4,-2,-246,379,373,367,363,665,
385,388,383,4,-2,-247,378,373,368,363,665,
385,388,384,3,-2,-247,379,373,368,364,665,
385,389,384,2,-1,-245,381,375,368,364,665,
385,388,384,3,-1,-246,378,373,368,364,665,
385,388,384,4,-2,-247,378,373,368,364,664,
385,388,384,2,-1,-245,379,373,368,364,665,
385,388,383,3,0,-247,379,373,368,364,665,
385,388,384,4,-1,-249,379,373,368,364,664,
385,388,383,3,-2,-247,379,373,368,364,665,
385,388,384,4,-1,-248,381,375,372,366,664,
385,388,384,3,-2,-247,378,373,367,364,664,
385,388,383,3,-2,-248,378,373,367,363,665,
385,388,384,3,-2,-246,379,373,368,363,665,
385,388,383,3,-1,-247,379,373,368,363,665,
385,387,383,4,-2,-244,378,373,368,364,665,
385,388,384,4,-1,-248,379,373,368,364,665,
385,388,384,4,-1,-247,379,373,368,364,664,
385,388,384,3,-1,-249,379,373,368,364,664,
385,388,384,2,-1,-245,379,373,368,364,665,
386,388,384,4,-2,-247,380,375,372,366,664,
385,388,383,2,-1,-247,377,372,366,363,665,
385,388,383,4,-2,-245,378,372,367,363,665,
385,388,384,3,-2,-248,378,373,367,363,665,
385,388,383,3,-1,-246,378,373,367,363,665,
385,388,384,3,-1,-247,378,373,367,363,664,
385,388,383,3,-2,-244,378,373,368,363,665,
385,388,384,3,-1,-247,378,373,368,364,666,
385,388,384,3,-1,-247,379,373,368,364,666,
385,388,383,2,0,-248,378,373,368,364,665,
385,388,384,4,-1,-246,379,373,368,364,666,
385,388,383,3,-2,-246,379,373,368,364,665,
385,388,384,2,-1,-246,379,373,368,364,666,
385,388,383,2,-1,-245,379,373,368,364,666,
385,388,384,3,-1,-247,379,373,368,364,665,
385,388,383,3,-1,-245,380,375,372,366,666,
385,388,383,4,-3,-247,377,372,366,363,665,
385,387,384,3,-1,-247,378,373,367,363,666,
385,389,384,3,-1,-248,379,373,368,363,666,
385,388,384,2,-1,-246,379,373,368,363,667,
385,387,384,3,-1,-245,379,373,368,364,667,
385,388,383,3,0,-248,378,373,368,364,667,
385,388,384,3,-1,-246,380,375,371,366,666,
385,388,384,4,-1,-247,377,373,366,364,667,
385,388,384,2,-2,-248,378,373,367,363,667,
385,388,384,3,-1,-246,378,373,367,363,667,
386,387,384,2,0,-246,379,373,368,363,667,
385,388,384,3,-2,-247,380,375,371,366,667,
385,388,384,4,-2,-246,377,373,366,363,667,
385,387,384,2,0,-246,378,373,367,363,667,
385,388,384,3,-3,-246,379,373,368,363,667,
385,388,384,4,-2,-246,379,373,368,363,667,
385,388,384,5,-2,-247,379,373,368,364,667,
385,388,383,3,-2,-248,379,373,368,364,667,
385,388,384,2,-1,-245,381,375,372,366,667,
385,387,384,2,-2,-247,378,373,367,364,666,
385,388,384,2,-1,-246,378,373,367,363,667,
385,388,384,3,-2,-244,379,373,368,363,667,
385,388,383,4,-1,-247,379,373,368,364,667,
385,388,384,3,-1,-248,379,373,368,364,667,
385,388,384,2,-1,-248,379,373,368,364,667,
385,388,383,3,-2,-245,380,375,372,366,667,
385,387,384,2,-1,-247,377,373,367,364,667,
385,388,384,3,-1,-247,378,373,367,363,667,
385,388,384,3,-1,-247,378,373,367,363,667,
385,387,384,3,-1,-245,379,373,368,363,668,
385,388,384,3,0,-247,379,373,368,364,668,
385,388,384,3,-1,-244,379,373,368,364,666,
385,387,384,3,-1,-245,380,375,372,366,668,
385,388,384,3,-2,-245,378,373,367,364,667,
385,388,384,2,-1,-246,378,373,367,363,668,
385,388,384,2,-1,-248,378,373,367,363,668,
385,389,384,3,-1,-248,379,373,368,363,668,
386,388,384,3,-1,-246,381,375,371,366,667,
385,388,384,3,0,-247,378,373,367,363,667,
385,388,383,3,0,-245,378,373,367,363,666,
385,388,384,4,-1,-245,378,373,367,363,667,
385,388,384,2,-1,-248,379,373,368,363,667,
385,387,384,3,-1,-245,379,373,368,364,667,
385,388,384,3,-2,-248,379,373,368,364,667,
385,387,383,2,-1,-245,378,373,368,364,668,
385,387,384,3,-1,-246,379,373,368,364,668,
385,388,384,3,-2,-247,379,373,368,364,667,
385,388,384,3,-1,-246,381,375,372,366,668,
385,387,384,4,-2,-247,378,373,367,364,668,
385,387,384,2,-2,-245,378,373,367,363,668,
385,388,383,3,-2,-248,380,374,371,366,668,
385,388,383,3,-2,-246,377,372,366,363,668,
384,387,383,2,-1,-246,378,372,367,363,668,
385,388,384,4,-1,-248,379,373,367,363,668,
385,387,384,3,-2,-247,379,373,368,363,668,
385,387,384,3,-2,-246,379,373,368,364,668,
385,388,384,3,-1,-247,379,373,368,364,668,
385,388,384,3,-1,-248,378,373,368,364,668,
385,387,384,3,-1,-246,379,373,368,364,667,
385,388,384,3,-1,-247,379,373,368,364,668,
385,387,384,4,-1,-247,379,375,372,366,668,
385,388,384,3,-1,-247,378,373,367,364,668,
385,388,383,4,-1,-246,378,373,367,363,668,
385,388,384,3,-1,-247,378,373,367,363,666,
385,388,384,4,-1,-246,379,373,368,363,667,
385,387,384,3,-1,-247,379,373,368,364,667,
385,388,384,2,0,-245,379,374,368,364,667,
385,388,384,3,-3,-245,379,374,368,364,667,
385,388,383,2,-1,-247,379,373,368,364,667,
385,388,383,3,-2,-249,378,373,368,364,667,
385,388,384,3,-2,-246,379,373,368,364,667,
385,388,384,3,-1,-247,379,373,368,364,667,
385,387,384,4,-1,-249,379,374,368,364,667,
385,387,383,3,-1,-246,380,375,372,366,667,
385,387,383,3,-2,-246,378,373,367,364,666,
385,387,384,3,-1,-247,378,373,367,363,667,
385,387,383,3,-1,-247,379,373,368,363,667,
385,388,384,2,-2,-247,379,373,368,364,667,
385,387,383,3,-2,-248,378,373,368,364,667,
385,388,384,2,-2,-245,379,373,368,364,667,
385,388,384,3,-1,-248,379,373,368,364,667,
385,388,383,3,-1,-246,378,373,368,364,666,
385,387,384,3,-1,-246,378,373,368,364,667,
385,387,384,3,-1,-247,379,373,368,364,667,
385,388,384,2,-2,-247,379,373,368,364,667,
385,387,384,3,-2,-245,381,375,372,366,667,
385,388,384,3,-3,-247,378,373,367,364,667,
385,387,384,2,-1,-247,378,373,367,363,667,
385,387,384,3,0,-246,379,373,368,363,667,
385,387,384,3,-1,-247,378,373,368,363,667,
385,388,384,3,0,-245,379,373,368,364,667,
385,387,384,2,-1,-246,379,373,368,364,667,
385,388,384,2,-2,-246,381,375,372,366,667,
385,387,383,4,0,-247,377,373,367,364,668,
385,387,384,3,-1,-247,378,373,367,363,667,
385,387,384,3,-1,-248,379,373,368,363,667,
385,388,384,3,-2,-246,379,373,368,364,668,
385,387,384,3,-1,-244,381,375,372,366,667,
385,388,384,3,-1,-247,378,373,367,364,668,
384,388,383,3,-1,-246,378,373,367,363,667,
385,388,384,2,-1,-247,379,373,368,363,667,
385,388,384,3,0,-247,379,373,368,364,667,
385,388,384,3,-1,-247,381,375,372,366,667,
385,388,384,2,-1,-246,378,373,367,364,668,
384,387,384,3,-2,-247,378,373,367,363,667,
385,388,384,3,-2,-245,379,373,368,363,667,
385,387,384,3,-1,-246,379,373,368,364,668,
385,387,384,3,-3,-247,381,375,372,366,668,
385,387,384,2,-1,-246,378,373,367,364,668,
385,387,384,2,-2,-247,380,375,371,366,666,
385,388,384,3,-1,-247,377,373,366,363,667,
385,388,384,3,-1,-247,378,373,367,363,668,
385,387,383,4,-3,-246,378,373,367,363,668,
386,387,384,2,-2,-247,379,373,368,363,668,
385,388,384,4,-2,-246,379,375,371,366,667,
385,388,384,3,-1,-247,378,373,367,364,668,
385,387,384,3,0,-245,378,373,367,363,668,
385,387,384,2,-1,-247,378,373,367,363,667,
385,388,384,3,-1,-248,378,373,368,363,668,
385,388,384,3,-1,-247,378,373,368,364,668,
385,388,384,3,-2,-247,378,373,368,364,668,
384,388,384,3,-1,-247,379,373,368,364,667,
385,388,383,3,0,-248,379,373,368,364,668,
385,387,383,3,-1,-245,378,373,368,364,667,
384,388,384,4,-2,-245,379,373,368,364,668,
384,388,384,3,-1,-248,379,373,368,364,668,
385,387,384,2,-1,-245,379,374,368,364,668,
384,388,384,2,0,-247,379,374,368,364,668,
384,388,383,3,-2,-246,379,373,368,364,668,
384,387,383,3,-1,-246,380,375,372,366,668,
385,387,384,3,0,-246,378,373,367,364,668,
385,388,384,4,-1,-249,379,373,367,363,667,
385,387,384,3,-1,-248,379,373,368,363,668,
385,387,384,4,-2,-246,379,373,368,364,668,
385,388,384,2,-1,-248,379,373,368,364,668,
385,387,384,2,-1,-247,379,373,368,364,668,
385,387,384,4,-2,-248,380,375,372,366,668,
385,387,384,2,0,-248,378,373,367,364,668,
385,388,384,3,-1,-247,378,373,367,363,668,
385,387,383,3,-1,-245,378,373,367,363,668,
384,388,384,2,0,-248,379,373,368,363,668,
384,387,384,2,-1,-245,379,373,368,364,668,
385,388,384,3,-1,-247,379,373,368,364,668,
384,388,384,3,-1,-247,379,373,368,364,668,
385,387,384,3,0,-247,379,373,368,364,668,
385,388,383,2,-1,-246,378,373,368,364,668,
385,387,384,3,-1,-247,380,375,371,366,667,
385,388,384,3,-1,-246,377,373,366,364,668,
385,387,384,3,-1,-245,378,373,367,363,668,
385,388,384,3,-2,-246,378,373,367,363,668,
385,387,384,2,0,-245,378,373,368,363,668,
385,388,384,3,-1,-245,380,375,371,366,668,
385,388,384,3,0,-246,377,373,366,363,668,
385,388,384,3,-2,-247,379,373,367,363,668,
385,388,384,4,-2,-245,379,373,368,363,668,
385,387,384,4,-1,-248,379,373,368,363,668,
385,387,384,3,0,-246,379,373,368,364,668,
385,387,384,2,-1,-248,379,373,368,364,667,
385,387,384,3,-1,-247,379,373,368,364,668,
384,388,384,3,-1,-246,379,373,368,364,668,
385,387,383,3,-2,-247,378,373,368,364,668,
385,387,384,2,-1,-245,378,373,368,364,668,
385,388,384,4,-2,-245,380,375,371,366,668,
385,388,384,3,-1,-244,378,373,366,363,669,
385,388,384,2,-1,-246,378,373,367,363,668,
385,388,384,4,-2,-247,379,373,368,363,669,
385,388,384,2,-2,-248,379,373,368,364,668,
385,387,384,3,-1,-247,380,375,372,366,668,
385,387,384,4,-2,-247,378,373,367,364,668,
385,387,384,4,-1,-247,378,373,367,363,668,
385,387,384,3,-1,-246,379,373,368,363,668,
385,388,384,3,0,-247,379,373,368,364,668,
384,387,384,4,-1,-246,379,373,368,364,667,
385,387,384,4,-2,-247,379,373,368,364,668,
385,387,384,3,0,-247,381,375,372,366,668,
385,387,384,2,-1,-246,378,373,367,364,667,
385,387,384,3,-1,-247,378,373,367,363,668,
385,388,384,4,-1,-246,379,373,368,364,668,
385,387,384,3,-1,-247,379,373,368,364,669,
385,388,384,3,-2,-244,379,373,368,364,668,
385,388,384,3,-1,-248,379,373,368,364,668,
385,387,384,3,-1,-248,381,375,372,366,668,
385,388,384,3,-1,-244,379,374,370,366,669,
385,388,384,3,-1,-246,379,374,369,365,668,
384,388,384,4,-1,-246,379,374,369,365,667,
385,387,384,4,-2,-243,379,374,369,365,668,
385,387,384,4,-2,-246,379,373,368,364,668,
385,388,384,3,-1,-247,379,374,368,364,668,
385,387,384,3,-1,-247,379,374,368,364,668,
385,388,384,2,-2,-248,379,374,368,364,668,
385,387,384,2,-1,-246,379,374,368,364,668,
384,387,383,3,-1,-246,379,373,368,364,667,
384,388,384,4,-3,-248,379,373,368,364,669,
384,387,383,4,-2,-247,379,373,368,364,668,
384,387,384,3,0,-246,379,373,368,364,668,
385,388,384,4,-2,-245,379,373,368,364,668,
384,387,384,3,-2,-245,379,373,368,364,668,
384,387,384,2,-1,-245,379,373,368,364,668,
384,388,384,3,-1,-246,378,373,368,364,668,
385,387,384,2,-1,-245,379,373,368,364,668,
384,387,384,3,-2,-245,378,373,368,364,667,
385,387,384,3,-1,-247,379,373,368,364,668,
384,387,383,3,-1,-247,379,373,368,364,667,
385,388,384,4,-2,-246,379,373,368,364,668,
385,388,384,3,-1,-249,378,373,368,364,668,
384,387,384,2,-1,-248,379,373,368,364,668,
384,387,384,4,-1,-248,379,374,368,364,668,
385,388,383,4,-2,-246,379,374,368,364,669,
385,388,384,3,-1,-246,379,375,369,365,669,
376,396,385,-62,-246,-261,381,382,379,375,854,
398,382,387,428,-512,-416,376,370,361,364,867,
376,391,384,-78,134,-512,377,369,362,358,888,
384,389,384,-64,-173,51,383,378,377,372,894,
385,388,384,19,-224,-461,377,371,368,366,896,
387,387,384,21,-372,-222,375,368,357,357,898,
386,389,384,24,-107,-363,375,366,360,356,897,
382,388,385,26,84,-512,384,382,370,368,897,
379,389,384,22,40,22,386,386,382,378,896,
378,388,384,36,-3,-356,374,370,369,368,893,
381,389,383,26,-36,-149,387,385,379,378,890,
382,386,383,-48,-35,35,387,392,388,386,887,
380,388,382,147,-157,-319,376,374,363,364,884,
377,390,382,-100,-178,-389,371,364,363,361,884,
379,386,380,53,-161,-380,383,375,372,365,880,
385,391,377,76,-93,-176,367,361,361,358,878,
385,388,379,2,118,-512,372,361,356,352,872,
384,387,379,-140,-13,6,364,350,348,341,860,
385,386,379,-75,-105,-21,374,369,354,351,855,
385,386,380,-15,-9,-149,380,375,370,364,845,
388,384,380,-132,-28,-128,372,367,361,358,837,
384,386,380,-8,91,241,382,380,373,369,838,
383,386,380,-64,102,-398,377,375,371,368,838,
385,387,380,-34,24,324,375,370,367,364,836,
382,391,380,-161,-110,-143,373,368,361,359,832,
385,387,380,-106,130,-84,369,361,358,353,793,
384,387,380,68,118,293,360,344,341,338,749,
386,387,381,84,99,-512,376,364,356,348,757,
389,388,380,2,14,118,381,377,369,365,801,
388,387,380,21,64,-213,376,371,362,361,832,
387,386,381,51,68,-388,382,378,375,368,854,
386,388,381,-25,71,-457,377,374,371,367,870,
387,385,382,42,88,-203,386,385,381,377,884,
386,389,382,-91,67,22,380,380,377,375,891,
392,387,382,31,140,183,377,374,365,364,893,
393,387,384,-17,66,-243,377,372,371,369,900,
391,388,385,-55,-90,-47,377,373,372,370,904,
390,389,386,115,-77,10,373,361,359,357,906,
388,389,386,29,-61,-312,379,369,364,359,907,
386,387,386,101,-66,-60,380,371,363,359,908,
383,385,386,-8,-24,-70,379,373,364,361,908,
384,388,386,6,-59,26,381,378,367,362,909,
385,391,386,-20,-105,-370,381,376,365,361,907,
387,386,387,80,68,-512,384,379,378,371,908,
386,385,387,-57,-70,-512,386,380,373,371,908,
388,388,387,-27,30,-111,384,382,381,377,906,
387,391,388,29,-26,-227,374,368,359,359,906,
386,386,388,-15,-38,-126,387,375,377,370,906,
386,389,388,40,12,-220,388,384,379,376,903,
385,386,388,10,3,115,384,378,372,371,905,
385,387,388,62,28,-256,384,380,371,367,904,
385,390,388,44,97,-512,386,381,377,371,903,
388,387,389,34,19,296,379,373,366,364,905,
391,387,390,115,-10,35,391,391,386,382,907,
391,390,390,78,-61,-371,386,385,380,379,910,
390,385,392,33,7,-300,390,384,381,378,911,
386,388,392,-36,-82,144,383,376,370,371,911,
381,388,393,220,-61,160,383,371,367,361,907,
373,387,391,-47,-193,11,391,385,378,368,900,
369,387,390,71,-70,-167,390,383,367,364,877,
373,387,389,33,113,-137,382,375,374,364,698,
379,387,388,-21,14,-334,382,376,372,364,664,
386,387,387,-1,18,-53,377,368,361,356,653,
383,391,385,-60,464,38,382,376,363,360,826,
388,388,382,-161,259,511,388,392,389,383,875,
388,387,384,71,-20,-453,386,390,391,392,884,
387,386,385,-68,-57,-140,383,382,379,379,886,
383,386,385,12,9,-137,383,381,382,381,888,
389,388,385,-65,-31,-487,377,372,368,369,892,
386,390,386,-26,89,272,376,370,368,365,895,
383,387,386,-180,24,-457,376,368,362,358,896,
380,387,385,-28,197,127,377,368,363,358,896,
380,389,384,15,-69,171,377,371,362,359,896,
384,392,384,-82,39,32,382,375,369,364,897,
385,387,385,-109,-138,-272,374,367,364,362,897,
384,386,385,89,12,-512,374,365,361,357,897,
381,388,384,-6,-69,-464,382,378,368,364,896,
384,386,384,116,-110,-448,389,386,381,376,895,
385,387,384,97,6,-201,386,381,375,371,893,
384,388,384,54,-129,-298,373,370,367,366,897,
381,387,383,-26,-32,-116,372,361,356,354,895,
382,387,383,68,41,-365,386,388,380,372,897,
384,387,383,59,-58,189,378,373,367,366,895,
387,387,385,13,-110,-512,383,379,374,370,893,
384,379,383,-154,90,-55,374,367,356,352,873,
378,397,376,-257,511,-512,379,375,377,368,813,
389,444,374,6,511,-512,365,358,357,351,728,
371,482,380,-9,492,-512,366,354,351,347,670,
403,497,381,121,396,-140,358,339,334,328,668,
371,406,376,48,-381,511,364,349,334,329,624,
342,433,390,14,210,216,384,374,353,343,656,
332,424,391,-53,78,32,384,375,360,348,644,
334,413,394,-21,-19,212,384,373,361,351,637,
335,417,397,-13,70,28,387,377,366,358,646,
334,419,401,-16,67,-56,394,385,376,367,648,
316,403,403,-118,-64,511,363,342,295,312,615,
287,380,400,-69,-5,41,403,391,377,357,636,
286,376,398,-50,5,-5,395,388,381,369,641,
287,375,396,-47,-6,14,393,388,383,375,645,
288,371,392,-45,-11,25,390,386,382,376,645,
288,370,390,-47,-8,17,386,382,379,374,647,
288,370,386,-48,-5,21,391,394,384,374,621,
345,376,346,-62,-227,159,358,377,374,378,645,
383,373,347,50,-19,470,340,344,361,362,615,
363,359,345,-41,189,-284,344,342,349,348,611,
377,368,345,21,19,65,335,330,325,330,637,
386,381,334,-263,-512,146,336,335,334,329,626,
400,371,331,-135,-68,74,329,326,328,327,633,
400,366,327,-29,182,-170,326,324,320,319,638,
411,369,324,-39,113,-27,319,315,312,312,643,
333,370,298,-349,116,-69,308,311,311,307,630,
402,706,312,-58,511,511,207,93,170,227,614,
323,389,388,-278,-73,511,292,182,98,121,612,
236,387,396,-263,41,-294,407,348,325,259,622,
224,395,399,-157,41,-81,398,371,349,315,647,
209,402,394,-186,6,5,395,384,371,350,645,
257,385,387,-486,511,511,313,278,242,260,536,
305,382,387,-55,84,-512,434,431,431,390,605,
311,391,385,-26,28,110,392,397,392,381,627,
311,387,386,-21,-73,136,394,401,413,405,625,
310,382,385,-56,2,90,380,381,381,384,630,
312,385,385,-23,9,-45,381,380,380,380,640,
306,397,403,-113,-30,511,389,379,365,367,646,
310,393,402,-512,243,408,392,385,393,386,647,
308,383,393,-156,57,-134,391,385,380,378,642,
337,383,381,-40,-24,-61,383,382,390,385,634,
335,388,376,-49,-16,-1,379,380,382,380,646,
364,382,390,-33,-12,157,376,373,369,368,644,
350,387,385,-25,-55,-73,383,379,374,369,645,
352,388,380,-234,-8,-136,375,372,369,366,647,
353,386,388,-156,21,31,380,375,369,366,647,
352,389,386,-200,66,-39,381,376,369,365,651,
343,386,386,-154,14,-201,380,374,369,365,649,
339,386,384,-161,5,-127,380,374,369,365,652,
333,389,386,-121,10,-133,380,375,369,365,654,
322,388,386,-102,3,-122,380,375,369,365,653,
311,387,386,-66,-3,-73,381,375,369,365,654,
75,344,428,-252,275,511,276,150,170,102,616,
382,374,379,19,-134,-68,348,265,200,158,652,
390,382,380,39,59,245,366,316,271,234,665,
402,394,386,350,100,-491,392,371,346,308,652,
411,392,387,15,-5,-33,367,347,319,307,656,
411,394,384,470,60,-512,424,572,602,546,654,
392,386,387,37,23,-118,300,249,312,362,660,
404,391,386,1,26,-380,361,314,321,334,666,
402,385,384,-18,-19,-209,374,345,334,333,668,
395,385,385,13,-13,-251,380,363,349,341,669,
398,386,386,34,6,-246,380,369,357,349,670,
399,387,384,11,3,-239,380,372,364,356,670,
401,387,385,8,3,-243,380,373,366,359,671,
398,386,385,-33,-2,-206,380,374,367,362,671,
396,386,385,29,1,-266,381,375,370,364,673,
396,386,385,-4,-5,-232,380,375,370,365,673,
398,386,385,22,-1,-247,380,375,370,365,673,
398,386,384,8,-2,-245,380,374,369,365,673,
399,386,385,3,1,-243,380,374,369,365,674,
398,386,385,3,1,-246,380,374,369,365,673,
398,386,385,0,0,-242,380,374,369,365,675,
397,386,385,2,3,-245,380,374,369,365,674,
396,386,385,-1,1,-241,380,375,369,365,675,
397,386,385,21,2,-254,380,374,369,365,675,
398,387,385,16,0,-252,380,374,369,365,674,
398,386,385,5,-4,-242,380,374,369,365,675,
398,386,385,6,-3,-247,380,374,369,365,676,
396,386,385,1,-3,-241,380,375,369,365,676,
397,385,385,13,1,-253,380,375,369,365,676,
397,386,384,10,1,-246,380,374,369,365,676,
397,387,385,11,0,-247,380,374,369,365,676,
397,387,385,1,2,-243,380,374,369,365,677,
396,386,385,2,3,-247,380,374,369,365,675,
396,386,385,6,2,-246,380,374,369,365,677,
397,387,384,10,1,-247,379,374,369,365,676,
397,385,384,5,0,-244,379,374,369,365,677,
396,387,385,4,-1,-246,380,374,369,365,677,
396,386,385,4,-2,-246,380,374,369,365,677,
396,386,385,7,-1,-247,380,374,369,365,677,
397,387,386,6,-2,-246,380,375,369,365,678,
396,386,384,7,-3,-246,380,374,369,365,678,
396,386,385,7,-2,-249,380,374,369,365,678,
396,386,385,6,-2,-246,380,374,369,365,677,
396,386,385,7,-3,-246,380,375,369,365,678,
396,386,385,7,-1,-246,380,375,369,365,679,
396,387,385,6,-1,-247,380,374,369,365,679,
396,386,385,5,0,-247,380,374,369,365,678,
396,386,385,7,0,-247,380,374,369,365,679,
396,385,385,6,0,-247,379,374,369,365,679,
396,386,385,6,-1,-246,379,374,369,365,679,
396,387,385,6,-1,-245,380,374,369,365,679,
396,387,385,7,-1,-248,380,374,369,365,679,
395,386,385,7,-3,-248,380,374,369,365,680,
396,387,385,6,0,-245,380,374,369,365,679,
395,386,385,6,0,-249,380,374,369,365,679,
395,385,385,6,-1,-248,380,374,369,365,680,
396,387,385,8,-1,-246,380,374,369,365,680,
395,387,384,7,-1,-246,380,374,369,365,680,
395,387,385,7,-1,-247,380,374,369,365,680,
395,387,385,6,-2,-248,380,374,369,365,680,
395,386,385,7,-1,-246,380,374,369,365,680,
395,386,385,7,-2,-247,380,374,369,365,680,
395,386,385,6,-2,-246,380,374,369,365,680,
395,386,384,7,-1,-249,380,374,369,365,680,
395,386,385,7,-1,-245,380,374,369,365,680,
395,387,384,6,-3,-245,380,374,369,365,680,
395,387,384,7,-1,-247,380,374,369,365,680,
394,387,385,6,-1,-246,380,374,369,365,680,
395,386,384,6,-1,-246,380,374,369,365,680,
394,387,385,5,-1,-245,380,374,369,365,680,
395,386,385,7,-2,-248,380,374,369,365,680,
395,386,385,8,-1,-247,380,374,369,365,680,
395,387,384,7,-1,-245,379,374,369,365,680,
394,386,385,7,-2,-247,379,374,369,365,680,
394,387,385,7,-2,-246,379,374,369,365,680,
394,386,385,7,-1,-247,379,374,369,365,680,
395,386,385,5,-1,-246,380,374,369,365,679,
394,386,385,6,-1,-246,380,374,369,365,680,
394,386,384,7,-1,-247,380,374,369,365,680,
394,386,384,6,-1,-247,380,374,369,365,680,
394,386,385,7,-2,-246,380,374,369,365,680,
394,386,384,5,-1,-245,380,374,369,365,680,
394,387,384,7,-1,-246,380,374,369,365,680,
394,387,384,7,0,-247,380,374,369,365,680,
394,386,384,7,-2,-247,380,374,369,365,679,
394,386,385,6,-3,-247,380,374,369,365,680,
394,386,384,7,-1,-247,380,374,369,365,680,
394,386,385,7,-2,-245,380,374,369,365,680,
394,386,384,5,-1,-246,379,374,369,365,681,
394,387,384,6,-1,-245,379,374,369,365,680,
394,387,384,7,-1,-248,379,374,369,365,681,
394,386,385,6,-1,-246,379,374,369,365,680,
393,386,384,7,-1,-246,379,374,369,365,681,
393,387,385,7,-1,-247,380,374,369,365,681,
394,387,384,7,-1,-246,380,374,369,365,681,
393,386,385,7,0,-246,380,374,369,365,681,
394,387,384,7,-1,-247,379,374,369,365,681,
393,387,385,6,-1,-245,380,374,369,365,681,
393,386,385,7,-1,-247,380,374,369,365,681,
393,387,385,6,-1,-246,380,374,369,365,681,
393,386,385,7,-1,-246,380,374,369,365,680,
393,386,384,7,-1,-247,379,374,369,365,681,
393,386,384,6,-2,-247,379,374,369,365,680,
393,386,384,6,-1,-249,380,374,369,365,681,
393,387,385,7,-1,-246,380,374,369,365,681,
393,387,385,7,0,-248,380,375,370,366,681,
396,388,385,-24,-6,-267,382,378,373,370,678,
392,390,384,-28,-14,-380,378,372,369,365,685,
389,398,383,-84,-1,-512,376,369,365,361,686,
394,405,381,-85,-2,-454,375,369,364,360,686,
394,407,380,13,72,-206,376,371,365,362,733,
393,407,379,-23,-5,-246,377,374,368,365,746,
393,411,378,-87,-87,-384,375,373,368,365,758,
393,414,375,-101,-92,-306,372,370,366,363,763,
388,416,374,-64,-152,-314,370,367,364,361,759,
382,419,374,-41,-175,-284,369,365,361,358,746,
378,419,376,64,-265,-151,369,363,357,354,730,
385,415,379,82,-312,10,368,359,348,346,728,
400,406,381,62,-350,14,375,366,358,351,738,
413,398,382,37,-373,-47,376,368,361,355,746,
421,394,382,31,-366,-99,378,371,365,360,762,
420,391,383,31,-337,-116,378,372,366,362,767,
414,388,384,24,-304,-105,379,373,367,363,772,
406,385,386,9,-261,-106,380,374,369,365,776,
399,385,386,2,-253,-124,381,375,370,366,776,
394,385,386,10,-216,-112,381,376,370,366,776,
391,385,386,0,-185,-113,382,376,371,367,775,
389,386,387,2,-169,-110,382,377,371,367,775,
388,388,388,2,-159,-117,383,377,372,368,775,
389,389,388,7,-146,-124,383,378,373,369,776,
391,390,388,13,-129,-116,383,378,372,369,775,
394,392,389,14,-128,-115,384,378,373,369,774,
398,394,391,8,-133,-117,385,379,373,369,773,
399,397,391,8,-136,-140,386,380,375,371,774,
400,399,392,7,-134,-157,387,381,376,371,773,
398,403,393,12,-126,-170,388,382,377,372,773,
394,406,394,5,-124,-177,388,383,377,373,770,
389,408,395,0,-126,-172,389,384,378,373,769,
383,410,396,-15,-128,-167,390,384,378,374,767,
377,412,397,-21,-139,-155,391,385,379,375,768,
372,413,398,-25,-147,-146,392,386,380,375,767,
368,412,399,-29,-154,-139,394,387,381,376,766,
364,413,401,-33,-167,-145,395,389,383,378,767,
360,412,402,-40,-177,-126,396,390,383,379,765,
358,410,404,-48,-190,-122,398,391,385,380,766,
356,408,405,-55,-190,-99,399,392,386,381,765,
355,406,405,-62,-202,-99,400,393,387,382,768,
355,403,406,-61,-211,-99,400,394,388,383,767,
353,401,405,-72,-226,-103,400,395,389,384,768,
350,399,405,-75,-240,-118,401,395,390,385,770,
346,397,405,-73,-248,-133,400,395,390,386,771,
343,396,405,-79,-252,-136,400,394,389,385,771,
344,396,403,-83,-268,-131,399,394,389,385,770,
347,395,403,-77,-278,-126,398,393,388,384,769,
352,394,401,-79,-275,-124,397,392,387,384,769,
358,394,400,-82,-270,-118,396,391,386,383,767,
365,393,398,-82,-267,-98,393,389,384,381,765,
371,392,396,-72,-263,-85,391,387,382,379,763,
376,391,394,-70,-260,-90,390,385,381,377,763,
378,390,393,-63,-249,-98,388,384,379,376,762,
377,389,391,-65,-227,-101,387,382,378,374,760,
376,388,390,-69,-212,-99,386,381,376,373,760,
373,387,388,-65,-186,-97,384,380,375,371,761,
371,387,388,-62,-167,-83,383,378,373,370,761,
372,386,387,-58,-154,-75,382,377,372,369,760,
373,385,385,-57,-152,-75,381,376,371,368,760,
376,385,384,-48,-149,-83,380,375,371,367,759,
379,386,383,-51,-145,-95,379,374,370,366,760,
381,386,382,-51,-135,-108,378,373,369,365,762,
384,387,381,-62,-138,-124,377,372,368,365,763,
387,389,379,-74,-134,-122,375,371,366,363,763,
391,390,377,-82,-148,-124,373,369,365,361,761,
395,391,374,-75,-168,-127,371,367,363,360,760,
399,392,372,-69,-207,-120,368,364,360,357,757,
403,390,371,-66,-233,-123,367,363,359,356,759,
405,390,371,-37,-286,-143,367,363,359,355,761,
403,392,371,-37,-334,-190,367,363,358,355,762,
399,392,372,-39,-332,-173,367,362,357,354,762,
396,393,372,-54,-311,-127,367,361,356,353,763,
395,391,372,-53,-308,-110,367,361,356,352,761,
395,388,372,-44,-313,-104,367,361,356,352,763,
395,387,373,-34,-317,-108,368,362,356,352,764,
396,385,374,-19,-312,-113,368,363,357,353,766,
396,384,376,-10,-281,-114,370,364,358,354,767,
399,383,377,-19,-257,-107,371,365,359,355,768,
402,382,378,-25,-229,-101,372,366,360,356,768,
405,380,378,-35,-215,-94,373,367,361,356,767,
410,379,380,-34,-198,-101,374,368,362,358,767,
415,378,381,-24,-191,-106,375,369,363,359,767,
421,379,382,-11,-184,-111,376,370,364,360,767,
430,380,383,0,-188,-117,378,372,366,361,765,
442,382,385,6,-190,-111,380,373,367,363,767,
453,383,387,-13,-205,-101,381,375,369,364,767,
461,385,387,-25,-214,-100,382,376,370,365,765,
465,387,387,-47,-229,-104,382,376,370,365,761,
466,388,386,-63,-239,-87,381,375,369,365,760,
463,389,385,-66,-259,-59,380,375,369,365,758,
457,386,382,-83,-272,-58,378,373,368,364,756,
447,384,381,-81,-281,-33,376,371,366,362,755,
437,380,381,-68,-284,-18,376,370,365,361,755,
427,376,381,-49,-287,-4,376,370,365,361,754,
419,371,381,-31,-294,-4,376,371,365,361,752,
413,368,383,-24,-290,-12,378,372,366,362,754,
409,367,384,-26,-271,-37,378,373,367,363,756,
407,365,383,-31,-252,-49,378,373,368,364,760,
407,365,383,-36,-228,-59,378,373,368,364,760,
409,366,383,-44,-211,-64,378,373,368,364,763,
412,367,382,-43,-197,-53,378,372,367,364,763,
415,367,382,-54,-197,-54,377,372,367,363,761,
418,367,381,-62,-194,-57,376,371,366,363,760,
420,368,380,-63,-189,-59,375,370,365,362,760,
421,370,379,-64,-192,-64,375,370,365,361,759,
421,370,378,-57,-180,-61,373,369,364,360,758,
422,370,378,-51,-181,-65,373,368,363,360,759,
422,371,377,-39,-198,-79,373,368,363,359,758,
421,371,378,-32,-218,-83,373,368,363,359,760,
421,371,379,-9,-257,-84,374,369,364,360,761,
422,372,380,-3,-304,-95,375,370,365,361,763,
421,374,381,-31,-388,-134,376,371,365,361,762,
417,375,382,-25,-402,-127,376,371,365,361,764,
412,376,382,-27,-388,-113,377,371,365,361,764,
404,376,382,-32,-363,-103,377,371,366,361,764,
396,377,382,-38,-345,-103,377,371,366,361,762,
388,378,381,-29,-307,-104,376,371,366,361,761,
381,379,381,-22,-279,-105,376,371,366,361,759,
375,380,381,-23,-242,-84,376,370,365,361,758,
372,381,381,-18,-213,-67,376,370,365,361,758,
372,381,381,-19,-202,-59,376,370,365,361,757,
373,381,380,-19,-205,-42,375,370,364,360,755,
377,382,379,-25,-211,-38,374,369,364,360,755,
381,381,379,-27,-227,-43,374,369,364,360,754,
386,382,379,-29,-238,-44,374,369,364,360,753,
389,381,377,-38,-259,-44,372,368,363,359,752,
392,379,377,-36,-263,-45,372,367,362,358,751,
395,381,376,-32,-255,-53,371,367,362,358,748,
397,380,375,-35,-241,-57,371,366,361,357,743,
399,380,375,-38,-231,-62,370,365,360,356,727,
400,381,375,-47,-219,-58,369,364,359,355,721,
402,381,374,-46,-218,-58,369,364,359,355,723,
405,382,373,-40,-222,-66,368,364,359,355,726,
408,384,373,-39,-235,-78,368,364,359,355,732,
409,384,372,-40,-240,-98,368,363,359,355,733,
411,386,372,-32,-252,-86,367,362,357,354,732,
412,387,371,-45,-250,-65,366,361,356,353,730,
412,386,370,-51,-247,-58,365,360,355,352,732,
413,386,370,-64,-246,-48,365,360,354,351,734,
414,385,368,-71,-227,-17,363,358,353,350,738,
417,384,366,-82,-208,-7,362,357,353,349,746,
421,382,365,-59,-194,-20,361,356,352,349,755,
429,382,364,-27,-196,-24,360,356,352,349,762,
438,381,365,-16,-200,-62,361,356,352,349,765,
448,382,366,-24,-215,-91,361,356,352,349,766,
455,383,366,-42,-217,-108,361,356,352,348,766,
457,384,366,-45,-235,-104,361,356,351,348,767,
458,384,366,-38,-244,-85,361,355,350,347,769,
456,383,367,-47,-247,-64,361,355,350,346,770,
450,380,367,-36,-248,-59,362,356,350,346,770,
444,379,369,2,-242,-54,363,357,351,347,770,
438,378,371,15,-241,-56,365,359,353,348,771,
432,377,373,18,-252,-77,368,361,355,350,770,
425,379,375,13,-259,-96,370,363,357,352,770,
417,380,378,13,-273,-116,372,365,359,354,771,
409,383,379,1,-276,-123,373,367,361,356,772,
400,385,379,1,-283,-124,374,368,362,357,777,
394,387,380,8,-293,-104,374,369,363,359,783,
388,389,380,-1,-293,-81,375,369,363,359,784,
385,390,381,18,-280,-50,375,369,363,359,786,
375,378,382,35,-512,34,371,363,351,350,791,
371,382,382,67,-264,-29,380,375,371,363,792,
375,382,384,42,-207,-24,377,370,363,360,793,
376,384,384,31,-204,-42,379,373,367,362,793,
378,381,384,-19,-159,-86,378,372,366,362,792,
376,381,385,-5,-228,-25,379,373,366,362,791,
373,380,384,5,-227,-41,379,373,368,363,789,
372,378,384,5,-231,-33,379,373,368,363,783,
372,377,384,15,-225,-32,378,373,367,363,770,
374,376,383,13,-227,-40,378,373,367,363,752,
375,376,384,7,-218,-46,378,373,367,363,734,
375,374,383,6,-211,-43,378,373,367,363,720,
376,373,383,17,-205,-55,378,373,368,363,714,
378,372,384,28,-197,-74,379,373,368,364,711,
382,371,384,34,-190,-92,379,374,369,364,713,
385,371,384,28,-186,-110,380,374,369,365,711,
387,371,385,17,-181,-132,380,375,370,365,702,
389,371,386,12,-176,-170,381,375,371,366,699,
388,371,386,14,-183,-192,381,376,371,367,696,
387,372,386,14,-175,-251,382,377,373,368,689,
383,374,385,11,-183,-283,381,377,373,369,688,
379,376,386,9,-176,-249,380,375,370,367,687,
374,378,385,5,-174,-226,380,374,368,365,687,
375,377,386,17,-167,-179,381,375,370,365,687,
380,379,386,0,-169,-242,381,376,371,366,689,
380,379,385,7,-145,-221,380,375,369,365,688,
382,378,385,5,-150,-58,377,371,362,359,685,
380,375,385,4,-133,-44,379,372,365,361,684,
393,364,385,197,-355,-11,387,385,385,375,669,
372,371,386,-125,-55,-339,380,376,373,371,673,
386,375,386,38,-97,-338,382,377,374,370,675,
378,379,387,4,-135,-360,382,378,373,370,677,
381,383,386,7,-123,-309,381,376,371,367,677,
381,385,387,3,-128,-251,381,375,369,365,677,
380,385,386,4,-125,-187,381,375,369,364,676,
380,383,386,13,-109,-136,380,374,368,364,676,
381,381,386,17,-108,-134,381,375,369,364,677,
380,378,387,12,-88,-164,381,376,370,365,677,
381,376,387,10,-73,-175,382,376,371,366,678,
381,374,387,9,-62,-185,382,376,371,367,677,
380,373,387,4,-62,-197,382,376,371,367,676,
381,372,386,7,-52,-209,382,376,371,367,677,
380,371,386,4,-65,-225,382,377,372,367,677,
381,372,387,11,-56,-248,382,377,372,368,678,
381,373,387,13,-52,-266,382,377,373,368,678,
381,374,387,11,-36,-283,382,377,372,368,678,
381,375,387,3,-24,-287,382,377,372,368,678,
381,377,387,3,-19,-285,382,377,372,368,679,
381,379,386,0,-20,-286,382,377,371,367,679,
381,379,386,-7,-17,-272,381,376,371,367,679,
382,380,386,-12,-8,-266,381,376,371,367,679,
381,382,385,-18,-4,-274,381,376,371,367,680,
381,382,385,-20,0,-267,381,376,371,367,679,
380,389,383,-192,-9,-424,383,380,377,371,669,
382,391,384,-64,-2,-244,373,366,360,359,675,
382,388,384,-1,2,-144,378,371,364,360,679,
376,388,384,31,4,-307,382,377,373,367,674,
386,390,386,9,6,-221,379,372,367,363,677,
378,389,384,-129,-10,-204,380,374,368,364,680,
380,389,386,66,-1,-227,382,376,371,366,678,
381,389,385,0,-9,-218,380,375,370,366,681,
383,390,386,30,-1,-256,380,374,369,365,678,
381,390,385,-17,-8,-220,379,374,368,364,680,
380,389,385,26,-1,-265,381,376,371,366,679,
381,388,386,21,0,-242,380,375,370,366,682,
382,390,385,16,-2,-258,380,375,370,366,678,
382,389,386,-8,-2,-235,380,374,368,365,681,
381,389,385,30,1,-266,381,376,371,366,678,
381,389,385,29,-2,-244,381,376,371,366,681,
382,390,385,12,-4,-239,380,375,369,365,681,
381,390,385,11,-6,-246,380,375,370,366,681,
382,389,386,5,-10,-244,380,375,370,366,682,
382,389,386,8,-12,-248,381,375,370,366,682,
382,389,385,9,-2,-249,380,375,370,366,682,
382,389,385,2,5,-242,380,375,369,365,682,
382,388,384,7,6,-249,380,375,369,365,682,
382,389,385,7,3,-247,380,375,370,365,682,
382,389,385,7,3,-248,380,375,370,365,682,
382,389,386,7,3,-245,381,375,370,365,683,
381,389,385,6,3,-247,380,375,370,366,682,
382,389,385,5,1,-247,380,375,370,366,682,
382,389,385,11,-6,-248,380,375,370,366,683,
381,389,385,8,-16,-247,380,375,370,365,682,
382,388,385,9,-16,-247,380,375,370,365,683,
382,389,385,7,-12,-246,380,375,370,365,682,
382,389,386,9,-1,-247,380,375,370,365,683,
382,388,385,7,4,-245,380,375,369,365,682,
382,389,385,7,4,-245,380,375,369,365,683,
382,388,385,6,2,-246,380,375,370,365,683,
382,389,385,10,-3,-248,380,375,370,365,683,
382,389,385,7,-8,-244,380,375,370,365,682,
382,389,385,8,-10,-247,380,375,370,365,683,
382,389,385,8,-7,-247,380,375,370,366,683,
382,389,385,7,-2,-248,380,375,370,366,683,
382,388,386,6,0,-246,380,375,370,366,684,
382,389,385,7,0,-247,380,375,370,365,683,
382,389,385,8,-2,-246,380,375,370,365,683,
382,389,385,6,-5,-247,380,375,370,366,683,
382,388,385,7,-6,-248,380,375,369,365,682,
382,389,385,6,-4,-247,380,374,369,365,684,
382,388,385,7,-2,-248,380,374,369,365,683,
382,389,385,7,-1,-247,380,375,369,365,684,
382,389,385,7,-3,-247,380,375,369,365,683,
382,389,385,7,-4,-248,380,375,369,365,683,
382,389,385,6,-3,-247,380,375,369,365,684,
382,389,385,8,-3,-246,380,375,369,365,684,
382,389,385,6,-1,-244,380,375,369,365,683,
382,389,385,8,-3,-245,380,375,369,365,683,
382,388,385,7,-4,-245,380,375,369,365,682,
382,388,385,7,-3,-247,380,375,370,365,683,
382,389,385,6,-2,-246,380,375,369,365,684,
382,389,385,6,-1,-246,380,375,369,365,684,
382,389,385,7,-3,-247,380,374,369,365,683,
382,388,385,8,-3,-247,380,374,369,365,684,
382,389,385,6,-2,-246,380,375,369,365,684,
382,389,385,6,-3,-247,380,375,369,365,684,
383,389,385,8,-2,-247,380,374,369,365,684,
382,388,385,7,-2,-244,380,374,369,365,684,
382,388,385,8,-3,-246,380,374,369,365,683,
382,388,385,8,-2,-247,380,374,369,365,684,
382,388,385,8,-2,-248,380,374,369,365,684,
382,389,385,8,-3,-247,380,374,369,365,683,
382,388,384,7,-3,-247,380,375,369,365,683,
382,389,385,8,-3,-248,380,375,369,365,683,
382,389,385,7,-2,-248,380,375,369,365,683,
382,389,385,8,-3,-246,380,375,369,365,683,
382,389,385,5,-3,-246,380,375,370,365,683,
383,388,385,8,-3,-246,380,375,370,365,684,
382,388,385,7,-3,-246,380,375,370,365,684,
382,388,385,7,-4,-246,380,375,370,365,684,
382,389,385,8,-2,-247,380,375,370,365,684,
382,388,385,8,-3,-248,380,375,369,365,684,
383,388,385,7,-3,-247,380,375,369,365,684,
382,389,385,6,-3,-246,380,375,369,365,684,
383,388,384,8,-2,-246,380,374,369,365,682,
383,388,385,8,-3,-245,380,374,369,365,684,
383,389,385,9,-4,-246,380,374,369,365,684,
383,388,385,7,-1,-246,380,374,369,365,684,
382,388,385,7,-2,-248,380,374,369,365,684,
382,389,384,6,-2,-244,380,374,369,365,684,
382,389,385,8,-4,-246,380,375,369,365,683,
382,389,385,6,-3,-247,380,375,369,365,683,
382,388,385,6,-3,-245,380,375,369,365,684,
382,388,385,6,-4,-246,380,375,369,365,683,
383,388,385,7,-3,-247,380,375,369,365,684,
382,389,385,6,-2,-247,380,375,369,365,684,
382,388,385,7,-2,-247,380,375,369,365,684,
383,388,385,8,-3,-247,380,375,369,365,684,
383,388,385,7,-4,-247,380,375,369,365,684,
383,389,385,7,-4,-247,380,375,369,365,684,
383,388,385,8,-2,-248,380,375,369,365,684,
383,388,385,7,-3,-247,380,375,369,365,684,
382,388,385,7,-3,-246,380,375,369,365,684,
382,388,384,7,-3,-247,379,374,369,365,685,
383,389,385,6,-3,-245,380,374,369,365,684,
383,389,385,8,-4,-246,380,374,369,365,685,
382,389,384,7,-3,-248,379,374,369,365,685,
382,388,385,6,-3,-245,379,374,369,365,685,
383,388,385,6,-3,-246,380,374,369,365,684,
383,389,386,7,-3,-245,380,375,369,365,685,
383,388,385,6,-2,-246,380,375,369,365,685,
382,388,385,7,-1,-247,380,374,369,365,685,
383,388,385,8,-3,-247,380,375,369,365,685,
383,388,385,7,-3,-247,380,374,369,365,685,
383,388,385,8,-2,-248,380,374,369,365,685,
382,388,385,8,-2,-246,380,375,369,365,684,
382,388,385,7,-3,-248,380,375,369,365,685,
383,389,384,8,-4,-245,379,374,369,365,684,
383,387,385,8,-3,-247,380,374,369,365,685,
383,388,385,7,-2,-246,380,374,369,365,684,
383,388,385,5,-2,-247,380,375,369,365,686,
382,388,385,8,-2,-248,380,374,369,365,685,
383,388,385,6,-3,-246,380,374,369,365,685,
383,388,385,7,-3,-247,380,374,369,365,685,
383,389,384,8,-3,-247,379,374,369,365,686,
383,388,385,7,-3,-246,380,374,369,365,686,
383,388,385,8,-5,-247,380,374,369,365,684,
383,388,385,9,-3,-247,380,374,369,365,686,
383,389,385,6,-3,-247,380,374,369,365,686,
383,388,385,7,-3,-248,380,374,369,365,686,
383,389,385,9,-3,-246,380,374,369,365,686,
382,388,384,6,-2,-247,380,374,369,365,687,
383,388,385,7,-3,-247,380,374,369,365,686,
383,388,385,7,-2,-247,380,374,369,365,686,
383,387,384,7,-3,-247,380,374,369,365,686,
383,388,384,7,-3,-247,380,374,369,365,685,
383,388,385,6,-3,-248,380,374,369,365,686,
383,388,385,7,-3,-248,380,374,369,365,686,
383,388,385,7,-2,-245,380,374,369,365,686,
383,388,384,6,-3,-248,380,374,369,365,686,
383,388,385,7,-2,-244,380,374,369,365,686,
383,389,384,7,-3,-246,379,374,369,365,686,
383,388,384,7,-3,-246,379,374,369,365,686,
383,388,385,7,-3,-245,379,374,369,365,687,
383,388,385,7,-2,-246,380,374,369,365,687,
383,388,385,7,-2,-249,380,374,369,365,687,
383,388,384,7,-3,-246,380,374,369,365,687,
383,388,385,7,-3,-248,380,374,369,365,687,
383,388,385,9,-3,-247,380,374,369,365,687,
383,388,384,7,-2,-247,379,374,369,365,687,
383,389,385,8,-2,-246,380,374,369,365,687,
383,388,384,7,-3,-247,379,374,369,365,687,
383,388,384,7,-2,-246,379,374,368,364,687,
383,388,384,6,-3,-246,380,374,369,365,688,
383,388,384,7,-3,-247,380,374,369,365,687,
383,388,384,7,-4,-246,380,374,369,365,688,
383,388,384,8,-3,-247,380,374,369,365,688,
383,388,384,7,-2,-247,380,374,369,365,688,
383,388,384,7,-2,-247,379,374,369,365,688,
383,388,385,8,-4,-246,380,374,369,365,689,
383,389,385,8,-3,-246,380,374,369,365,688,
383,389,385,6,-3,-246,380,374,369,365,688,
383,389,385,6,-4,-246,380,374,369,365,688,
383,389,384,7,-4,-246,379,374,369,365,688,
383,388,384,8,-4,-245,379,374,369,365,688,
383,388,384,7,-3,-250,379,374,369,365,689,
383,388,384,7,-2,-247,379,374,369,365,688,
383,388,385,8,-3,-248,380,374,369,365,688,
383,387,384,8,-3,-247,380,374,369,365,689,
383,388,384,9,-3,-246,379,374,369,365,688,
383,389,385,8,-3,-245,379,374,369,365,688,
383,389,384,8,-2,-245,379,374,369,365,688,
383,388,385,8,-3,-248,379,374,369,365,688,
383,388,384,8,-4,-246,379,374,369,365,688,
383,388,384,8,-4,-247,379,374,369,365,688,
383,388,384,8,-4,-245,380,374,369,365,688,
383,389,385,8,-3,-245,380,374,369,365,688,
383,388,385,6,-3,-246,380,374,369,365,688,
383,388,384,8,-2,-247,380,374,369,365,688,
383,388,384,7,-4,-246,379,374,369,365,688,
383,388,384,7,-3,-247,380,374,369,365,688,
383,388,385,7,-2,-249,380,374,369,365,688,
383,388,385,8,-3,-247,379,374,369,365,689,
383,388,385,8,-2,-246,379,374,369,365,688,
383,388,384,6,-3,-246,379,374,369,365,688,
383,387,384,7,-4,-246,379,374,369,365,689,
383,388,384,9,-3,-247,379,374,369,365,689,
383,388,384,7,-3,-247,379,374,369,365,689,
383,387,384,8,-5,-246,379,374,369,365,689,
383,388,384,8,-3,-248,380,374,369,365,689,
383,388,384,8,-3,-247,379,374,369,365,688,
383,387,385,7,-3,-247,379,374,369,365,689,
383,388,384,8,-3,-246,379,374,369,365,689,
383,388,384,7,-3,-246,379,374,369,365,689,
383,387,385,8,-3,-246,380,374,369,365,689,
384,388,385,8,-2,-247,380,374,369,365,689,
383,389,385,7,-3,-248,380,374,369,365,689,
384,388,385,7,-3,-245,380,374,369,365,689,
383,388,384,6,-3,-244,379,374,369,365,689,
383,388,384,7,-3,-247,379,374,369,365,689,
383,388,384,8,-4,-246,379,374,369,365,689,
383,388,384,6,-3,-246,379,374,369,365,689,
383,388,384,7,-3,-248,379,374,369,365,689,
383,388,384,9,-3,-246,379,374,369,365,689,
384,388,384,7,-1,-247,379,374,369,365,689,
383,387,385,7,-3,-247,379,374,369,365,689,
383,388,385,7,-3,-246,379,374,369,365,690,
383,388,385,7,-3,-248,380,374,369,365,689,
384,387,384,7,-4,-246,379,374,369,365,689,
383,389,385,6,-2,-245,380,374,369,365,689,
383,388,385,7,-2,-246,380,374,369,365,689,
383,388,384,8,-2,-248,379,374,369,365,689,
383,388,384,7,-3,-247,380,374,369,365,689,
383,388,385,7,-4,-245,380,374,369,365,690,
383,387,384,8,-4,-248,380,374,369,365,690,
383,387,385,8,-3,-246,380,374,369,365,690,
383,388,384,7,-3,-246,379,374,369,365,690,
383,388,384,7,-5,-248,379,374,369,365,689,
383,388,384,7,-4,-247,379,374,369,365,690,
384,387,385,7,-4,-247,379,374,369,365,690,
383,388,384,8,-3,-246,379,374,369,365,689,
383,388,385,8,-3,-246,379,374,369,365,690,
383,388,384,8,-1,-248,379,374,369,365,689,
383,388,384,8,-2,-246,379,374,369,365,690,
383,388,384,8,-2,-245,379,374,369,365,690,
383,388,384,6,-2,-247,379,374,369,365,690,
383,388,384,6,-2,-246,379,374,368,364,689,
383,388,384,8,-3,-245,379,374,368,364,690,
383,388,384,9,-3,-247,379,374,368,364,690,
384,388,384,8,-3,-246,379,374,369,364,690,
383,387,384,7,-4,-245,379,374,369,364,689,
384,387,384,6,-2,-248,379,374,369,364,690,
384,388,384,7,-3,-246,379,374,369,365,690,
383,388,384,8,-4,-248,379,374,369,365,691,
384,387,384,8,-3,-247,380,374,369,365,691,
383,388,384,7,-3,-248,380,374,369,365,691,
383,388,384,8,-2,-245,379,374,369,365,690,
383,388,384,8,-2,-246,379,374,369,365,691,
384,387,384,7,-5,-248,379,374,369,364,690,
383,388,384,8,-3,-246,379,374,369,365,691,
383,388,384,7,-5,-246,379,374,369,365,691,
384,388,385,7,-2,-247,379,374,369,365,691,
384,388,384,7,-2,-247,379,374,369,365,691,
383,388,384,8,-4,-245,379,374,369,365,690,
383,387,384,8,-4,-248,379,374,369,365,691,
384,387,385,7,-3,-247,380,374,369,365,691,
384,388,384,7,-3,-246,380,374,369,365,691,
383,387,384,7,-2,-247,379,374,369,365,691,
383,388,384,8,-2,-246,379,374,369,365,691,
383,388,384,7,-2,-246,379,374,369,365,690,
384,388,384,7,-1,-248,379,374,369,365,691,
383,388,384,8,-4,-248,379,374,369,365,691,
384,388,384,8,-5,-248,379,374,369,365,691,
383,388,384,9,-2,-248,379,374,369,365,691,
383,387,384,7,-3,-246,379,374,369,365,691,
384,388,384,7,-4,-248,379,374,369,365,691,
383,388,385,7,-2,-247,379,374,369,365,690,
383,388,384,8,-2,-246,379,374,369,365,690,
384,387,385,7,-2,-246,379,374,369,365,691,
384,388,384,8,-3,-246,379,374,369,365,691,
384,388,384,6,-4,-244,379,374,369,365,691,
384,388,384,7,-3,-248,379,374,369,365,691,
384,389,384,7,-2,-247,379,374,369,364,690,
384,388,384,7,-3,-247,379,374,369,364,691,
384,388,384,8,-3,-248,379,374,368,364,690,
384,388,385,8,-3,-246,379,374,369,364,691,
384,387,384,8,-3,-246,380,374,369,365,691,
384,388,384,8,-3,-245,379,374,369,365,691,
384,388,384,6,-3,-247,379,374,369,365,691,
384,388,384,7,-1,-246,379,374,369,365,691,
384,388,384,9,-4,-246,379,374,369,365,691,
383,388,384,8,-4,-245,380,375,369,365,691,
383,389,384,7,-3,-245,380,375,370,366,691,
383,387,384,7,-5,-246,381,376,371,367,691,
384,388,385,8,-3,-248,380,375,370,366,692,
376,389,384,5,-12,-245,339,317,325,330,841,
390,390,385,32,403,124,410,410,376,375,876,
382,390,384,207,-35,-512,386,391,375,371,926,
384,389,383,132,-464,102,392,398,407,399,933,
388,387,384,-161,-246,-108,376,375,373,376,938,
381,386,383,65,-274,-172,377,373,376,378,937,
382,389,383,-6,-201,-29,372,366,362,361,937,
384,387,384,188,-146,-14,388,385,379,374,937,
386,390,383,165,-76,162,403,422,388,378,940,
387,388,384,-59,-89,153,349,357,377,383,934,
385,391,384,68,-155,-1,369,357,348,357,937,
377,386,383,-210,2,-262,384,375,384,372,935,
381,393,385,65,-275,511,363,347,324,329,931,
384,383,381,5,39,-160,388,384,385,371,928,
391,386,382,84,23,-28,369,360,354,352,924,
384,388,382,225,128,355,385,377,372,362,924,
381,387,380,-93,-107,-109,379,379,375,375,923,
381,388,380,74,-73,-512,382,383,379,376,923,
379,388,381,132,-69,-435,374,369,369,364,911,
381,389,381,132,-103,-260,372,366,354,350,917,
388,381,382,38,-78,393,375,367,362,361,916,
387,385,380,198,59,-512,383,383,382,375,923,
389,388,382,9,92,-298,375,370,366,365,923,
389,387,382,-58,39,-247,380,378,375,372,926,
385,388,382,56,171,-47,392,392,380,374,922,
385,389,383,-74,66,511,371,369,369,366,910,
385,392,384,-24,50,-209,383,373,371,365,908,
387,389,383,10,16,8,370,361,358,355,920,
391,391,384,-56,-28,-81,371,361,349,347,927,
386,388,385,-94,133,-283,376,363,362,356,925,
384,388,386,69,147,-233,374,361,354,350,924,
384,388,385,-48,99,-187,381,372,366,359,927,
383,389,386,50,-40,-253,379,372,361,358,927,
383,387,385,51,-86,-344,381,374,372,364,929,
383,388,385,-28,-91,-244,383,379,369,366,930,
386,387,385,-45,-21,-88,374,367,362,359,929,
390,389,386,154,-60,-512,385,380,373,368,929,
386,390,386,14,-25,-331,387,382,375,368,930,
385,387,387,68,42,-123,376,370,367,366,929,
381,387,385,-101,96,-427,382,379,375,369,928,
382,389,386,-4,-50,25,382,380,370,365,927,
383,388,385,36,4,-512,387,379,375,372,922,
385,389,385,22,50,64,376,376,370,370,920,
386,389,386,-38,56,-512,376,367,361,357,923,
384,387,385,-77,95,-507,380,372,367,364,926,
385,388,386,-28,37,211,385,380,372,366,931,
389,389,386,-19,-2,-214,383,380,379,375,936,
387,388,387,132,-4,-386,381,379,377,376,939,
383,389,387,146,-157,-166,382,372,369,366,940,
379,387,387,144,-298,-436,381,376,372,367,936,
373,386,387,63,-225,-204,383,379,374,368,933,
379,385,386,-35,-300,203,374,367,365,362,916,
379,386,386,-52,58,-146,368,351,347,340,867,
385,388,386,2,133,48,379,363,354,342,724,
381,387,386,-37,-8,-70,398,398,378,372,687,
396,393,384,-71,-21,-91,373,367,360,355,673,
385,384,381,232,511,-402,401,403,392,386,844,
383,387,383,-286,123,-355,378,389,389,392,893,
394,391,386,23,23,-416,371,364,371,371,900,
385,386,386,-8,-68,-334,384,378,378,376,905,
380,388,386,-42,-7,-232,380,375,373,374,907,
388,390,386,111,16,102,384,384,372,374,907,
388,389,388,24,-59,-473,383,377,376,373,912,
389,388,387,-36,60,-512,385,377,377,370,913,
382,389,387,13,-82,261,373,362,355,352,915,
380,388,387,15,69,-429,386,378,372,366,917,
382,389,386,-21,-31,-237,386,384,373,369,917,
381,387,386,19,-42,-282,378,371,368,362,917,
385,391,386,-49,-36,108,376,367,363,358,916,
383,386,385,88,-36,252,374,362,358,359,917,
385,389,386,32,-42,45,387,380,373,362,917,
386,389,386,14,-80,496,380,376,372,369,917,
387,387,386,114,-144,-191,375,363,363,359,914,
385,385,387,-67,-94,-309,387,376,369,363,917,
381,388,386,-51,-82,226,386,382,375,371,918,
379,388,387,-83,-163,-225,385,379,368,363,914,
381,385,387,138,-255,272,388,392,385,379,904,
377,383,384,-82,223,-131,381,379,377,370,864,
389,418,376,-153,511,-512,374,368,368,361,860,
382,460,387,511,511,-512,373,364,361,360,849,
319,503,418,511,511,-512,397,379,364,360,832,
369,532,446,233,59,462,362,304,237,258,694,
308,446,465,21,511,368,448,411,373,329,668,
289,429,468,-136,444,-244,484,470,462,424,662,
257,385,458,-512,-496,511,417,393,339,356,657,
324,361,445,-228,-365,45,469,468,471,437,654,
310,338,445,-89,69,350,443,444,447,433,642,
307,314,437,102,407,511,398,380,343,365,655,
367,295,434,112,511,511,425,408,387,377,694,
423,284,440,164,511,511,433,420,405,390,637,
442,299,448,94,511,418,446,438,432,415,641,
422,330,452,135,511,282,440,429,420,414,641,
